#                                                               --- full sequence ---- --- best 1 domain ---- --- domain number estimation ----
# target name        accession  query name           accession    E-value  score  bias   E-value  score  bias   exp reg clu  ov env dom rep inc description of target
#------------------- ---------- -------------------- ---------- --------- ------ ----- --------- ------ -----   --- --- --- --- --- --- --- --- ---------------------
k141_556001_1        -          SERRATE_Ars2_N       PF12066.13       1.4   16.6   1.1       1.7   16.3   1.1   1.1   1   0   0   1   1   1   0 # 2 # 298 # -1 # ID=555861_1;partial=11;start_type=Edge;rbs_motif=None;rbs_spacer=None;gc_cont=0.347
k141_1829720_1       -          SERRATE_Ars2_N       PF12066.13       1.4   16.5   2.8       1.4   16.5   2.8   1.9   1   1   1   2   2   2   0 # 1 # 312 # 1 # ID=1756531_1;partial=11;start_type=Edge;rbs_motif=None;rbs_spacer=None;gc_cont=0.516
k141_2577585_2       -          SERRATE_Ars2_N       PF12066.13       2.4   15.8   5.6       2.4   15.8   5.6   1.7   2   0   0   2   2   2   0 # 811 # 1419 # -1 # ID=2504238_2;partial=00;start_type=ATG;rbs_motif=None;rbs_spacer=None;gc_cont=0.548
k141_2480931_2       -          SERRATE_Ars2_N       PF12066.13       2.5   15.7   0.5         3   15.5   0.5   1.2   1   0   0   1   1   1   0 # 286 # 522 # 1 # ID=2407605_2;partial=00;start_type=ATG;rbs_motif=None;rbs_spacer=None;gc_cont=0.464
k141_234511_2        -          SERRATE_Ars2_N       PF12066.13       3.1   15.4   0.1       3.4   15.3   0.1   1.1   1   0   0   1   1   1   0 # 189 # 398 # -1 # ID=234454_2;partial=01;start_type=Edge;rbs_motif=None;rbs_spacer=None;gc_cont=0.443
k141_2796590_1       -          SERRATE_Ars2_N       PF12066.13       3.2   15.4   0.9       3.8   15.1   0.9   1.2   1   0   0   1   1   1   0 # 3 # 191 # -1 # ID=2723209_1;partial=10;start_type=ATG;rbs_motif=None;rbs_spacer=None;gc_cont=0.360
k141_2688547_1       -          SERRATE_Ars2_N       PF12066.13       3.4   15.3   0.0       4.2   15.0   0.0   1.2   1   0   0   1   1   1   0 # 1 # 255 # 1 # ID=2615183_1;partial=10;start_type=Edge;rbs_motif=None;rbs_spacer=None;gc_cont=0.635
k141_290660_3        -          SERRATE_Ars2_N       PF12066.13       3.6   15.2   0.0        11   13.7   0.0   1.8   1   0   0   1   1   1   0 # 1540 # 3108 # 1 # ID=290582_3;partial=00;start_type=ATG;rbs_motif=None;rbs_spacer=None;gc_cont=0.354
k141_850169_1        -          SERRATE_Ars2_N       PF12066.13       3.7   15.2   1.1        33   12.1   0.2   2.1   2   0   0   2   2   2   0 # 3 # 365 # 1 # ID=849947_1;partial=11;start_type=Edge;rbs_motif=None;rbs_spacer=None;gc_cont=0.496
k141_1617171_1       -          SERRATE_Ars2_N       PF12066.13       4.2   15.0   0.3        12   13.5   0.2   1.9   1   1   1   2   2   2   0 # 1 # 309 # 1 # ID=1544031_1;partial=10;start_type=Edge;rbs_motif=None;rbs_spacer=None;gc_cont=0.447
k141_1152220_1       -          SERRATE_Ars2_N       PF12066.13       5.6   14.6   1.7   3.7e+03    5.6   0.1   3.0   1   1   2   3   3   3   0 # 1 # 219 # 1 # ID=1147797_1;partial=11;start_type=Edge;rbs_motif=None;rbs_spacer=None;gc_cont=0.174
k141_2529568_1       -          SERRATE_Ars2_N       PF12066.13       6.2   14.5   0.0       7.6   14.2   0.0   1.1   1   0   0   1   1   1   0 # 1 # 333 # 1 # ID=2456234_1;partial=11;start_type=Edge;rbs_motif=None;rbs_spacer=None;gc_cont=0.643
#
# Program:         hmmsearch
# Version:         3.2.1 (June 2018)
# Pipeline mode:   SEARCH
# Query file:      hmmdb/arsGenes/Ars2N-PF12066.hmm
# Target file:     JNS12_tmp/JNS12_proteins.faa
# Option settings: hmmsearch -o JNS12_tmp/JNS12_ars2N.txt --tblout JNS12_outputs/JNS12_ars2N_hmmer.out hmmdb/arsGenes/Ars2N-PF12066.hmm JNS12_tmp/JNS12_proteins.faa 
# Current dir:     /home/dell/ncbi/AsSb-cso
# Date:            Sat Mar 15 17:18:26 2025
# [ok]
