#                                                               --- full sequence ---- --- best 1 domain ---- --- domain number estimation ----
# target name        accession  query name           accession    E-value  score  bias   E-value  score  bias   exp reg clu  ov env dom rep inc description of target
#------------------- ---------- -------------------- ---------- --------- ------ ----- --------- ------ -----   --- --- --- --- --- --- --- --- ---------------------
k141_1872827_2       -          ArsD                 PF06953.17   1.3e-46  165.3   0.0   1.4e-46  165.2   0.0   1.0   1   0   0   1   1   1   1 # 863 # 1225 # 1 # ID=1799624_2;partial=00;start_type=ATG;rbs_motif=None;rbs_spacer=None;gc_cont=0.606
k141_707231_2        -          ArsD                 PF06953.17   3.9e-46  163.8   0.1   4.3e-46  163.7   0.1   1.0   1   0   0   1   1   1   1 # 351 # 713 # -1 # ID=707047_2;partial=00;start_type=ATG;rbs_motif=None;rbs_spacer=None;gc_cont=0.590
k141_1072255_2       -          ArsD                 PF06953.17   4.9e-44  157.0   0.1   5.5e-44  156.9   0.1   1.0   1   0   0   1   1   1   1 # 537 # 899 # -1 # ID=1071982_2;partial=00;start_type=ATG;rbs_motif=None;rbs_spacer=None;gc_cont=0.581
k141_439281_1        -          ArsD                 PF06953.17   1.9e-43  155.1   0.1   2.1e-43  155.0   0.1   1.0   1   0   0   1   1   1   1 # 63 # 431 # -1 # ID=439169_1;partial=00;start_type=ATG;rbs_motif=None;rbs_spacer=None;gc_cont=0.626
k141_1464692_2       -          ArsD                 PF06953.17   2.5e-43  154.8   0.0   2.7e-43  154.6   0.0   1.0   1   0   0   1   1   1   1 # 121 # 489 # 1 # ID=1404677_2;partial=00;start_type=ATG;rbs_motif=None;rbs_spacer=None;gc_cont=0.669
k141_2780383_1       -          ArsD                 PF06953.17   5.4e-41  147.2   2.7   1.5e-40  145.8   2.7   1.7   1   1   0   1   1   1   1 # 68 # 553 # 1 # ID=2707003_1;partial=00;start_type=ATG;rbs_motif=None;rbs_spacer=None;gc_cont=0.683
k141_2638311_1       -          ArsD                 PF06953.17   2.5e-40  145.1   0.0   2.7e-40  144.9   0.0   1.0   1   0   0   1   1   1   1 # 3 # 293 # -1 # ID=2564956_1;partial=10;start_type=ATG;rbs_motif=None;rbs_spacer=None;gc_cont=0.553
k141_2684310_1       -          ArsD                 PF06953.17   2.8e-39  141.7   0.0   3.2e-39  141.5   0.0   1.0   1   0   0   1   1   1   1 # 2 # 337 # 1 # ID=2610949_1;partial=11;start_type=Edge;rbs_motif=None;rbs_spacer=None;gc_cont=0.622
k141_2872702_2       -          ArsD                 PF06953.17   2.6e-38  138.5   0.0   2.8e-38  138.4   0.0   1.0   1   0   0   1   1   1   1 # 326 # 706 # -1 # ID=2799303_2;partial=00;start_type=ATG;rbs_motif=None;rbs_spacer=None;gc_cont=0.748
k141_2790155_1       -          ArsD                 PF06953.17   4.5e-38  137.8   0.0   7.4e-38  137.1   0.0   1.4   1   0   0   1   1   1   1 # 2 # 655 # -1 # ID=2716775_1;partial=11;start_type=Edge;rbs_motif=None;rbs_spacer=None;gc_cont=0.664
k141_2373501_2       -          ArsD                 PF06953.17   8.7e-37  133.6   0.0   9.5e-37  133.5   0.0   1.0   1   0   0   1   1   1   1 # 451 # 729 # 1 # ID=2300197_2;partial=01;start_type=ATG;rbs_motif=None;rbs_spacer=None;gc_cont=0.631
k141_2547350_2       -          ArsD                 PF06953.17   1.2e-36  133.2   1.1   1.3e-36  133.1   1.1   1.0   1   0   0   1   1   1   1 # 129 # 500 # -1 # ID=2474007_2;partial=00;start_type=ATG;rbs_motif=None;rbs_spacer=None;gc_cont=0.591
k141_1331608_1       -          ArsD                 PF06953.17   4.5e-35  128.1   0.0   5.1e-35  127.9   0.0   1.0   1   0   0   1   1   1   1 # 63 # 458 # -1 # ID=1306710_1;partial=01;start_type=Edge;rbs_motif=None;rbs_spacer=None;gc_cont=0.689
k141_897480_2        -          ArsD                 PF06953.17   1.1e-33  123.7   0.0   1.2e-33  123.5   0.0   1.0   1   0   0   1   1   1   1 # 290 # 610 # 1 # ID=897250_2;partial=01;start_type=ATG;rbs_motif=None;rbs_spacer=None;gc_cont=0.726
k141_732896_2        -          ArsD                 PF06953.17   3.5e-33  122.0   0.0   4.4e-33  121.6   0.0   1.0   1   0   0   1   1   1   1 # 328 # 750 # 1 # ID=732704_2;partial=00;start_type=ATG;rbs_motif=None;rbs_spacer=None;gc_cont=0.730
k141_2229050_1       -          ArsD                 PF06953.17   1.6e-31  116.6   0.0   1.8e-31  116.5   0.0   1.1   1   0   0   1   1   1   1 # 3 # 338 # -1 # ID=2155779_1;partial=11;start_type=Edge;rbs_motif=None;rbs_spacer=None;gc_cont=0.613
k141_1994348_1       -          ArsD                 PF06953.17   6.7e-30  111.4   0.0   8.8e-30  111.0   0.0   1.1   1   0   0   1   1   1   1 # 1 # 324 # -1 # ID=1921119_1;partial=11;start_type=Edge;rbs_motif=None;rbs_spacer=None;gc_cont=0.562
k141_1784828_1       -          ArsD                 PF06953.17   4.6e-29  108.7   0.0     5e-29  108.5   0.0   1.0   1   0   0   1   1   1   1 # 2 # 241 # -1 # ID=1711656_1;partial=10;start_type=TTG;rbs_motif=None;rbs_spacer=None;gc_cont=0.713
k141_1195265_2       -          ArsD                 PF06953.17   1.2e-27  104.1   0.0   1.3e-27  104.0   0.0   1.0   1   0   0   1   1   1   1 # 143 # 448 # -1 # ID=1187592_2;partial=01;start_type=Edge;rbs_motif=None;rbs_spacer=None;gc_cont=0.549
k141_1666590_2       -          ArsD                 PF06953.17   1.3e-26  100.7   0.0   1.7e-26  100.4   0.0   1.1   1   0   0   1   1   1   1 # 264 # 671 # -1 # ID=1593441_2;partial=01;start_type=Edge;rbs_motif=None;rbs_spacer=None;gc_cont=0.718
k141_2170640_2       -          ArsD                 PF06953.17     3e-25   96.4   0.0   3.5e-25   96.1   0.0   1.0   1   0   0   1   1   1   1 # 262 # 579 # 1 # ID=2097379_2;partial=01;start_type=ATG;rbs_motif=None;rbs_spacer=None;gc_cont=0.601
k141_562022_1        -          ArsD                 PF06953.17   5.2e-25   95.6   0.0   8.6e-25   94.9   0.0   1.3   1   1   0   1   1   1   1 # 8 # 400 # -1 # ID=561882_1;partial=01;start_type=Edge;rbs_motif=None;rbs_spacer=None;gc_cont=0.702
k141_2815311_1       -          ArsD                 PF06953.17   7.4e-23   88.6   0.0   1.2e-22   88.0   0.0   1.3   1   1   0   1   1   1   1 # 1 # 366 # 1 # ID=2741925_1;partial=10;start_type=Edge;rbs_motif=None;rbs_spacer=None;gc_cont=0.710
k141_869041_1        -          ArsD                 PF06953.17   8.7e-23   88.4   0.0   1.2e-22   88.0   0.0   1.2   1   0   0   1   1   1   1 # 1 # 333 # 1 # ID=868817_1;partial=11;start_type=Edge;rbs_motif=None;rbs_spacer=None;gc_cont=0.625
k141_1445165_1       -          ArsD                 PF06953.17   2.9e-21   83.5   0.0   3.1e-21   83.4   0.0   1.0   1   0   0   1   1   1   1 # 2 # 184 # -1 # ID=1392097_1;partial=10;start_type=GTG;rbs_motif=None;rbs_spacer=None;gc_cont=0.689
k141_223543_2        -          ArsD                 PF06953.17   1.9e-15   64.7   0.0   2.1e-15   64.6   0.0   1.0   1   0   0   1   1   1   1 # 456 # 599 # 1 # ID=223490_2;partial=01;start_type=ATG;rbs_motif=None;rbs_spacer=None;gc_cont=0.694
k141_1646679_1       -          ArsD                 PF06953.17   1.5e-14   61.8   0.1   1.6e-14   61.7   0.1   1.0   1   0   0   1   1   1   1 # 3 # 125 # -1 # ID=1573534_1;partial=10;start_type=ATG;rbs_motif=None;rbs_spacer=None;gc_cont=0.642
k141_2058375_2       -          ArsD                 PF06953.17   3.4e-12   54.2   0.2   3.5e-12   54.1   0.2   1.0   1   0   0   1   1   1   1 # 227 # 316 # 1 # ID=1985135_2;partial=01;start_type=ATG;rbs_motif=None;rbs_spacer=None;gc_cont=0.611
k141_1600200_2       -          ArsD                 PF06953.17   5.3e-12   53.6   0.1   5.4e-12   53.6   0.1   1.0   1   0   0   1   1   1   1 # 103 # 318 # -1 # ID=1527064_2;partial=01;start_type=Edge;rbs_motif=None;rbs_spacer=None;gc_cont=0.519
k141_571614_1        -          ArsD                 PF06953.17   1.7e-11   52.0   0.3   2.5e-11   51.4   0.2   1.3   1   1   0   1   1   1   1 # 3 # 359 # 1 # ID=571471_1;partial=11;start_type=Edge;rbs_motif=None;rbs_spacer=None;gc_cont=0.577
k141_1836878_1       -          ArsD                 PF06953.17   2.9e-10   47.9   0.2   3.1e-10   47.9   0.2   1.0   1   0   0   1   1   1   1 # 2 # 91 # -1 # ID=1763687_1;partial=10;start_type=ATG;rbs_motif=None;rbs_spacer=None;gc_cont=0.556
k141_2221182_1       -          ArsD                 PF06953.17   1.4e-09   45.8   3.6   9.8e-07   36.6   0.0   2.1   1   1   1   2   2   2   1 # 1 # 393 # 1 # ID=2147912_1;partial=10;start_type=Edge;rbs_motif=None;rbs_spacer=None;gc_cont=0.641
k141_199399_1        -          ArsD                 PF06953.17   3.3e-09   44.5   0.0   5.4e-09   43.9   0.0   1.3   1   0   0   1   1   1   1 # 1 # 477 # -1 # ID=199353_1;partial=11;start_type=Edge;rbs_motif=None;rbs_spacer=None;gc_cont=0.658
k141_2212237_2       -          ArsD                 PF06953.17   3.5e-08   41.2   0.6   3.5e-08   41.2   0.6   1.0   1   0   0   1   1   1   1 # 286 # 363 # 1 # ID=2138969_2;partial=01;start_type=ATG;rbs_motif=None;rbs_spacer=None;gc_cont=0.603
k141_214670_2        -          ArsD                 PF06953.17   6.4e-08   40.4   0.4   6.7e-08   40.3   0.4   1.0   1   0   0   1   1   1   1 # 202 # 300 # 1 # ID=214619_2;partial=01;start_type=ATG;rbs_motif=None;rbs_spacer=None;gc_cont=0.576
k141_502811_1        -          ArsD                 PF06953.17     7e-08   40.3   1.1   7.1e-08   40.2   1.1   1.0   1   0   0   1   1   1   1 # 3 # 74 # -1 # ID=502681_1;partial=10;start_type=ATG;rbs_motif=None;rbs_spacer=None;gc_cont=0.583
k141_291038_1        -          ArsD                 PF06953.17   9.3e-06   33.4   0.4   1.6e-05   32.6   0.4   1.4   1   0   0   1   1   1   1 # 1 # 522 # 1 # ID=290960_1;partial=11;start_type=Edge;rbs_motif=None;rbs_spacer=None;gc_cont=0.573
k141_2057958_2       -          ArsD                 PF06953.17    0.0013   26.5   0.0    0.0021   25.8   0.0   1.4   1   0   0   1   1   1   1 # 91 # 636 # -1 # ID=1984718_2;partial=01;start_type=Edge;rbs_motif=None;rbs_spacer=None;gc_cont=0.473
k141_2574838_2       -          ArsD                 PF06953.17    0.0018   26.0   0.0    0.0023   25.7   0.0   1.3   1   0   0   1   1   1   1 # 117 # 416 # 1 # ID=2501491_2;partial=00;start_type=ATG;rbs_motif=None;rbs_spacer=None;gc_cont=0.623
k141_630275_2        -          ArsD                 PF06953.17    0.0067   24.2   0.0     0.007   24.1   0.0   1.2   1   0   0   1   1   1   1 # 169 # 420 # -1 # ID=630113_2;partial=01;start_type=Edge;rbs_motif=None;rbs_spacer=None;gc_cont=0.567
k141_391556_2        -          ArsD                 PF06953.17     0.015   23.1   0.0     0.017   22.9   0.0   1.2   1   0   0   1   1   1   0 # 434 # 718 # 1 # ID=391457_2;partial=00;start_type=ATG;rbs_motif=None;rbs_spacer=None;gc_cont=0.663
k141_1481704_2       -          ArsD                 PF06953.17     0.017   22.9   0.0     0.017   22.9   0.0   1.0   1   0   0   1   1   1   0 # 341 # 448 # -1 # ID=1414855_2;partial=01;start_type=Edge;rbs_motif=None;rbs_spacer=None;gc_cont=0.472
k141_1426350_2       -          ArsD                 PF06953.17     0.035   21.8   0.0      0.06   21.1   0.0   1.5   1   1   0   1   1   1   0 # 241 # 534 # -1 # ID=1379559_2;partial=00;start_type=ATG;rbs_motif=None;rbs_spacer=None;gc_cont=0.483
k141_997999_3        -          ArsD                 PF06953.17     0.038   21.7   0.0     0.045   21.5   0.0   1.3   1   0   0   1   1   1   0 # 1227 # 1514 # 1 # ID=997740_3;partial=00;start_type=ATG;rbs_motif=None;rbs_spacer=None;gc_cont=0.698
k141_923791_2        -          ArsD                 PF06953.17     0.047   21.5   0.0     0.054   21.3   0.0   1.2   1   0   0   1   1   1   0 # 224 # 484 # 1 # ID=923552_2;partial=00;start_type=ATG;rbs_motif=None;rbs_spacer=None;gc_cont=0.670
k141_1016994_1       -          ArsD                 PF06953.17     0.052   21.3   0.1     0.078   20.7   0.1   1.2   1   0   0   1   1   1   0 # 28 # 564 # -1 # ID=1016729_1;partial=01;start_type=Edge;rbs_motif=None;rbs_spacer=None;gc_cont=0.663
k141_2167453_6       -          ArsD                 PF06953.17     0.078   20.7   0.0     0.096   20.4   0.0   1.2   1   0   0   1   1   1   0 # 3423 # 3707 # -1 # ID=2094192_6;partial=00;start_type=ATG;rbs_motif=None;rbs_spacer=None;gc_cont=0.656
k141_493148_1        -          ArsD                 PF06953.17     0.078   20.7   0.0     0.094   20.5   0.0   1.3   1   1   0   1   1   1   0 # 74 # 346 # 1 # ID=493019_1;partial=00;start_type=ATG;rbs_motif=None;rbs_spacer=None;gc_cont=0.707
k141_786462_3        -          ArsD                 PF06953.17      0.11   20.3   0.0      0.12   20.2   0.0   1.1   1   0   0   1   1   1   0 # 3142 # 3378 # 1 # ID=786254_3;partial=00;start_type=ATG;rbs_motif=None;rbs_spacer=None;gc_cont=0.671
k141_1061143_8       -          ArsD                 PF06953.17      0.18   19.5   0.0      0.24   19.2   0.0   1.3   1   1   0   1   1   1   0 # 3927 # 4181 # -1 # ID=1060872_8;partial=00;start_type=GTG;rbs_motif=None;rbs_spacer=None;gc_cont=0.624
k141_1033766_3       -          ArsD                 PF06953.17      0.22   19.3   0.1      0.37   18.5   0.1   1.5   1   1   0   1   1   1   0 # 1592 # 1825 # 1 # ID=1033499_3;partial=00;start_type=ATG;rbs_motif=None;rbs_spacer=None;gc_cont=0.543
k141_856411_2        -          ArsD                 PF06953.17      0.27   19.0   0.0       0.3   18.9   0.0   1.2   1   0   0   1   1   1   0 # 156 # 389 # -1 # ID=856189_2;partial=00;start_type=ATG;rbs_motif=None;rbs_spacer=None;gc_cont=0.513
k141_535313_2        -          ArsD                 PF06953.17      0.27   19.0   0.0      0.38   18.5   0.0   1.4   1   1   0   1   1   1   0 # 441 # 674 # 1 # ID=535177_2;partial=00;start_type=ATG;rbs_motif=None;rbs_spacer=None;gc_cont=0.513
k141_31616_2         -          ArsD                 PF06953.17       0.3   18.8   0.0      0.36   18.6   0.0   1.3   1   1   0   1   1   1   0 # 140 # 379 # 1 # ID=31606_2;partial=00;start_type=ATG;rbs_motif=None;rbs_spacer=None;gc_cont=0.512
k141_909310_2        -          ArsD                 PF06953.17      0.33   18.7   0.1      0.55   18.0   0.1   1.3   1   0   0   1   1   1   0 # 76 # 390 # -1 # ID=909076_2;partial=01;start_type=Edge;rbs_motif=None;rbs_spacer=None;gc_cont=0.590
k141_764008_1        -          ArsD                 PF06953.17      0.37   18.5   0.0      0.39   18.5   0.0   1.1   1   0   0   1   1   1   0 # 3 # 185 # 1 # ID=763808_1;partial=10;start_type=Edge;rbs_motif=None;rbs_spacer=None;gc_cont=0.525
k141_1202972_2       -          ArsD                 PF06953.17       0.5   18.1   0.0      0.57   17.9   0.0   1.2   1   0   0   1   1   1   0 # 297 # 557 # -1 # ID=1194606_2;partial=00;start_type=ATG;rbs_motif=None;rbs_spacer=None;gc_cont=0.632
k141_1497546_1       -          ArsD                 PF06953.17      0.51   18.1   0.0      0.64   17.8   0.0   1.2   1   0   0   1   1   1   0 # 1 # 276 # 1 # ID=1424428_1;partial=10;start_type=Edge;rbs_motif=None;rbs_spacer=None;gc_cont=0.674
k141_819863_1        -          ArsD                 PF06953.17      0.54   18.0   0.0      0.77   17.5   0.0   1.3   1   0   0   1   1   1   0 # 1 # 465 # 1 # ID=819650_1;partial=10;start_type=Edge;rbs_motif=None;rbs_spacer=None;gc_cont=0.628
k141_929465_1        -          ArsD                 PF06953.17      0.56   18.0   0.0      0.63   17.8   0.0   1.2   1   1   0   1   1   1   0 # 1 # 198 # 1 # ID=929225_1;partial=10;start_type=Edge;rbs_motif=None;rbs_spacer=None;gc_cont=0.581
k141_2105564_1       -          ArsD                 PF06953.17      0.68   17.7   0.0      0.77   17.5   0.0   1.1   1   0   0   1   1   1   0 # 87 # 320 # 1 # ID=2032317_1;partial=00;start_type=ATG;rbs_motif=None;rbs_spacer=None;gc_cont=0.440
k141_969065_2        -          ArsD                 PF06953.17      0.71   17.6   0.0       1.2   16.9   0.0   1.4   1   1   1   2   2   1   0 # 204 # 437 # -1 # ID=968812_2;partial=00;start_type=ATG;rbs_motif=None;rbs_spacer=None;gc_cont=0.462
k141_2540473_2       -          ArsD                 PF06953.17      0.75   17.6   0.1      0.83   17.4   0.1   1.2   1   0   0   1   1   1   0 # 313 # 552 # 1 # ID=2467134_2;partial=00;start_type=ATG;rbs_motif=None;rbs_spacer=None;gc_cont=0.608
k141_2325482_1       -          ArsD                 PF06953.17       1.1   17.0   0.0       1.6   16.5   0.0   1.3   1   1   0   1   1   1   0 # 1 # 318 # 1 # ID=2252186_1;partial=10;start_type=Edge;rbs_motif=None;rbs_spacer=None;gc_cont=0.415
k141_2914437_3       -          ArsD                 PF06953.17       1.2   16.9   0.0       1.6   16.5   0.0   1.3   1   1   0   1   1   1   0 # 257 # 490 # -1 # ID=2841025_3;partial=00;start_type=ATG;rbs_motif=None;rbs_spacer=None;gc_cont=0.513
k141_1996336_3       -          ArsD                 PF06953.17       1.2   16.9   0.0       1.7   16.4   0.0   1.3   1   1   0   1   1   1   0 # 593 # 814 # -1 # ID=1923105_3;partial=01;start_type=Edge;rbs_motif=None;rbs_spacer=None;gc_cont=0.523
k141_191911_2        -          ArsD                 PF06953.17       1.4   16.7   0.0       1.8   16.3   0.0   1.3   1   1   0   1   1   1   0 # 374 # 607 # -1 # ID=191866_2;partial=00;start_type=ATG;rbs_motif=None;rbs_spacer=None;gc_cont=0.538
k141_1144484_2       -          ArsD                 PF06953.17       1.5   16.6   0.0       1.7   16.4   0.0   1.2   1   0   0   1   1   1   0 # 310 # 546 # 1 # ID=1140600_2;partial=00;start_type=ATG;rbs_motif=None;rbs_spacer=None;gc_cont=0.485
k141_2453024_1       -          ArsD                 PF06953.17       1.8   16.3   0.0       2.3   16.0   0.0   1.3   1   1   0   1   1   1   0 # 193 # 426 # 1 # ID=2379705_1;partial=00;start_type=ATG;rbs_motif=None;rbs_spacer=None;gc_cont=0.389
k141_702860_1        -          ArsD                 PF06953.17         2   16.2   0.0       2.5   15.9   0.0   1.3   1   1   0   1   1   1   0 # 2 # 247 # 1 # ID=702678_1;partial=10;start_type=Edge;rbs_motif=None;rbs_spacer=None;gc_cont=0.537
k141_1218602_7       -          ArsD                 PF06953.17         2   16.2   0.0       2.5   15.9   0.0   1.2   1   0   0   1   1   1   0 # 4366 # 4653 # -1 # ID=1208861_7;partial=00;start_type=GTG;rbs_motif=None;rbs_spacer=None;gc_cont=0.663
k141_248686_2        -          ArsD                 PF06953.17         2   16.2   0.0       2.3   16.0   0.0   1.2   1   1   0   1   1   1   0 # 161 # 391 # 1 # ID=248627_2;partial=00;start_type=ATG;rbs_motif=None;rbs_spacer=None;gc_cont=0.511
k141_2132534_1       -          ArsD                 PF06953.17       2.1   16.1   0.0       2.2   16.1   0.0   1.1   1   0   0   1   1   1   0 # 1 # 186 # 1 # ID=2059279_1;partial=10;start_type=Edge;rbs_motif=None;rbs_spacer=None;gc_cont=0.468
k141_1709366_2       -          ArsD                 PF06953.17       2.1   16.1   0.0       2.4   15.9   0.0   1.1   1   0   0   1   1   1   0 # 194 # 361 # -1 # ID=1636209_2;partial=01;start_type=Edge;rbs_motif=None;rbs_spacer=None;gc_cont=0.607
k141_2571286_2       -          ArsD                 PF06953.17       2.3   16.0   0.0       2.5   15.8   0.0   1.2   1   0   0   1   1   1   0 # 258 # 494 # 1 # ID=2497940_2;partial=00;start_type=ATG;rbs_motif=None;rbs_spacer=None;gc_cont=0.477
k141_1179201_1       -          ArsD                 PF06953.17       2.3   16.0   0.0   1.3e+03    7.1   0.0   2.1   2   0   0   2   2   2   0 # 1 # 330 # 1 # ID=1172689_1;partial=11;start_type=Edge;rbs_motif=None;rbs_spacer=None;gc_cont=0.361
k141_357756_2        -          ArsD                 PF06953.17       2.4   15.9   0.0       2.4   15.9   0.0   1.0   1   0   0   1   1   1   0 # 256 # 372 # -1 # ID=357666_2;partial=01;start_type=Edge;rbs_motif=None;rbs_spacer=None;gc_cont=0.632
k141_1999390_2       -          ArsD                 PF06953.17       2.5   15.9   0.0       3.1   15.6   0.0   1.3   1   1   0   1   1   1   0 # 106 # 312 # -1 # ID=1926158_2;partial=01;start_type=Edge;rbs_motif=None;rbs_spacer=None;gc_cont=0.493
k141_1569115_8       -          ArsD                 PF06953.17       2.6   15.8   0.0       2.9   15.7   0.0   1.2   1   0   0   1   1   1   0 # 6258 # 6491 # -1 # ID=1495982_8;partial=00;start_type=ATG;rbs_motif=None;rbs_spacer=None;gc_cont=0.491
k141_474551_2        -          ArsD                 PF06953.17       2.7   15.8   0.1       2.8   15.7   0.1   1.1   1   0   0   1   1   1   0 # 253 # 447 # -1 # ID=474429_2;partial=01;start_type=Edge;rbs_motif=None;rbs_spacer=None;gc_cont=0.415
k141_65150_3         -          ArsD                 PF06953.17       2.8   15.7   0.0       4.5   15.1   0.0   1.3   1   1   0   1   1   1   0 # 1026 # 1244 # 1 # ID=65138_3;partial=00;start_type=ATG;rbs_motif=None;rbs_spacer=None;gc_cont=0.466
k141_119694_2        -          ArsD                 PF06953.17       3.1   15.6   0.0       3.1   15.6   0.0   1.0   1   0   0   1   1   1   0 # 370 # 483 # -1 # ID=119666_2;partial=01;start_type=Edge;rbs_motif=None;rbs_spacer=None;gc_cont=0.509
k141_385416_1        -          ArsD                 PF06953.17       3.7   15.3   0.0       4.2   15.1   0.0   1.1   1   0   0   1   1   1   0 # 3 # 212 # -1 # ID=385317_1;partial=10;start_type=ATG;rbs_motif=None;rbs_spacer=None;gc_cont=0.657
k141_1148481_1       -          ArsD                 PF06953.17         4   15.2   0.0       4.2   15.2   0.0   1.2   1   0   0   1   1   1   0 # 46 # 288 # -1 # ID=1144335_1;partial=00;start_type=ATG;rbs_motif=None;rbs_spacer=None;gc_cont=0.580
k141_198556_1        -          ArsD                 PF06953.17         4   15.2   0.0       5.8   14.7   0.0   1.3   1   0   0   1   1   1   0 # 3 # 506 # -1 # ID=198510_1;partial=10;start_type=ATG;rbs_motif=None;rbs_spacer=None;gc_cont=0.585
k141_481788_1        -          ArsD                 PF06953.17       4.1   15.2   0.0       5.3   14.8   0.0   1.4   1   1   0   1   1   1   0 # 88 # 321 # 1 # ID=481664_1;partial=00;start_type=ATG;rbs_motif=None;rbs_spacer=None;gc_cont=0.577
k141_1840060_1       -          ArsD                 PF06953.17       4.1   15.2   0.0       4.6   15.0   0.0   1.2   1   0   0   1   1   1   0 # 175 # 414 # -1 # ID=1766867_1;partial=00;start_type=ATG;rbs_motif=None;rbs_spacer=None;gc_cont=0.583
k141_1361817_3       -          ArsD                 PF06953.17       4.2   15.2   0.0       7.3   14.4   0.0   1.4   1   1   0   1   1   1   0 # 423 # 845 # -1 # ID=1331132_3;partial=00;start_type=ATG;rbs_motif=None;rbs_spacer=None;gc_cont=0.638
k141_2830650_2       -          ArsD                 PF06953.17       4.2   15.2   0.0       4.6   15.0   0.0   1.1   1   0   0   1   1   1   0 # 117 # 365 # 1 # ID=2757264_2;partial=01;start_type=ATG;rbs_motif=None;rbs_spacer=None;gc_cont=0.590
k141_1791287_1       -          ArsD                 PF06953.17       4.4   15.1   0.1       5.9   14.7   0.1   1.3   1   0   0   1   1   1   0 # 3 # 338 # -1 # ID=1718112_1;partial=11;start_type=Edge;rbs_motif=None;rbs_spacer=None;gc_cont=0.521
k141_909310_1        -          ArsD                 PF06953.17       4.4   15.1   0.0       4.4   15.1   0.0   1.0   1   0   0   1   1   1   0 # 1 # 66 # -1 # ID=909076_1;partial=10;start_type=GTG;rbs_motif=None;rbs_spacer=None;gc_cont=0.682
k141_1501145_1       -          ArsD                 PF06953.17       4.4   15.1   0.0       6.5   14.5   0.0   1.3   1   1   0   1   1   1   0 # 184 # 420 # 1 # ID=1428027_1;partial=00;start_type=GTG;rbs_motif=None;rbs_spacer=None;gc_cont=0.371
k141_1048483_1       -          ArsD                 PF06953.17       4.4   15.1   0.0       4.4   15.1   0.0   1.1   1   0   0   1   1   1   0 # 1 # 162 # 1 # ID=1048214_1;partial=10;start_type=Edge;rbs_motif=None;rbs_spacer=None;gc_cont=0.580
k141_2313599_1       -          ArsD                 PF06953.17       4.6   15.0   0.0       5.1   14.9   0.0   1.1   1   0   0   1   1   1   0 # 57 # 293 # -1 # ID=2240307_1;partial=00;start_type=ATG;rbs_motif=None;rbs_spacer=None;gc_cont=0.671
k141_2549959_3       -          ArsD                 PF06953.17       4.7   15.0   0.0       5.1   14.9   0.0   1.0   1   0   0   1   1   1   0 # 416 # 562 # -1 # ID=2476615_3;partial=01;start_type=Edge;rbs_motif=None;rbs_spacer=None;gc_cont=0.429
k141_762661_2        -          ArsD                 PF06953.17       4.8   14.9   0.0       7.6   14.3   0.0   1.3   1   1   0   1   1   1   0 # 340 # 573 # 1 # ID=762461_2;partial=00;start_type=ATG;rbs_motif=None;rbs_spacer=None;gc_cont=0.474
k141_1318485_1       -          ArsD                 PF06953.17         5   14.9   0.0       6.6   14.5   0.0   1.3   1   1   0   1   1   1   0 # 1 # 291 # 1 # ID=1295822_1;partial=10;start_type=Edge;rbs_motif=None;rbs_spacer=None;gc_cont=0.454
k141_2395502_1       -          ArsD                 PF06953.17       5.1   14.9   0.0       5.1   14.9   0.0   1.0   1   0   0   1   1   1   0 # 3 # 134 # 1 # ID=2322190_1;partial=10;start_type=Edge;rbs_motif=None;rbs_spacer=None;gc_cont=0.523
k141_1403273_1       -          ArsD                 PF06953.17       5.4   14.8   0.0       7.9   14.3   0.0   1.3   1   1   0   1   1   1   0 # 1 # 231 # 1 # ID=1362806_1;partial=10;start_type=Edge;rbs_motif=None;rbs_spacer=None;gc_cont=0.675
k141_499285_1        -          ArsD                 PF06953.17       5.7   14.7   0.0       7.3   14.4   0.0   1.2   1   0   0   1   1   1   0 # 3 # 368 # -1 # ID=499155_1;partial=11;start_type=Edge;rbs_motif=None;rbs_spacer=None;gc_cont=0.563
k141_1822519_1       -          ArsD                 PF06953.17       5.8   14.7   0.0       6.4   14.5   0.0   1.2   1   0   0   1   1   1   0 # 155 # 388 # 1 # ID=1749332_1;partial=00;start_type=ATG;rbs_motif=None;rbs_spacer=None;gc_cont=0.590
k141_2640055_2       -          ArsD                 PF06953.17       6.1   14.6   0.0       6.1   14.6   0.0   1.0   1   0   0   1   1   1   0 # 483 # 605 # -1 # ID=2566700_2;partial=01;start_type=Edge;rbs_motif=None;rbs_spacer=None;gc_cont=0.480
k141_820535_1        -          ArsD                 PF06953.17       6.2   14.6   0.0       6.3   14.6   0.0   1.2   1   0   0   1   1   1   0 # 1 # 201 # 1 # ID=820322_1;partial=10;start_type=Edge;rbs_motif=None;rbs_spacer=None;gc_cont=0.706
k141_851560_1        -          ArsD                 PF06953.17       6.7   14.5   0.0       6.7   14.5   0.0   1.0   1   0   0   1   1   1   0 # 1 # 117 # 1 # ID=851338_1;partial=10;start_type=Edge;rbs_motif=None;rbs_spacer=None;gc_cont=0.641
k141_868924_1        -          ArsD                 PF06953.17       6.9   14.5   0.0       9.6   14.0   0.0   1.3   1   0   0   1   1   1   0 # 2 # 268 # 1 # ID=868700_1;partial=10;start_type=Edge;rbs_motif=None;rbs_spacer=None;gc_cont=0.506
k141_1565006_1       -          ArsD                 PF06953.17       7.2   14.4   0.0        13   13.6   0.0   1.4   1   0   0   1   1   1   0 # 1 # 474 # 1 # ID=1491874_1;partial=11;start_type=Edge;rbs_motif=None;rbs_spacer=None;gc_cont=0.496
k141_1050798_2       -          ArsD                 PF06953.17       7.6   14.3   0.0       7.8   14.3   0.0   1.3   1   1   0   1   1   1   0 # 313 # 546 # -1 # ID=1050529_2;partial=00;start_type=ATG;rbs_motif=None;rbs_spacer=None;gc_cont=0.560
k141_2078134_2       -          ArsD                 PF06953.17       7.9   14.3   0.0       9.3   14.0   0.0   1.3   1   1   0   1   1   1   0 # 218 # 451 # 1 # ID=2004890_2;partial=00;start_type=GTG;rbs_motif=None;rbs_spacer=None;gc_cont=0.671
k141_2644539_1       -          ArsD                 PF06953.17       7.9   14.3   0.0       8.2   14.2   0.0   1.2   1   0   0   1   1   1   0 # 3 # 236 # 1 # ID=2571184_1;partial=10;start_type=Edge;rbs_motif=None;rbs_spacer=None;gc_cont=0.679
k141_2902460_1       -          ArsD                 PF06953.17       8.2   14.2   0.0       8.4   14.2   0.0   1.4   1   1   0   1   1   1   0 # 51 # 284 # 1 # ID=2829055_1;partial=00;start_type=ATG;rbs_motif=None;rbs_spacer=None;gc_cont=0.624
k141_2103143_3       -          ArsD                 PF06953.17       8.2   14.2   0.0       9.7   14.0   0.0   1.3   1   1   0   1   1   1   0 # 999 # 1232 # -1 # ID=2029896_3;partial=00;start_type=ATG;rbs_motif=None;rbs_spacer=None;gc_cont=0.504
k141_104076_2        -          ArsD                 PF06953.17       8.5   14.2   0.0       9.1   14.1   0.0   1.1   1   0   0   1   1   1   0 # 268 # 498 # 1 # ID=104054_2;partial=00;start_type=ATG;rbs_motif=None;rbs_spacer=None;gc_cont=0.662
k141_1588268_1       -          ArsD                 PF06953.17       8.5   14.2   0.0       9.1   14.1   0.0   1.1   1   0   0   1   1   1   0 # 3 # 233 # -1 # ID=1515133_1;partial=00;start_type=ATG;rbs_motif=None;rbs_spacer=None;gc_cont=0.658
k141_1736225_3       -          ArsD                 PF06953.17       8.6   14.1   0.0       8.8   14.1   0.0   1.1   1   0   0   1   1   1   0 # 1043 # 1291 # -1 # ID=1663057_3;partial=00;start_type=ATG;rbs_motif=None;rbs_spacer=None;gc_cont=0.675
k141_572030_1        -          ArsD                 PF06953.17       8.9   14.1   0.0        16   13.3   0.0   1.5   1   1   0   1   1   1   0 # 3 # 476 # 1 # ID=571887_1;partial=11;start_type=Edge;rbs_motif=None;rbs_spacer=None;gc_cont=0.622
k141_1731049_1       -          ArsD                 PF06953.17       9.2   14.1   0.0       9.4   14.0   0.0   1.1   1   0   0   1   1   1   0 # 1 # 192 # 1 # ID=1657885_1;partial=10;start_type=Edge;rbs_motif=None;rbs_spacer=None;gc_cont=0.646
k141_994745_2        -          ArsD                 PF06953.17       9.2   14.0   0.0       9.4   14.0   0.0   1.3   1   1   0   1   1   1   0 # 535 # 807 # 1 # ID=994486_2;partial=00;start_type=GTG;rbs_motif=None;rbs_spacer=None;gc_cont=0.549
k141_988512_1        -          ArsD                 PF06953.17       9.4   14.0   0.0        10   13.9   0.0   1.4   1   1   0   1   1   1   0 # 2 # 265 # -1 # ID=988254_1;partial=00;start_type=ATG;rbs_motif=None;rbs_spacer=None;gc_cont=0.436
k141_1771043_2       -          ArsD                 PF06953.17       9.9   13.9   0.0        18   13.1   0.0   1.4   1   1   0   1   1   1   0 # 461 # 736 # 1 # ID=1697873_2;partial=00;start_type=GTG;rbs_motif=None;rbs_spacer=None;gc_cont=0.652
#
# Program:         hmmsearch
# Version:         3.2.1 (June 2018)
# Pipeline mode:   SEARCH
# Query file:      hmmdb/arsGenes/ArsD-PF06953.hmm
# Target file:     JNS12_tmp/JNS12_proteins.faa
# Option settings: hmmsearch -o JNS12_tmp/JNS12_arsD.txt --tblout JNS12_outputs/JNS12_arsD_hmmer.out hmmdb/arsGenes/ArsD-PF06953.hmm JNS12_tmp/JNS12_proteins.faa 
# Current dir:     /home/dell/ncbi/AsSb-cso
# Date:            Sat Mar 15 17:17:50 2025
# [ok]
