#                                                               --- full sequence ---- --- best 1 domain ---- --- domain number estimation ----
# target name        accession  query name           accession    E-value  score  bias   E-value  score  bias   exp reg clu  ov env dom rep inc description of target
#------------------- ---------- -------------------- ---------- --------- ------ ----- --------- ------ -----   --- --- --- --- --- --- --- --- ---------------------
k141_2343114_4       -          ArsR                 PF09824.15   6.4e-63  218.7   0.0   7.2e-63  218.5   0.0   1.0   1   0   0   1   1   1   1 # 3683 # 4201 # -1 # ID=2269816_4;partial=00;start_type=GTG;rbs_motif=None;rbs_spacer=None;gc_cont=0.541
k141_1797733_2       -          ArsR                 PF09824.15   3.3e-60  209.9   0.0   3.8e-60  209.7   0.0   1.0   1   0   0   1   1   1   1 # 611 # 1129 # -1 # ID=1724558_2;partial=00;start_type=GTG;rbs_motif=None;rbs_spacer=None;gc_cont=0.584
k141_125013_1        -          ArsR                 PF09824.15   2.7e-58  203.7   0.0     3e-58  203.5   0.0   1.0   1   0   0   1   1   1   1 # 2 # 472 # -1 # ID=124982_1;partial=10;start_type=GTG;rbs_motif=None;rbs_spacer=None;gc_cont=0.437
k141_1714246_1       -          ArsR                 PF09824.15     6e-33  121.3   0.1   6.6e-33  121.1   0.1   1.0   1   0   0   1   1   1   1 # 1 # 315 # -1 # ID=1641088_1;partial=10;start_type=ATG;rbs_motif=None;rbs_spacer=None;gc_cont=0.524
k141_1962387_2       -          ArsR                 PF09824.15   6.2e-31  114.7   0.1   6.9e-31  114.6   0.1   1.0   1   0   0   1   1   1   1 # 88 # 411 # 1 # ID=1889166_2;partial=01;start_type=ATG;rbs_motif=None;rbs_spacer=None;gc_cont=0.571
k141_2839561_2       -          ArsR                 PF09824.15     0.061   20.5   0.0     0.078   20.2   0.0   1.1   1   0   0   1   1   1   0 # 939 # 1202 # 1 # ID=2766174_2;partial=00;start_type=ATG;rbs_motif=None;rbs_spacer=None;gc_cont=0.402
k141_412387_1        -          ArsR                 PF09824.15      0.12   19.6   0.5      0.17   19.1   0.5   1.3   1   0   0   1   1   1   0 # 3 # 359 # 1 # ID=412281_1;partial=10;start_type=Edge;rbs_motif=None;rbs_spacer=None;gc_cont=0.597
k141_862423_1        -          ArsR                 PF09824.15      0.12   19.5   0.8        42   11.3   0.1   3.2   1   1   2   3   3   3   0 # 1 # 1128 # -1 # ID=862201_1;partial=11;start_type=Edge;rbs_motif=None;rbs_spacer=None;gc_cont=0.493
k141_511117_4        -          ArsR                 PF09824.15      0.19   18.9   0.0      0.24   18.6   0.0   1.1   1   0   0   1   1   1   0 # 2610 # 2873 # -1 # ID=510983_4;partial=00;start_type=ATG;rbs_motif=None;rbs_spacer=None;gc_cont=0.420
k141_257328_1        -          ArsR                 PF09824.15      0.32   18.2   0.0      0.39   17.9   0.0   1.1   1   0   0   1   1   1   0 # 1 # 258 # 1 # ID=257264_1;partial=10;start_type=Edge;rbs_motif=None;rbs_spacer=None;gc_cont=0.438
k141_689228_2        -          ArsR                 PF09824.15      0.38   17.9   0.6        36   11.5   0.2   2.3   1   1   1   2   2   2   0 # 327 # 674 # 1 # ID=689047_2;partial=00;start_type=ATG;rbs_motif=None;rbs_spacer=None;gc_cont=0.399
k141_1168378_2       -          ArsR                 PF09824.15      0.45   17.7   0.0      0.56   17.4   0.0   1.1   1   0   0   1   1   1   0 # 450 # 713 # -1 # ID=1162763_2;partial=00;start_type=ATG;rbs_motif=None;rbs_spacer=None;gc_cont=0.360
k141_1389757_1       -          ArsR                 PF09824.15      0.48   17.6   0.0      0.57   17.4   0.0   1.1   1   0   0   1   1   1   0 # 1 # 243 # -1 # ID=1352741_1;partial=10;start_type=ATG;rbs_motif=None;rbs_spacer=None;gc_cont=0.502
k141_1287709_2       -          ArsR                 PF09824.15      0.51   17.5   0.5        29   11.8   0.1   2.2   2   0   0   2   2   2   0 # 587 # 1381 # 1 # ID=1269717_2;partial=00;start_type=ATG;rbs_motif=None;rbs_spacer=None;gc_cont=0.548
k141_1171824_1       -          ArsR                 PF09824.15      0.61   17.3   0.0      0.85   16.8   0.0   1.3   1   0   0   1   1   1   0 # 14 # 325 # -1 # ID=1165925_1;partial=00;start_type=ATG;rbs_motif=None;rbs_spacer=None;gc_cont=0.535
k141_1138517_1       -          ArsR                 PF09824.15      0.72   17.0   0.0      0.89   16.7   0.0   1.1   1   0   0   1   1   1   0 # 23 # 301 # 1 # ID=1135032_1;partial=01;start_type=ATG;rbs_motif=None;rbs_spacer=None;gc_cont=0.491
k141_1075911_1       -          ArsR                 PF09824.15      0.84   16.8   0.1      0.94   16.7   0.1   1.0   1   0   0   1   1   1   0 # 3 # 203 # -1 # ID=1075638_1;partial=10;start_type=ATG;rbs_motif=None;rbs_spacer=None;gc_cont=0.483
k141_652893_2        -          ArsR                 PF09824.15      0.89   16.7   0.0       1.7   15.8   0.0   1.4   1   0   0   1   1   1   0 # 1491 # 3266 # -1 # ID=652725_2;partial=01;start_type=Edge;rbs_motif=None;rbs_spacer=None;gc_cont=0.459
k141_1874923_2       -          ArsR                 PF09824.15      0.94   16.7   0.0       1.1   16.5   0.0   1.0   1   0   0   1   1   1   0 # 156 # 374 # 1 # ID=1801719_2;partial=01;start_type=ATG;rbs_motif=None;rbs_spacer=None;gc_cont=0.516
k141_2174200_1       -          ArsR                 PF09824.15       1.3   16.2   0.0       1.5   16.0   0.0   1.0   1   0   0   1   1   1   0 # 120 # 353 # 1 # ID=2100937_1;partial=01;start_type=ATG;rbs_motif=None;rbs_spacer=None;gc_cont=0.585
k141_753008_2        -          ArsR                 PF09824.15       1.4   16.1   0.0       1.5   16.0   0.0   1.1   1   0   0   1   1   1   0 # 449 # 799 # 1 # ID=752810_2;partial=00;start_type=ATG;rbs_motif=None;rbs_spacer=None;gc_cont=0.701
k141_709379_2        -          ArsR                 PF09824.15       1.9   15.7   0.2       6.2   14.0   0.1   1.7   2   0   0   2   2   2   0 # 761 # 1111 # 1 # ID=709195_2;partial=00;start_type=ATG;rbs_motif=None;rbs_spacer=None;gc_cont=0.553
k141_2831207_1       -          ArsR                 PF09824.15       1.9   15.7   0.0       2.5   15.3   0.0   1.2   1   0   0   1   1   1   0 # 19 # 423 # -1 # ID=2757821_1;partial=00;start_type=GTG;rbs_motif=None;rbs_spacer=None;gc_cont=0.602
k141_273510_1        -          ArsR                 PF09824.15       2.1   15.5   0.3       2.3   15.4   0.3   1.2   1   0   0   1   1   1   0 # 3 # 254 # -1 # ID=273438_1;partial=10;start_type=ATG;rbs_motif=None;rbs_spacer=None;gc_cont=0.492
k141_1479938_1       -          ArsR                 PF09824.15       2.2   15.4   0.0       4.1   14.6   0.0   1.4   1   0   0   1   1   1   0 # 1 # 729 # -1 # ID=1413807_1;partial=11;start_type=Edge;rbs_motif=None;rbs_spacer=None;gc_cont=0.458
k141_1827044_2       -          ArsR                 PF09824.15       2.7   15.2   0.0       2.9   15.1   0.0   1.1   1   0   0   1   1   1   0 # 127 # 480 # -1 # ID=1753855_2;partial=00;start_type=ATG;rbs_motif=None;rbs_spacer=None;gc_cont=0.621
k141_2002199_2       -          ArsR                 PF09824.15       2.7   15.2   0.0         5   14.3   0.0   1.4   1   0   0   1   1   1   0 # 414 # 755 # -1 # ID=1928965_2;partial=00;start_type=ATG;rbs_motif=None;rbs_spacer=None;gc_cont=0.605
k141_632479_2        -          ArsR                 PF09824.15         3   15.0   0.2       4.5   14.4   0.2   1.3   1   0   0   1   1   1   0 # 569 # 1015 # -1 # ID=632317_2;partial=00;start_type=ATG;rbs_motif=None;rbs_spacer=None;gc_cont=0.503
k141_395847_1        -          ArsR                 PF09824.15       3.1   15.0   0.9       3.7   14.7   0.9   1.1   1   0   0   1   1   1   0 # 111 # 437 # 1 # ID=395745_1;partial=01;start_type=ATG;rbs_motif=None;rbs_spacer=None;gc_cont=0.541
k141_723924_1        -          ArsR                 PF09824.15       3.2   14.9   0.0       3.9   14.6   0.0   1.1   1   0   0   1   1   1   0 # 1 # 330 # 1 # ID=723736_1;partial=11;start_type=Edge;rbs_motif=None;rbs_spacer=None;gc_cont=0.373
k141_1070890_1       -          ArsR                 PF09824.15       3.4   14.8   0.1        12   13.1   0.0   1.7   1   1   1   2   2   2   0 # 2 # 382 # 1 # ID=1070618_1;partial=10;start_type=Edge;rbs_motif=None;rbs_spacer=None;gc_cont=0.588
k141_2007588_6       -          ArsR                 PF09824.15       3.6   14.8   0.0       4.2   14.6   0.0   1.3   1   1   0   1   1   1   0 # 2973 # 3311 # -1 # ID=1934354_6;partial=00;start_type=ATG;rbs_motif=None;rbs_spacer=None;gc_cont=0.522
k141_1535133_1       -          ArsR                 PF09824.15       3.7   14.7   0.0       4.7   14.4   0.0   1.2   1   0   0   1   1   1   0 # 3 # 371 # 1 # ID=1462008_1;partial=11;start_type=Edge;rbs_motif=None;rbs_spacer=None;gc_cont=0.634
k141_837806_2        -          ArsR                 PF09824.15       3.8   14.7   0.1   1.5e+02    9.5   0.0   2.0   2   0   0   2   2   2   0 # 1156 # 1515 # 1 # ID=837589_2;partial=00;start_type=ATG;rbs_motif=None;rbs_spacer=None;gc_cont=0.486
k141_2542020_2       -          ArsR                 PF09824.15       4.6   14.4   0.1       5.3   14.2   0.1   1.1   1   0   0   1   1   1   0 # 125 # 316 # 1 # ID=2468680_2;partial=01;start_type=GTG;rbs_motif=None;rbs_spacer=None;gc_cont=0.547
k141_865054_2        -          ArsR                 PF09824.15       4.7   14.4   0.0       5.8   14.1   0.0   1.1   1   0   0   1   1   1   0 # 281 # 619 # 1 # ID=864832_2;partial=01;start_type=ATG;rbs_motif=None;rbs_spacer=None;gc_cont=0.628
k141_793753_1        -          ArsR                 PF09824.15       4.8   14.4   3.7   3.1e+02    8.5   0.2   3.4   2   1   0   2   2   2   0 # 94 # 2067 # -1 # ID=793544_1;partial=00;start_type=ATG;rbs_motif=None;rbs_spacer=None;gc_cont=0.493
k141_1690956_2       -          ArsR                 PF09824.15       4.8   14.4   0.0       7.1   13.8   0.0   1.2   1   0   0   1   1   1   0 # 821 # 1135 # 1 # ID=1617801_2;partial=00;start_type=ATG;rbs_motif=None;rbs_spacer=None;gc_cont=0.527
k141_2130902_2       -          ArsR                 PF09824.15       4.9   14.3   0.1       6.5   13.9   0.1   1.2   1   0   0   1   1   1   0 # 320 # 628 # 1 # ID=2057647_2;partial=01;start_type=ATG;rbs_motif=None;rbs_spacer=None;gc_cont=0.502
k141_1558348_3       -          ArsR                 PF09824.15         5   14.3   0.0       6.1   14.0   0.0   1.1   1   0   0   1   1   1   0 # 694 # 1023 # -1 # ID=1485217_3;partial=00;start_type=TTG;rbs_motif=None;rbs_spacer=None;gc_cont=0.667
k141_377971_1        -          ArsR                 PF09824.15       5.7   14.1   0.4         8   13.6   0.4   1.2   1   0   0   1   1   1   0 # 3 # 392 # 1 # ID=377875_1;partial=11;start_type=Edge;rbs_motif=None;rbs_spacer=None;gc_cont=0.408
k141_14125_1         -          ArsR                 PF09824.15       6.3   14.0   1.5        14   12.9   0.4   1.7   1   1   1   2   2   2   0 # 1 # 345 # 1 # ID=14120_1;partial=11;start_type=Edge;rbs_motif=None;rbs_spacer=None;gc_cont=0.507
k141_656191_1        -          ArsR                 PF09824.15       6.3   14.0   0.0        11   13.2   0.0   1.4   1   0   0   1   1   1   0 # 14 # 457 # 1 # ID=656022_1;partial=01;start_type=ATG;rbs_motif=None;rbs_spacer=None;gc_cont=0.387
k141_1001731_2       -          ArsR                 PF09824.15       6.4   13.9   0.0       7.5   13.7   0.0   1.2   1   0   0   1   1   1   0 # 229 # 489 # -1 # ID=1001470_2;partial=01;start_type=Edge;rbs_motif=None;rbs_spacer=None;gc_cont=0.613
k141_628772_1        -          ArsR                 PF09824.15       6.4   13.9   0.0       9.4   13.4   0.0   1.4   1   1   0   1   1   1   0 # 1 # 294 # -1 # ID=628610_1;partial=10;start_type=ATG;rbs_motif=None;rbs_spacer=None;gc_cont=0.490
k141_2879502_1       -          ArsR                 PF09824.15       6.5   13.9   0.2       7.9   13.7   0.2   1.1   1   0   0   1   1   1   0 # 2 # 343 # -1 # ID=2806103_1;partial=11;start_type=Edge;rbs_motif=None;rbs_spacer=None;gc_cont=0.436
k141_2318308_2       -          ArsR                 PF09824.15       6.6   13.9   2.9        16   12.7   1.1   1.9   1   1   1   2   2   2   0 # 242 # 685 # -1 # ID=2245015_2;partial=01;start_type=Edge;rbs_motif=None;rbs_spacer=None;gc_cont=0.385
k141_168614_1        -          ArsR                 PF09824.15       6.9   13.9   0.1       8.2   13.6   0.1   1.0   1   0   0   1   1   1   0 # 215 # 424 # 1 # ID=168574_1;partial=00;start_type=ATG;rbs_motif=None;rbs_spacer=None;gc_cont=0.481
k141_1000879_2       -          ArsR                 PF09824.15       7.4   13.7   2.8        61   10.8   0.0   2.4   1   1   2   3   3   3   0 # 674 # 1327 # -1 # ID=1000619_2;partial=00;start_type=ATG;rbs_motif=None;rbs_spacer=None;gc_cont=0.306
k141_2387609_1       -          ArsR                 PF09824.15       7.8   13.7   0.1       9.6   13.4   0.1   1.1   1   0   0   1   1   1   0 # 231 # 473 # 1 # ID=2314302_1;partial=01;start_type=ATG;rbs_motif=None;rbs_spacer=None;gc_cont=0.560
k141_2760594_1       -          ArsR                 PF09824.15       7.8   13.7   0.0        11   13.2   0.0   1.2   1   0   0   1   1   1   0 # 2 # 379 # 1 # ID=2687218_1;partial=11;start_type=Edge;rbs_motif=None;rbs_spacer=None;gc_cont=0.651
k141_1774475_2       -          ArsR                 PF09824.15       7.8   13.7   0.4        86   10.3   0.0   2.0   2   0   0   2   2   2   0 # 184 # 648 # 1 # ID=1701305_2;partial=00;start_type=ATG;rbs_motif=None;rbs_spacer=None;gc_cont=0.572
k141_2007882_1       -          ArsR                 PF09824.15       8.3   13.6   0.0        14   12.8   0.0   1.4   1   0   0   1   1   1   0 # 208 # 549 # 1 # ID=1934648_1;partial=00;start_type=ATG;rbs_motif=None;rbs_spacer=None;gc_cont=0.602
k141_2038568_1       -          ArsR                 PF09824.15       8.3   13.6   0.1        14   12.8   0.1   1.4   1   0   0   1   1   1   0 # 25 # 522 # -1 # ID=1965330_1;partial=00;start_type=ATG;rbs_motif=None;rbs_spacer=None;gc_cont=0.428
k141_1764962_2       -          ArsR                 PF09824.15       8.8   13.5   0.3        11   13.2   0.3   1.1   1   0   0   1   1   1   0 # 386 # 667 # -1 # ID=1691793_2;partial=01;start_type=Edge;rbs_motif=None;rbs_spacer=None;gc_cont=0.525
k141_316399_1        -          ArsR                 PF09824.15       9.5   13.4   0.3   1.6e+02    9.4   0.0   2.2   1   1   1   2   2   2   0 # 142 # 441 # 1 # ID=316314_1;partial=01;start_type=ATG;rbs_motif=None;rbs_spacer=None;gc_cont=0.507
k141_2178817_1       -          ArsR                 PF09824.15       9.5   13.4   0.0        12   13.1   0.0   1.1   1   0   0   1   1   1   0 # 237 # 479 # 1 # ID=2105554_1;partial=01;start_type=ATG;rbs_motif=None;rbs_spacer=None;gc_cont=0.580
#
# Program:         hmmsearch
# Version:         3.2.1 (June 2018)
# Pipeline mode:   SEARCH
# Query file:      hmmdb/arsGenes/ArsR-PF09824.hmm
# Target file:     JNS12_tmp/JNS12_proteins.faa
# Option settings: hmmsearch -o JNS12_tmp/JNS12_arsR.txt --tblout JNS12_outputs/JNS12_arsR_hmmer.out hmmdb/arsGenes/ArsR-PF09824.hmm JNS12_tmp/JNS12_proteins.faa 
# Current dir:     /home/dell/ncbi/AsSb-cso
# Date:            Sat Mar 15 17:17:55 2025
# [ok]
