#                                                               --- full sequence ---- --- best 1 domain ---- --- domain number estimation ----
# target name        accession  query name           accession    E-value  score  bias   E-value  score  bias   exp reg clu  ov env dom rep inc description of target
#------------------- ---------- -------------------- ---------- --------- ------ ----- --------- ------ -----   --- --- --- --- --- --- --- --- ---------------------
k141_2899094_1       -          ArsB                 PF02040.21   1.3e-81  282.8  19.3   1.4e-81  282.6  19.3   1.0   1   0   0   1   1   1   1 # 3 # 704 # 1 # ID=2825692_1;partial=11;start_type=Edge;rbs_motif=None;rbs_spacer=None;gc_cont=0.551
k141_2010310_2       -          ArsB                 PF02040.21   1.7e-63  223.1  22.6   1.9e-63  222.9  22.6   1.0   1   0   0   1   1   1   1 # 195 # 746 # 1 # ID=1937076_2;partial=01;start_type=ATG;rbs_motif=None;rbs_spacer=None;gc_cont=0.513
k141_1026798_1       -          ArsB                 PF02040.21   3.5e-63  222.0  12.0   3.9e-63  221.9  12.0   1.0   1   0   0   1   1   1   1 # 46 # 606 # -1 # ID=1026531_1;partial=01;start_type=Edge;rbs_motif=None;rbs_spacer=None;gc_cont=0.533
k141_1106457_1       -          ArsB                 PF02040.21     2e-48  173.4   4.7   2.2e-48  173.3   4.7   1.0   1   0   0   1   1   1   1 # 2 # 520 # -1 # ID=1104894_1;partial=11;start_type=Edge;rbs_motif=None;rbs_spacer=None;gc_cont=0.495
k141_2658952_1       -          ArsB                 PF02040.21   6.5e-34  125.6   1.6   7.1e-34  125.5   1.6   1.0   1   0   0   1   1   1   1 # 1 # 309 # 1 # ID=2585595_1;partial=11;start_type=Edge;rbs_motif=None;rbs_spacer=None;gc_cont=0.505
k141_612958_1        -          ArsB                 PF02040.21   7.4e-32  118.8   4.9     8e-32  118.7   4.9   1.0   1   0   0   1   1   1   1 # 2 # 316 # -1 # ID=612799_1;partial=11;start_type=Edge;rbs_motif=None;rbs_spacer=None;gc_cont=0.432
k141_2140192_1       -          ArsB                 PF02040.21     2e-23   91.1   0.3   2.2e-23   90.9   0.3   1.0   1   0   0   1   1   1   1 # 3 # 359 # -1 # ID=2066936_1;partial=11;start_type=Edge;rbs_motif=None;rbs_spacer=None;gc_cont=0.588
k141_2532784_1       -          ArsB                 PF02040.21   8.6e-22   85.7   4.0   9.4e-22   85.5   4.0   1.0   1   0   0   1   1   1   1 # 1 # 195 # 1 # ID=2459448_1;partial=10;start_type=Edge;rbs_motif=None;rbs_spacer=None;gc_cont=0.518
k141_1542201_3       -          ArsB                 PF02040.21   2.8e-19   77.4  36.4   3.5e-19   77.1  36.4   1.0   1   0   0   1   1   1   1 # 2411 # 3715 # 1 # ID=1469075_3;partial=00;start_type=ATG;rbs_motif=None;rbs_spacer=None;gc_cont=0.386
k141_1021214_1       -          ArsB                 PF02040.21   6.7e-19   76.1   5.3   7.3e-19   76.0   5.3   1.0   1   0   0   1   1   1   1 # 2 # 421 # -1 # ID=1020949_1;partial=11;start_type=Edge;rbs_motif=None;rbs_spacer=None;gc_cont=0.448
k141_1646184_1       -          ArsB                 PF02040.21   7.5e-18   72.7  27.7   8.7e-18   72.5  27.7   1.0   1   0   0   1   1   1   1 # 96 # 1385 # -1 # ID=1573039_1;partial=00;start_type=ATG;rbs_motif=None;rbs_spacer=None;gc_cont=0.548
k141_2070368_3       -          ArsB                 PF02040.21   3.7e-17   70.4  31.6   4.4e-17   70.2  31.6   1.0   1   0   0   1   1   1   1 # 2025 # 3311 # -1 # ID=1997126_3;partial=00;start_type=ATG;rbs_motif=None;rbs_spacer=None;gc_cont=0.489
k141_909344_1        -          ArsB                 PF02040.21   1.4e-16   68.5   5.4   1.5e-16   68.4   5.4   1.0   1   0   0   1   1   1   1 # 2 # 271 # -1 # ID=909110_1;partial=10;start_type=ATG;rbs_motif=None;rbs_spacer=None;gc_cont=0.559
k141_1268851_2       -          ArsB                 PF02040.21   1.5e-16   68.4  24.7   2.3e-16   67.8  24.7   1.4   1   0   0   1   1   1   1 # 160 # 1533 # -1 # ID=1253422_2;partial=00;start_type=ATG;rbs_motif=None;rbs_spacer=None;gc_cont=0.563
k141_1809974_1       -          ArsB                 PF02040.21   2.7e-15   64.3  30.5   3.4e-15   63.9  30.5   1.0   1   0   0   1   1   1   1 # 2 # 1294 # 1 # ID=1736796_1;partial=10;start_type=Edge;rbs_motif=None;rbs_spacer=None;gc_cont=0.610
k141_1716368_1       -          ArsB                 PF02040.21   1.6e-13   58.4   5.0     2e-13   58.1   5.0   1.1   1   0   0   1   1   1   1 # 4 # 753 # -1 # ID=1643209_1;partial=01;start_type=Edge;rbs_motif=None;rbs_spacer=None;gc_cont=0.681
k141_2009627_1       -          ArsB                 PF02040.21   3.9e-13   57.2  14.1   4.6e-13   56.9  14.1   1.0   1   0   0   1   1   1   1 # 1 # 1152 # 1 # ID=1936393_1;partial=10;start_type=Edge;rbs_motif=None;rbs_spacer=None;gc_cont=0.513
k141_880292_4        -          ArsB                 PF02040.21   1.6e-12   55.1  21.7     2e-12   54.8  21.7   1.0   1   0   0   1   1   1   1 # 1588 # 2901 # 1 # ID=880066_4;partial=00;start_type=ATG;rbs_motif=None;rbs_spacer=None;gc_cont=0.539
k141_1728232_1       -          ArsB                 PF02040.21   2.9e-12   54.3  16.7   3.5e-12   54.0  16.7   1.0   1   0   0   1   1   1   1 # 3 # 893 # -1 # ID=1655068_1;partial=11;start_type=Edge;rbs_motif=None;rbs_spacer=None;gc_cont=0.419
k141_2667863_2       -          ArsB                 PF02040.21   1.4e-11   52.1   9.0   1.6e-11   51.9   9.0   1.1   1   0   0   1   1   1   1 # 249 # 1079 # -1 # ID=2594505_2;partial=01;start_type=Edge;rbs_motif=None;rbs_spacer=None;gc_cont=0.574
k141_921934_1        -          ArsB                 PF02040.21   3.9e-11   50.6  12.4   5.1e-11   50.2  12.4   1.0   1   0   0   1   1   1   1 # 2 # 925 # -1 # ID=921696_1;partial=10;start_type=ATG;rbs_motif=None;rbs_spacer=None;gc_cont=0.537
k141_2291680_1       -          ArsB                 PF02040.21   5.3e-11   50.1   1.2   5.7e-11   50.0   1.2   1.0   1   0   0   1   1   1   1 # 3 # 302 # -1 # ID=2218392_1;partial=11;start_type=Edge;rbs_motif=None;rbs_spacer=None;gc_cont=0.573
k141_1777510_3       -          ArsB                 PF02040.21     6e-11   49.9   9.0   7.3e-11   49.7   9.0   1.0   1   0   0   1   1   1   1 # 542 # 1276 # 1 # ID=1704340_3;partial=01;start_type=GTG;rbs_motif=None;rbs_spacer=None;gc_cont=0.584
k141_866343_1        -          ArsB                 PF02040.21   1.5e-10   48.6  12.6   1.8e-10   48.4  12.6   1.0   1   0   0   1   1   1   1 # 3 # 827 # -1 # ID=866121_1;partial=11;start_type=Edge;rbs_motif=None;rbs_spacer=None;gc_cont=0.530
k141_932343_1        -          ArsB                 PF02040.21   3.3e-10   47.5  28.3     4e-10   47.2  28.3   1.0   1   0   0   1   1   1   1 # 2 # 1174 # 1 # ID=932103_1;partial=10;start_type=Edge;rbs_motif=None;rbs_spacer=None;gc_cont=0.332
k141_2146506_2       -          ArsB                 PF02040.21     1e-09   45.9  15.9   1.3e-09   45.5  15.9   1.0   1   0   0   1   1   1   1 # 265 # 1272 # 1 # ID=2073248_2;partial=01;start_type=ATG;rbs_motif=None;rbs_spacer=None;gc_cont=0.667
k141_2194721_1       -          ArsB                 PF02040.21   1.1e-09   45.8   4.9   1.4e-09   45.5   4.9   1.0   1   0   0   1   1   1   1 # 12 # 728 # -1 # ID=2121456_1;partial=01;start_type=Edge;rbs_motif=None;rbs_spacer=None;gc_cont=0.667
k141_931923_2        -          ArsB                 PF02040.21   1.4e-09   45.4  27.6   1.7e-09   45.1  27.6   1.1   1   0   0   1   1   1   1 # 733 # 1965 # 1 # ID=931683_2;partial=00;start_type=ATG;rbs_motif=None;rbs_spacer=None;gc_cont=0.429
k141_1249138_4       -          ArsB                 PF02040.21   1.6e-09   45.3  27.1   2.1e-09   44.8  27.1   1.1   1   0   0   1   1   1   1 # 1796 # 3028 # -1 # ID=1236146_4;partial=00;start_type=GTG;rbs_motif=None;rbs_spacer=None;gc_cont=0.379
k141_2177217_12      -          ArsB                 PF02040.21     2e-09   45.0  35.2   2.5e-09   44.6  35.2   1.1   1   0   0   1   1   1   1 # 9334 # 10638 # 1 # ID=2103954_12;partial=00;start_type=ATG;rbs_motif=None;rbs_spacer=None;gc_cont=0.564
k141_2768944_2       -          ArsB                 PF02040.21   2.1e-09   44.9  21.3     3e-09   44.4  21.3   1.2   1   0   0   1   1   1   1 # 232 # 1473 # -1 # ID=2695566_2;partial=00;start_type=GTG;rbs_motif=None;rbs_spacer=None;gc_cont=0.510
k141_1515721_1       -          ArsB                 PF02040.21   3.7e-09   44.1   2.7   3.9e-09   44.0   2.7   1.0   1   0   0   1   1   1   1 # 3 # 161 # -1 # ID=1442599_1;partial=10;start_type=GTG;rbs_motif=None;rbs_spacer=None;gc_cont=0.547
k141_1648486_2       -          ArsB                 PF02040.21     5e-09   43.6   1.7   7.2e-09   43.1   1.7   1.2   1   0   0   1   1   1   1 # 46 # 729 # -1 # ID=1575340_2;partial=01;start_type=Edge;rbs_motif=None;rbs_spacer=None;gc_cont=0.605
k141_1834253_1       -          ArsB                 PF02040.21   7.2e-09   43.1   5.1   8.7e-09   42.8   5.1   1.0   1   0   0   1   1   1   1 # 1 # 480 # 1 # ID=1761063_1;partial=10;start_type=Edge;rbs_motif=None;rbs_spacer=None;gc_cont=0.667
k141_60930_1         -          ArsB                 PF02040.21   7.8e-09   43.0  13.2   9.3e-09   42.7  13.2   1.0   1   0   0   1   1   1   1 # 1 # 771 # -1 # ID=60918_1;partial=11;start_type=Edge;rbs_motif=None;rbs_spacer=None;gc_cont=0.523
k141_42767_1         -          ArsB                 PF02040.21   1.3e-08   42.2   8.0   1.5e-08   42.1   8.0   1.0   1   0   0   1   1   1   1 # 2 # 574 # -1 # ID=42756_1;partial=11;start_type=Edge;rbs_motif=None;rbs_spacer=None;gc_cont=0.586
k141_798704_1        -          ArsB                 PF02040.21   4.1e-08   40.6   0.2   4.8e-08   40.4   0.2   1.0   1   0   0   1   1   1   1 # 1 # 258 # 1 # ID=798494_1;partial=10;start_type=Edge;rbs_motif=None;rbs_spacer=None;gc_cont=0.531
k141_2416077_1       -          ArsB                 PF02040.21   5.2e-08   40.3   8.5   5.8e-08   40.1   8.5   1.0   1   0   0   1   1   1   1 # 2 # 604 # -1 # ID=2342761_1;partial=11;start_type=Edge;rbs_motif=None;rbs_spacer=None;gc_cont=0.602
k141_2810246_1       -          ArsB                 PF02040.21   5.4e-08   40.2   4.6     6e-08   40.1   4.6   1.0   1   0   0   1   1   1   1 # 1 # 576 # 1 # ID=2736862_1;partial=11;start_type=Edge;rbs_motif=None;rbs_spacer=None;gc_cont=0.622
k141_1153637_1       -          ArsB                 PF02040.21   5.6e-08   40.2   3.1   6.1e-08   40.1   3.1   1.0   1   0   0   1   1   1   1 # 1 # 129 # -1 # ID=1149114_1;partial=10;start_type=ATG;rbs_motif=None;rbs_spacer=None;gc_cont=0.589
k141_2264355_1       -          ArsB                 PF02040.21   6.6e-08   39.9   8.9   7.3e-08   39.8   8.9   1.0   1   0   0   1   1   1   1 # 2 # 691 # 1 # ID=2191072_1;partial=11;start_type=Edge;rbs_motif=None;rbs_spacer=None;gc_cont=0.568
k141_1277742_1       -          ArsB                 PF02040.21   1.4e-07   38.9   2.1   1.7e-07   38.5   2.1   1.0   1   0   0   1   1   1   1 # 2 # 544 # 1 # ID=1261069_1;partial=11;start_type=Edge;rbs_motif=None;rbs_spacer=None;gc_cont=0.652
k141_905012_1        -          ArsB                 PF02040.21     2e-07   38.3   0.7   2.2e-07   38.2   0.7   1.0   1   0   0   1   1   1   1 # 2 # 382 # 1 # ID=904779_1;partial=11;start_type=Edge;rbs_motif=None;rbs_spacer=None;gc_cont=0.436
k141_1797564_1       -          ArsB                 PF02040.21     2e-07   38.3  10.9   2.4e-07   38.1  10.9   1.0   1   0   0   1   1   1   1 # 1 # 465 # -1 # ID=1724389_1;partial=10;start_type=ATG;rbs_motif=None;rbs_spacer=None;gc_cont=0.542
k141_578603_1        -          ArsB                 PF02040.21   2.5e-07   38.0   8.2     3e-07   37.8   8.2   1.0   1   0   0   1   1   1   1 # 3 # 566 # -1 # ID=578459_1;partial=11;start_type=Edge;rbs_motif=None;rbs_spacer=None;gc_cont=0.644
k141_1838642_1       -          ArsB                 PF02040.21   3.7e-07   37.5  12.6   3.9e-07   37.4  12.6   1.0   1   0   0   1   1   1   1 # 1 # 525 # 1 # ID=1765450_1;partial=11;start_type=Edge;rbs_motif=None;rbs_spacer=None;gc_cont=0.627
k141_2300528_1       -          ArsB                 PF02040.21   5.6e-07   36.9   8.5   6.9e-07   36.6   8.5   1.0   1   0   0   1   1   1   1 # 1 # 462 # -1 # ID=2227239_1;partial=10;start_type=ATG;rbs_motif=None;rbs_spacer=None;gc_cont=0.574
k141_1693482_1       -          ArsB                 PF02040.21     1e-06   36.0  12.3   1.2e-06   35.8  12.3   1.0   1   0   0   1   1   1   1 # 3 # 551 # -1 # ID=1620327_1;partial=10;start_type=ATG;rbs_motif=None;rbs_spacer=None;gc_cont=0.525
k141_501524_2        -          ArsB                 PF02040.21   1.2e-06   35.8  11.1   1.4e-06   35.5  11.1   1.0   1   0   0   1   1   1   1 # 1063 # 1713 # -1 # ID=501394_2;partial=01;start_type=Edge;rbs_motif=None;rbs_spacer=None;gc_cont=0.401
k141_2537588_1       -          ArsB                 PF02040.21   1.3e-06   35.7   9.0   1.7e-06   35.3   9.0   1.1   1   0   0   1   1   1   1 # 2 # 499 # 1 # ID=2464251_1;partial=10;start_type=Edge;rbs_motif=None;rbs_spacer=None;gc_cont=0.363
k141_1161439_2       -          ArsB                 PF02040.21   1.3e-06   35.6  15.1   2.3e-06   34.8  15.1   1.4   1   1   0   1   1   1   1 # 228 # 1475 # 1 # ID=1156344_2;partial=00;start_type=ATG;rbs_motif=None;rbs_spacer=None;gc_cont=0.711
k141_2565082_1       -          ArsB                 PF02040.21   2.2e-06   34.9   4.8   2.5e-06   34.7   4.8   1.0   1   0   0   1   1   1   1 # 1 # 384 # -1 # ID=2491737_1;partial=10;start_type=GTG;rbs_motif=None;rbs_spacer=None;gc_cont=0.591
k141_1701252_1       -          ArsB                 PF02040.21   2.6e-06   34.7   9.2   3.2e-06   34.4   9.2   1.1   1   0   0   1   1   1   1 # 126 # 1010 # 1 # ID=1628096_1;partial=00;start_type=GTG;rbs_motif=None;rbs_spacer=None;gc_cont=0.619
k141_2021945_2       -          ArsB                 PF02040.21   2.7e-06   34.6   7.9   3.2e-06   34.4   7.9   1.0   1   0   0   1   1   1   1 # 400 # 903 # 1 # ID=1948710_2;partial=01;start_type=GTG;rbs_motif=None;rbs_spacer=None;gc_cont=0.692
k141_71988_1         -          ArsB                 PF02040.21   2.7e-06   34.6   5.0   2.8e-06   34.5   5.0   1.0   1   0   0   1   1   1   1 # 1 # 429 # 1 # ID=71974_1;partial=11;start_type=Edge;rbs_motif=None;rbs_spacer=None;gc_cont=0.571
k141_1810133_1       -          ArsB                 PF02040.21   4.9e-06   33.8  10.5   6.1e-06   33.5  10.5   1.0   1   0   0   1   1   1   1 # 2 # 481 # 1 # ID=1736955_1;partial=11;start_type=Edge;rbs_motif=None;rbs_spacer=None;gc_cont=0.602
k141_2668698_1       -          ArsB                 PF02040.21   5.3e-06   33.6   5.7   6.1e-06   33.4   5.7   1.0   1   0   0   1   1   1   1 # 2 # 454 # -1 # ID=2595340_1;partial=11;start_type=Edge;rbs_motif=None;rbs_spacer=None;gc_cont=0.625
k141_2317138_1       -          ArsB                 PF02040.21   6.1e-06   33.5  11.2   7.7e-06   33.1  11.2   1.0   1   0   0   1   1   1   1 # 3 # 527 # -1 # ID=2243846_1;partial=10;start_type=GTG;rbs_motif=None;rbs_spacer=None;gc_cont=0.613
k141_1701734_3       -          ArsB                 PF02040.21   6.2e-06   33.4  10.0   7.2e-06   33.2  10.0   1.1   1   0   0   1   1   1   1 # 1050 # 2126 # -1 # ID=1628578_3;partial=01;start_type=Edge;rbs_motif=None;rbs_spacer=None;gc_cont=0.708
k141_241333_1        -          ArsB                 PF02040.21   8.6e-06   33.0  17.9   2.9e-05   31.2  17.9   1.7   1   1   0   1   1   1   1 # 2 # 808 # -1 # ID=241274_1;partial=10;start_type=TTG;rbs_motif=None;rbs_spacer=None;gc_cont=0.696
k141_1103067_1       -          ArsB                 PF02040.21     9e-06   32.9   9.0     1e-05   32.7   9.0   1.0   1   0   0   1   1   1   1 # 40 # 579 # 1 # ID=1101637_1;partial=01;start_type=ATG;rbs_motif=None;rbs_spacer=None;gc_cont=0.522
k141_1734760_2       -          ArsB                 PF02040.21   9.3e-06   32.8   4.7     1e-05   32.7   4.7   1.0   1   0   0   1   1   1   1 # 306 # 1022 # -1 # ID=1661592_2;partial=01;start_type=Edge;rbs_motif=None;rbs_spacer=None;gc_cont=0.568
k141_1500441_1       -          ArsB                 PF02040.21   1.1e-05   32.6   3.1   1.3e-05   32.4   3.1   1.0   1   0   0   1   1   1   1 # 3 # 620 # -1 # ID=1427323_1;partial=11;start_type=Edge;rbs_motif=None;rbs_spacer=None;gc_cont=0.633
k141_1904348_1       -          ArsB                 PF02040.21   1.1e-05   32.6  13.4   1.3e-05   32.3  13.4   1.0   1   0   0   1   1   1   1 # 3 # 779 # 1 # ID=1831138_1;partial=11;start_type=Edge;rbs_motif=None;rbs_spacer=None;gc_cont=0.568
k141_1912728_1       -          ArsB                 PF02040.21   1.2e-05   32.5   7.8   1.3e-05   32.4   7.8   1.0   1   0   0   1   1   1   1 # 3 # 737 # -1 # ID=1839517_1;partial=11;start_type=Edge;rbs_motif=None;rbs_spacer=None;gc_cont=0.686
k141_1047333_1       -          ArsB                 PF02040.21   1.3e-05   32.3   5.2   1.6e-05   32.1   5.2   1.0   1   0   0   1   1   1   1 # 55 # 405 # 1 # ID=1047064_1;partial=01;start_type=ATG;rbs_motif=None;rbs_spacer=None;gc_cont=0.558
k141_2609072_1       -          ArsB                 PF02040.21   1.3e-05   32.3  13.4   1.4e-05   32.3  13.4   1.1   1   0   0   1   1   1   1 # 2 # 562 # -1 # ID=2535723_1;partial=11;start_type=Edge;rbs_motif=None;rbs_spacer=None;gc_cont=0.658
k141_2739558_1       -          ArsB                 PF02040.21   1.3e-05   32.3   4.1   1.6e-05   32.1   4.1   1.0   1   0   0   1   1   1   1 # 2 # 577 # 1 # ID=2666189_1;partial=11;start_type=Edge;rbs_motif=None;rbs_spacer=None;gc_cont=0.533
k141_650248_2        -          ArsB                 PF02040.21   1.7e-05   32.0   2.6   2.2e-05   31.6   2.6   1.2   1   0   0   1   1   1   1 # 148 # 981 # -1 # ID=650082_2;partial=01;start_type=Edge;rbs_motif=None;rbs_spacer=None;gc_cont=0.715
k141_2675587_1       -          ArsB                 PF02040.21   1.7e-05   32.0   3.6   2.1e-05   31.7   3.6   1.1   1   0   0   1   1   1   1 # 1 # 522 # 1 # ID=2602228_1;partial=11;start_type=Edge;rbs_motif=None;rbs_spacer=None;gc_cont=0.709
k141_2639548_1       -          ArsB                 PF02040.21     3e-05   31.2   4.6   3.3e-05   31.0   4.6   1.0   1   0   0   1   1   1   1 # 3 # 605 # -1 # ID=2566193_1;partial=11;start_type=Edge;rbs_motif=None;rbs_spacer=None;gc_cont=0.640
k141_425989_1        -          ArsB                 PF02040.21   3.1e-05   31.1   5.5   3.2e-05   31.1   5.5   1.0   1   0   0   1   1   1   1 # 2 # 382 # -1 # ID=425878_1;partial=11;start_type=Edge;rbs_motif=None;rbs_spacer=None;gc_cont=0.588
k141_199200_3        -          ArsB                 PF02040.21   3.6e-05   30.9   8.4   4.5e-05   30.6   8.4   1.1   1   0   0   1   1   1   1 # 1144 # 1857 # -1 # ID=199154_3;partial=01;start_type=Edge;rbs_motif=None;rbs_spacer=None;gc_cont=0.744
k141_1813444_1       -          ArsB                 PF02040.21   3.7e-05   30.9  13.4   4.3e-05   30.7  13.4   1.0   1   0   0   1   1   1   1 # 3 # 569 # -1 # ID=1740262_1;partial=10;start_type=ATG;rbs_motif=None;rbs_spacer=None;gc_cont=0.614
k141_1894326_1       -          ArsB                 PF02040.21   3.7e-05   30.9   3.2   4.3e-05   30.7   3.2   1.0   1   0   0   1   1   1   1 # 2 # 529 # -1 # ID=1821119_1;partial=11;start_type=Edge;rbs_motif=None;rbs_spacer=None;gc_cont=0.540
k141_62632_1         -          ArsB                 PF02040.21   3.7e-05   30.9   4.8   4.1e-05   30.7   4.8   1.1   1   0   0   1   1   1   1 # 64 # 603 # -1 # ID=62620_1;partial=01;start_type=Edge;rbs_motif=None;rbs_spacer=None;gc_cont=0.557
k141_1199144_1       -          ArsB                 PF02040.21   4.7e-05   30.5   6.5   5.4e-05   30.3   6.5   1.0   1   0   0   1   1   1   1 # 2 # 442 # -1 # ID=1191101_1;partial=11;start_type=Edge;rbs_motif=None;rbs_spacer=None;gc_cont=0.544
k141_652495_1        -          ArsB                 PF02040.21   4.8e-05   30.5   8.6   6.2e-05   30.1   8.6   1.0   1   0   0   1   1   1   1 # 50 # 646 # -1 # ID=652327_1;partial=01;start_type=Edge;rbs_motif=None;rbs_spacer=None;gc_cont=0.590
k141_2032726_1       -          ArsB                 PF02040.21   5.2e-05   30.4   4.5   6.2e-05   30.1   4.5   1.0   1   0   0   1   1   1   1 # 2 # 454 # -1 # ID=1959489_1;partial=11;start_type=Edge;rbs_motif=None;rbs_spacer=None;gc_cont=0.536
k141_1455712_2       -          ArsB                 PF02040.21   5.8e-05   30.2  10.9   6.6e-05   30.1  10.9   1.0   1   0   0   1   1   1   1 # 334 # 729 # 1 # ID=1399014_2;partial=01;start_type=ATG;rbs_motif=None;rbs_spacer=None;gc_cont=0.447
k141_979749_1        -          ArsB                 PF02040.21   7.9e-05   29.8   3.2   0.00011   29.3   3.2   1.1   1   0   0   1   1   1   1 # 1 # 447 # -1 # ID=979492_1;partial=11;start_type=Edge;rbs_motif=None;rbs_spacer=None;gc_cont=0.459
k141_278144_1        -          ArsB                 PF02040.21   0.00012   29.2   0.6   0.00014   29.0   0.6   1.0   1   0   0   1   1   1   1 # 3 # 329 # -1 # ID=278071_1;partial=11;start_type=Edge;rbs_motif=None;rbs_spacer=None;gc_cont=0.590
k141_2222788_1       -          ArsB                 PF02040.21   0.00015   28.9  13.0   0.00018   28.6  13.0   1.0   1   0   0   1   1   1   1 # 1 # 963 # 1 # ID=2149517_1;partial=11;start_type=Edge;rbs_motif=None;rbs_spacer=None;gc_cont=0.674
k141_1490502_3       -          ArsB                 PF02040.21   0.00016   28.8   8.4    0.0002   28.5   8.4   1.0   1   0   0   1   1   1   1 # 948 # 1496 # -1 # ID=1419936_3;partial=01;start_type=Edge;rbs_motif=None;rbs_spacer=None;gc_cont=0.397
k141_924942_1        -          ArsB                 PF02040.21   0.00017   28.7  11.5   0.00019   28.5  11.5   1.1   1   0   0   1   1   1   1 # 3 # 629 # -1 # ID=924702_1;partial=11;start_type=Edge;rbs_motif=None;rbs_spacer=None;gc_cont=0.608
k141_406609_1        -          ArsB                 PF02040.21   0.00017   28.7   1.6   0.00021   28.4   1.6   1.0   1   0   0   1   1   1   1 # 2 # 394 # 1 # ID=406504_1;partial=11;start_type=Edge;rbs_motif=None;rbs_spacer=None;gc_cont=0.664
k141_2728623_1       -          ArsB                 PF02040.21   0.00018   28.6   8.5   0.00021   28.4   8.5   1.0   1   0   0   1   1   1   1 # 2 # 430 # 1 # ID=2655254_1;partial=10;start_type=Edge;rbs_motif=None;rbs_spacer=None;gc_cont=0.499
k141_2806339_1       -          ArsB                 PF02040.21   0.00018   28.6   4.2    0.0002   28.5   4.2   1.0   1   0   0   1   1   1   1 # 3 # 383 # -1 # ID=2732956_1;partial=11;start_type=Edge;rbs_motif=None;rbs_spacer=None;gc_cont=0.381
k141_520367_1        -          ArsB                 PF02040.21   0.00018   28.6  28.5   0.00025   28.2  28.5   1.1   1   0   0   1   1   1   1 # 2 # 961 # 1 # ID=520233_1;partial=11;start_type=Edge;rbs_motif=None;rbs_spacer=None;gc_cont=0.477
k141_1445086_1       -          ArsB                 PF02040.21    0.0002   28.5   9.0   0.00024   28.2   9.0   1.0   1   0   0   1   1   1   1 # 3 # 482 # -1 # ID=1392046_1;partial=10;start_type=ATG;rbs_motif=None;rbs_spacer=None;gc_cont=0.681
k141_1844063_1       -          ArsB                 PF02040.21   0.00023   28.2   1.5   0.00027   28.0   1.5   1.0   1   0   0   1   1   1   1 # 3 # 455 # -1 # ID=1770870_1;partial=11;start_type=Edge;rbs_motif=None;rbs_spacer=None;gc_cont=0.525
k141_2106711_1       -          ArsB                 PF02040.21   0.00028   28.0   4.5   0.00034   27.7   4.5   1.0   1   0   0   1   1   1   1 # 3 # 785 # 1 # ID=2033464_1;partial=11;start_type=Edge;rbs_motif=None;rbs_spacer=None;gc_cont=0.600
k141_1275540_1       -          ArsB                 PF02040.21   0.00029   28.0   5.3   0.00044   27.3   5.3   1.3   1   0   0   1   1   1   1 # 2 # 820 # 1 # ID=1259162_1;partial=10;start_type=Edge;rbs_motif=None;rbs_spacer=None;gc_cont=0.718
k141_2312427_1       -          ArsB                 PF02040.21   0.00034   27.7   5.6   0.00038   27.5   5.6   1.0   1   0   0   1   1   1   1 # 2 # 466 # -1 # ID=2239135_1;partial=11;start_type=Edge;rbs_motif=None;rbs_spacer=None;gc_cont=0.555
k141_2142731_1       -          ArsB                 PF02040.21   0.00039   27.5   1.6    0.0004   27.5   1.6   1.0   1   0   0   1   1   1   1 # 3 # 362 # -1 # ID=2069474_1;partial=11;start_type=Edge;rbs_motif=None;rbs_spacer=None;gc_cont=0.625
k141_1442529_1       -          ArsB                 PF02040.21   0.00043   27.4   7.7   0.00047   27.2   7.7   1.0   1   0   0   1   1   1   1 # 3 # 533 # 1 # ID=1390400_1;partial=10;start_type=Edge;rbs_motif=None;rbs_spacer=None;gc_cont=0.516
k141_493853_1        -          ArsB                 PF02040.21   0.00044   27.3   2.2   0.00047   27.2   2.2   1.1   1   0   0   1   1   1   1 # 3 # 515 # -1 # ID=493724_1;partial=11;start_type=Edge;rbs_motif=None;rbs_spacer=None;gc_cont=0.612
k141_2824141_1       -          ArsB                 PF02040.21   0.00044   27.3  10.6   0.00053   27.1  10.6   1.1   1   0   0   1   1   1   1 # 2 # 622 # -1 # ID=2750755_1;partial=10;start_type=ATG;rbs_motif=None;rbs_spacer=None;gc_cont=0.564
k141_1060251_1       -          ArsB                 PF02040.21   0.00056   27.0   3.0   0.00072   26.6   3.0   1.0   1   0   0   1   1   1   1 # 43 # 507 # -1 # ID=1059980_1;partial=01;start_type=Edge;rbs_motif=None;rbs_spacer=None;gc_cont=0.684
k141_714234_1        -          ArsB                 PF02040.21   0.00057   27.0   0.2   0.00062   26.8   0.2   1.0   1   0   0   1   1   1   1 # 3 # 458 # -1 # ID=714048_1;partial=11;start_type=Edge;rbs_motif=None;rbs_spacer=None;gc_cont=0.568
k141_322376_1        -          ArsB                 PF02040.21   0.00057   26.9   3.4   0.00062   26.8   3.4   1.0   1   0   0   1   1   1   1 # 3 # 335 # 1 # ID=322291_1;partial=11;start_type=Edge;rbs_motif=None;rbs_spacer=None;gc_cont=0.550
k141_1660688_1       -          ArsB                 PF02040.21   0.00064   26.8   4.8   0.00074   26.6   4.8   1.0   1   0   0   1   1   1   1 # 3 # 317 # -1 # ID=1587541_1;partial=11;start_type=Edge;rbs_motif=None;rbs_spacer=None;gc_cont=0.454
k141_475089_2        -          ArsB                 PF02040.21   0.00068   26.7   7.1   0.00079   26.5   7.1   1.0   1   0   0   1   1   1   1 # 146 # 547 # -1 # ID=474967_2;partial=01;start_type=Edge;rbs_motif=None;rbs_spacer=None;gc_cont=0.682
k141_525981_1        -          ArsB                 PF02040.21   0.00082   26.4   4.4     0.001   26.1   4.4   1.1   1   0   0   1   1   1   1 # 2 # 529 # 1 # ID=525847_1;partial=11;start_type=Edge;rbs_motif=None;rbs_spacer=None;gc_cont=0.460
k141_751984_1        -          ArsB                 PF02040.21   0.00088   26.3   8.1    0.0011   26.1   8.1   1.0   1   0   0   1   1   1   1 # 1 # 543 # -1 # ID=751786_1;partial=11;start_type=Edge;rbs_motif=None;rbs_spacer=None;gc_cont=0.602
k141_1718473_1       -          ArsB                 PF02040.21   0.00088   26.3   2.1    0.0011   26.1   2.1   1.1   1   0   0   1   1   1   1 # 2 # 397 # 1 # ID=1645313_1;partial=11;start_type=Edge;rbs_motif=None;rbs_spacer=None;gc_cont=0.662
k141_2328810_1       -          ArsB                 PF02040.21   0.00096   26.2   3.0    0.0013   25.8   3.0   1.2   1   0   0   1   1   1   1 # 2 # 523 # -1 # ID=2255514_1;partial=11;start_type=Edge;rbs_motif=None;rbs_spacer=None;gc_cont=0.634
k141_2858929_1       -          ArsB                 PF02040.21   0.00096   26.2   2.7    0.0011   26.0   2.7   1.1   1   0   0   1   1   1   1 # 1 # 681 # 1 # ID=2785532_1;partial=11;start_type=Edge;rbs_motif=None;rbs_spacer=None;gc_cont=0.590
k141_1247844_1       -          ArsB                 PF02040.21    0.0011   26.0   1.2    0.0012   25.9   1.2   1.0   1   0   0   1   1   1   1 # 3 # 341 # -1 # ID=1234982_1;partial=11;start_type=Edge;rbs_motif=None;rbs_spacer=None;gc_cont=0.673
k141_243560_1        -          ArsB                 PF02040.21    0.0014   25.6   4.1    0.0018   25.3   4.1   1.1   1   0   0   1   1   1   1 # 2 # 328 # 1 # ID=243501_1;partial=10;start_type=Edge;rbs_motif=None;rbs_spacer=None;gc_cont=0.584
k141_1211110_1       -          ArsB                 PF02040.21    0.0016   25.5   4.3    0.0017   25.4   4.3   1.0   1   0   0   1   1   1   1 # 3 # 341 # -1 # ID=1202003_1;partial=11;start_type=Edge;rbs_motif=None;rbs_spacer=None;gc_cont=0.584
k141_2932560_1       -          ArsB                 PF02040.21    0.0018   25.3  11.0    0.0022   25.0  11.0   1.1   1   0   0   1   1   1   1 # 146 # 868 # -1 # ID=2859145_1;partial=01;start_type=Edge;rbs_motif=None;rbs_spacer=None;gc_cont=0.409
k141_13610_1         -          ArsB                 PF02040.21    0.0019   25.2   2.2    0.0022   25.0   2.2   1.0   1   0   0   1   1   1   1 # 2 # 454 # 1 # ID=13605_1;partial=11;start_type=Edge;rbs_motif=None;rbs_spacer=None;gc_cont=0.651
k141_1761365_1       -          ArsB                 PF02040.21    0.0023   25.0   7.6    0.0026   24.8   7.6   1.0   1   0   0   1   1   1   1 # 3 # 515 # -1 # ID=1688196_1;partial=10;start_type=ATG;rbs_motif=None;rbs_spacer=None;gc_cont=0.565
k141_2534031_3       -          ArsB                 PF02040.21    0.0023   24.9  27.8    0.0083   23.1  27.8   1.7   1   1   0   1   1   1   1 # 2683 # 4029 # 1 # ID=2460694_3;partial=00;start_type=ATG;rbs_motif=None;rbs_spacer=None;gc_cont=0.613
k141_642857_1        -          ArsB                 PF02040.21    0.0026   24.8   0.2    0.0029   24.6   0.2   1.0   1   0   0   1   1   1   1 # 1 # 510 # -1 # ID=642693_1;partial=11;start_type=Edge;rbs_motif=None;rbs_spacer=None;gc_cont=0.582
k141_1973697_1       -          ArsB                 PF02040.21    0.0037   24.3   9.1    0.0058   23.6   9.1   1.3   1   1   0   1   1   1   1 # 3 # 473 # -1 # ID=1900474_1;partial=11;start_type=Edge;rbs_motif=None;rbs_spacer=None;gc_cont=0.482
k141_341373_1        -          ArsB                 PF02040.21     0.004   24.2   8.2    0.0047   23.9   8.2   1.0   1   0   0   1   1   1   1 # 2 # 484 # -1 # ID=341284_1;partial=11;start_type=Edge;rbs_motif=None;rbs_spacer=None;gc_cont=0.590
k141_2417456_2       -          ArsB                 PF02040.21    0.0041   24.2   9.3    0.0043   24.1   9.3   1.0   1   0   0   1   1   1   1 # 323 # 997 # 1 # ID=2344140_2;partial=01;start_type=TTG;rbs_motif=None;rbs_spacer=None;gc_cont=0.601
k141_2288240_1       -          ArsB                 PF02040.21    0.0041   24.1   7.7    0.0049   23.9   7.7   1.0   1   0   0   1   1   1   1 # 1 # 459 # -1 # ID=2214952_1;partial=10;start_type=ATG;rbs_motif=None;rbs_spacer=None;gc_cont=0.584
k141_2631591_1       -          ArsB                 PF02040.21    0.0042   24.1   0.6    0.0049   23.9   0.6   1.0   1   0   0   1   1   1   1 # 2 # 376 # -1 # ID=2558236_1;partial=11;start_type=Edge;rbs_motif=None;rbs_spacer=None;gc_cont=0.568
k141_577314_1        -          ArsB                 PF02040.21    0.0048   23.9   0.1    0.0058   23.6   0.1   1.1   1   0   0   1   1   1   1 # 2 # 607 # -1 # ID=577170_1;partial=11;start_type=Edge;rbs_motif=None;rbs_spacer=None;gc_cont=0.657
k141_978573_1        -          ArsB                 PF02040.21    0.0053   23.8  12.1    0.0067   23.4  12.1   1.0   1   0   0   1   1   1   1 # 2 # 754 # 1 # ID=978317_1;partial=10;start_type=Edge;rbs_motif=None;rbs_spacer=None;gc_cont=0.564
k141_197311_1        -          ArsB                 PF02040.21    0.0059   23.6   4.4    0.0063   23.5   4.4   1.0   1   0   0   1   1   1   1 # 1 # 645 # -1 # ID=197265_1;partial=11;start_type=Edge;rbs_motif=None;rbs_spacer=None;gc_cont=0.626
k141_1574316_1       -          ArsB                 PF02040.21    0.0065   23.5   1.4     0.009   23.0   1.4   1.2   1   0   0   1   1   1   1 # 1 # 477 # 1 # ID=1501183_1;partial=10;start_type=Edge;rbs_motif=None;rbs_spacer=None;gc_cont=0.553
k141_2042257_1       -          ArsB                 PF02040.21    0.0066   23.5   0.6    0.0078   23.2   0.6   1.1   1   0   0   1   1   1   1 # 3 # 329 # -1 # ID=1969018_1;partial=10;start_type=ATG;rbs_motif=None;rbs_spacer=None;gc_cont=0.667
k141_1836102_1       -          ArsB                 PF02040.21    0.0067   23.4  10.2     0.022   21.7  10.2   1.7   1   1   0   1   1   1   1 # 20 # 649 # -1 # ID=1762911_1;partial=01;start_type=Edge;rbs_motif=None;rbs_spacer=None;gc_cont=0.522
k141_688200_1        -          ArsB                 PF02040.21    0.0069   23.4   7.0    0.0081   23.2   7.0   1.0   1   0   0   1   1   1   1 # 62 # 877 # -1 # ID=688019_1;partial=00;start_type=ATG;rbs_motif=None;rbs_spacer=None;gc_cont=0.609
k141_1934975_1       -          ArsB                 PF02040.21    0.0077   23.2  11.6    0.0087   23.1  11.6   1.0   1   0   0   1   1   1   1 # 3 # 770 # -1 # ID=1861759_1;partial=11;start_type=Edge;rbs_motif=None;rbs_spacer=None;gc_cont=0.656
k141_2044581_1       -          ArsB                 PF02040.21    0.0078   23.2   1.1    0.0078   23.2   1.1   1.0   1   0   0   1   1   1   1 # 89 # 415 # 1 # ID=1971342_1;partial=01;start_type=ATG;rbs_motif=None;rbs_spacer=None;gc_cont=0.630
k141_2107286_1       -          ArsB                 PF02040.21      0.01   22.8   3.4     0.012   22.6   3.4   1.0   1   0   0   1   1   1   0 # 41 # 397 # -1 # ID=2034038_1;partial=01;start_type=Edge;rbs_motif=None;rbs_spacer=None;gc_cont=0.527
k141_2746367_1       -          ArsB                 PF02040.21     0.011   22.8   6.0     0.012   22.6   6.0   1.0   1   0   0   1   1   1   0 # 1 # 501 # 1 # ID=2672996_1;partial=10;start_type=Edge;rbs_motif=None;rbs_spacer=None;gc_cont=0.611
k141_1253470_1       -          ArsB                 PF02040.21     0.012   22.6   8.0      0.02   21.9   8.0   1.4   1   1   0   1   1   1   0 # 3 # 857 # -1 # ID=1239996_1;partial=11;start_type=Edge;rbs_motif=None;rbs_spacer=None;gc_cont=0.743
k141_1546893_1       -          ArsB                 PF02040.21     0.012   22.6   4.1     0.014   22.4   4.1   1.0   1   0   0   1   1   1   0 # 1 # 510 # -1 # ID=1473766_1;partial=11;start_type=Edge;rbs_motif=None;rbs_spacer=None;gc_cont=0.510
k141_577023_1        -          ArsB                 PF02040.21     0.012   22.6   1.1     0.014   22.4   1.1   1.0   1   0   0   1   1   1   0 # 3 # 335 # -1 # ID=576879_1;partial=11;start_type=Edge;rbs_motif=None;rbs_spacer=None;gc_cont=0.523
k141_859677_2        -          ArsB                 PF02040.21     0.013   22.4   0.2     0.014   22.4   0.2   1.0   1   0   0   1   1   1   0 # 255 # 509 # -1 # ID=859455_2;partial=01;start_type=Edge;rbs_motif=None;rbs_spacer=None;gc_cont=0.698
k141_1641998_1       -          ArsB                 PF02040.21     0.015   22.3   2.0     0.016   22.2   2.0   1.0   1   0   0   1   1   1   0 # 3 # 299 # 1 # ID=1568853_1;partial=11;start_type=Edge;rbs_motif=None;rbs_spacer=None;gc_cont=0.478
k141_1540246_1       -          ArsB                 PF02040.21     0.017   22.1  12.5     0.023   21.7  12.5   1.2   1   0   0   1   1   1   0 # 1 # 1134 # -1 # ID=1467120_1;partial=11;start_type=Edge;rbs_motif=None;rbs_spacer=None;gc_cont=0.696
k141_2258656_1       -          ArsB                 PF02040.21     0.018   22.0   9.4     0.022   21.7   9.4   1.0   1   0   0   1   1   1   0 # 2 # 592 # 1 # ID=2185375_1;partial=11;start_type=Edge;rbs_motif=None;rbs_spacer=None;gc_cont=0.636
k141_399571_2        -          ArsB                 PF02040.21     0.018   22.0  11.9     0.038   21.0   3.0   2.2   2   0   0   2   2   2   0 # 667 # 1617 # 1 # ID=399468_2;partial=01;start_type=ATG;rbs_motif=None;rbs_spacer=None;gc_cont=0.654
k141_763254_1        -          ArsB                 PF02040.21      0.02   21.9   1.5     0.024   21.6   1.5   1.0   1   0   0   1   1   1   0 # 3 # 350 # 1 # ID=763054_1;partial=11;start_type=Edge;rbs_motif=None;rbs_spacer=None;gc_cont=0.655
k141_2520668_1       -          ArsB                 PF02040.21     0.021   21.8   3.4     0.023   21.7   3.4   1.1   1   0   0   1   1   1   0 # 3 # 410 # 1 # ID=2447335_1;partial=11;start_type=Edge;rbs_motif=None;rbs_spacer=None;gc_cont=0.620
k141_980954_1        -          ArsB                 PF02040.21     0.023   21.6   0.4     0.024   21.6   0.4   1.0   1   0   0   1   1   1   0 # 3 # 344 # -1 # ID=980697_1;partial=11;start_type=Edge;rbs_motif=None;rbs_spacer=None;gc_cont=0.602
k141_289061_1        -          ArsB                 PF02040.21     0.029   21.4   1.1     0.033   21.2   1.1   1.0   1   0   0   1   1   1   0 # 1 # 327 # 1 # ID=288984_1;partial=11;start_type=Edge;rbs_motif=None;rbs_spacer=None;gc_cont=0.483
k141_924401_1        -          ArsB                 PF02040.21      0.03   21.3  14.4     0.038   20.9  14.4   1.1   1   0   0   1   1   1   0 # 1 # 630 # -1 # ID=924161_1;partial=11;start_type=Edge;rbs_motif=None;rbs_spacer=None;gc_cont=0.441
k141_1130904_2       -          ArsB                 PF02040.21     0.036   21.0  10.2     0.041   20.9  10.2   1.0   1   0   0   1   1   1   0 # 125 # 652 # 1 # ID=1127942_2;partial=01;start_type=TTG;rbs_motif=None;rbs_spacer=None;gc_cont=0.593
k141_2839027_1       -          ArsB                 PF02040.21     0.039   20.9   7.1     0.043   20.8   7.1   1.0   1   0   0   1   1   1   0 # 2 # 511 # -1 # ID=2765640_1;partial=11;start_type=Edge;rbs_motif=None;rbs_spacer=None;gc_cont=0.596
k141_2762709_1       -          ArsB                 PF02040.21     0.043   20.8   3.5     0.053   20.5   3.5   1.1   1   0   0   1   1   1   0 # 1 # 540 # 1 # ID=2689333_1;partial=11;start_type=Edge;rbs_motif=None;rbs_spacer=None;gc_cont=0.594
k141_1923441_1       -          ArsB                 PF02040.21     0.045   20.7   4.1     0.047   20.6   4.1   1.0   1   0   0   1   1   1   0 # 3 # 314 # -1 # ID=1850227_1;partial=11;start_type=Edge;rbs_motif=None;rbs_spacer=None;gc_cont=0.532
k141_256313_1        -          ArsB                 PF02040.21     0.047   20.6   2.8      0.06   20.3   2.8   1.0   1   0   0   1   1   1   0 # 3 # 344 # 1 # ID=256250_1;partial=10;start_type=Edge;rbs_motif=None;rbs_spacer=None;gc_cont=0.500
k141_1992920_1       -          ArsB                 PF02040.21     0.048   20.6   8.0     0.053   20.5   8.0   1.0   1   0   0   1   1   1   0 # 3 # 584 # 1 # ID=1919691_1;partial=11;start_type=Edge;rbs_motif=None;rbs_spacer=None;gc_cont=0.521
k141_674715_1        -          ArsB                 PF02040.21     0.058   20.4   0.1      0.07   20.1   0.1   1.0   1   0   0   1   1   1   0 # 2 # 325 # -1 # ID=674538_1;partial=11;start_type=Edge;rbs_motif=None;rbs_spacer=None;gc_cont=0.593
k141_2474564_1       -          ArsB                 PF02040.21     0.065   20.2   1.5       0.1   19.6   1.5   1.2   1   0   0   1   1   1   0 # 1 # 861 # 1 # ID=2401239_1;partial=10;start_type=Edge;rbs_motif=None;rbs_spacer=None;gc_cont=0.638
k141_1181626_1       -          ArsB                 PF02040.21     0.067   20.1   0.1     0.075   20.0   0.1   1.1   1   0   0   1   1   1   0 # 1 # 351 # -1 # ID=1174962_1;partial=11;start_type=Edge;rbs_motif=None;rbs_spacer=None;gc_cont=0.584
k141_1767799_1       -          ArsB                 PF02040.21     0.071   20.1   0.2     0.083   19.8   0.2   1.0   1   0   0   1   1   1   0 # 177 # 395 # -1 # ID=1694629_1;partial=01;start_type=Edge;rbs_motif=None;rbs_spacer=None;gc_cont=0.443
k141_1661187_1       -          ArsB                 PF02040.21     0.073   20.0  10.7      0.16   18.9  10.7   1.5   1   1   0   1   1   1   0 # 77 # 556 # -1 # ID=1588040_1;partial=01;start_type=Edge;rbs_motif=None;rbs_spacer=None;gc_cont=0.450
k141_791929_1        -          ArsB                 PF02040.21     0.073   20.0   2.0     0.086   19.8   2.0   1.0   1   0   0   1   1   1   0 # 2 # 382 # 1 # ID=791721_1;partial=11;start_type=Edge;rbs_motif=None;rbs_spacer=None;gc_cont=0.661
k141_2611621_1       -          ArsB                 PF02040.21     0.075   20.0   2.8     0.076   20.0   2.8   1.0   1   0   0   1   1   1   0 # 1 # 363 # 1 # ID=2538271_1;partial=11;start_type=Edge;rbs_motif=None;rbs_spacer=None;gc_cont=0.598
k141_348023_1        -          ArsB                 PF02040.21     0.082   19.8   8.3     0.092   19.7   8.3   1.0   1   0   0   1   1   1   0 # 3 # 464 # 1 # ID=347933_1;partial=10;start_type=Edge;rbs_motif=None;rbs_spacer=None;gc_cont=0.563
k141_1816045_1       -          ArsB                 PF02040.21     0.083   19.8  16.3      0.32   17.9  16.3   2.2   1   1   0   1   1   1   0 # 2 # 1183 # 1 # ID=1742862_1;partial=10;start_type=Edge;rbs_motif=None;rbs_spacer=None;gc_cont=0.654
k141_2213608_1       -          ArsB                 PF02040.21     0.084   19.8   0.3     0.098   19.6   0.3   1.0   1   0   0   1   1   1   0 # 1 # 300 # -1 # ID=2140339_1;partial=11;start_type=Edge;rbs_motif=None;rbs_spacer=None;gc_cont=0.457
k141_123903_1        -          ArsB                 PF02040.21     0.093   19.7   3.1     0.099   19.6   3.1   1.0   1   0   0   1   1   1   0 # 47 # 331 # 1 # ID=123873_1;partial=01;start_type=ATG;rbs_motif=None;rbs_spacer=None;gc_cont=0.509
k141_1806258_3       -          ArsB                 PF02040.21     0.099   19.6   4.3      0.12   19.4   4.3   1.0   1   0   0   1   1   1   0 # 1232 # 1663 # -1 # ID=1733081_3;partial=01;start_type=Edge;rbs_motif=None;rbs_spacer=None;gc_cont=0.650
k141_2923715_1       -          ArsB                 PF02040.21     0.099   19.6   0.2      0.12   19.4   0.2   1.0   1   0   0   1   1   1   0 # 1 # 336 # 1 # ID=2850301_1;partial=11;start_type=Edge;rbs_motif=None;rbs_spacer=None;gc_cont=0.571
k141_416224_1        -          ArsB                 PF02040.21      0.12   19.3   7.7      0.17   18.8   7.7   1.2   1   0   0   1   1   1   0 # 1 # 465 # 1 # ID=416118_1;partial=10;start_type=Edge;rbs_motif=None;rbs_spacer=None;gc_cont=0.604
k141_2103422_1       -          ArsB                 PF02040.21      0.12   19.3  20.9      0.16   18.9  20.9   1.1   1   0   0   1   1   1   0 # 3 # 1043 # -1 # ID=2030175_1;partial=11;start_type=Edge;rbs_motif=None;rbs_spacer=None;gc_cont=0.695
k141_645583_1        -          ArsB                 PF02040.21      0.13   19.2   1.5      0.17   18.8   1.5   1.1   1   0   0   1   1   1   0 # 158 # 490 # -1 # ID=645418_1;partial=01;start_type=Edge;rbs_motif=None;rbs_spacer=None;gc_cont=0.730
k141_2052697_1       -          ArsB                 PF02040.21      0.13   19.2   6.0      0.18   18.7   6.0   1.2   1   0   0   1   1   1   0 # 1 # 597 # 1 # ID=1979457_1;partial=10;start_type=Edge;rbs_motif=None;rbs_spacer=None;gc_cont=0.665
k141_1356740_1       -          ArsB                 PF02040.21      0.15   19.0   7.4      0.18   18.7   7.4   1.1   1   0   0   1   1   1   0 # 3 # 824 # -1 # ID=1327055_1;partial=11;start_type=Edge;rbs_motif=None;rbs_spacer=None;gc_cont=0.678
k141_1878146_1       -          ArsB                 PF02040.21      0.15   19.0   6.5      0.25   18.2   6.5   1.4   1   1   0   1   1   1   0 # 3 # 536 # -1 # ID=1804942_1;partial=11;start_type=Edge;rbs_motif=None;rbs_spacer=None;gc_cont=0.659
k141_978362_1        -          ArsB                 PF02040.21      0.16   18.9   6.6      0.17   18.8   6.6   1.0   1   0   0   1   1   1   0 # 3 # 425 # -1 # ID=978106_1;partial=11;start_type=Edge;rbs_motif=None;rbs_spacer=None;gc_cont=0.612
k141_43414_1         -          ArsB                 PF02040.21       0.2   18.6   0.2      0.22   18.4   0.2   1.0   1   0   0   1   1   1   0 # 1 # 318 # 1 # ID=43403_1;partial=11;start_type=Edge;rbs_motif=None;rbs_spacer=None;gc_cont=0.610
k141_2685596_1       -          ArsB                 PF02040.21      0.22   18.5   0.3      0.23   18.4   0.3   1.0   1   0   0   1   1   1   0 # 1 # 303 # 1 # ID=2612234_1;partial=11;start_type=Edge;rbs_motif=None;rbs_spacer=None;gc_cont=0.432
k141_1639656_1       -          ArsB                 PF02040.21      0.23   18.4   0.4      0.26   18.2   0.4   1.0   1   0   0   1   1   1   0 # 170 # 487 # 1 # ID=1566512_1;partial=01;start_type=ATG;rbs_motif=None;rbs_spacer=None;gc_cont=0.720
k141_1227689_3       -          ArsB                 PF02040.21      0.25   18.3  11.1      0.27   18.1  11.1   1.0   1   0   0   1   1   1   0 # 2281 # 2850 # 1 # ID=1217005_3;partial=01;start_type=ATG;rbs_motif=None;rbs_spacer=None;gc_cont=0.637
k141_2455846_1       -          ArsB                 PF02040.21      0.27   18.2   0.4      0.27   18.1   0.4   1.0   1   0   0   1   1   1   0 # 2 # 508 # -1 # ID=2382527_1;partial=11;start_type=Edge;rbs_motif=None;rbs_spacer=None;gc_cont=0.568
k141_269789_1        -          ArsB                 PF02040.21      0.28   18.1   1.3      0.39   17.6   1.3   1.2   1   1   0   1   1   1   0 # 1 # 549 # 1 # ID=269718_1;partial=11;start_type=Edge;rbs_motif=None;rbs_spacer=None;gc_cont=0.539
k141_2407360_1       -          ArsB                 PF02040.21      0.29   18.0   2.1      0.32   17.9   2.1   1.0   1   0   0   1   1   1   0 # 2 # 496 # -1 # ID=2334045_1;partial=11;start_type=Edge;rbs_motif=None;rbs_spacer=None;gc_cont=0.489
k141_974555_1        -          ArsB                 PF02040.21       0.3   18.0   4.0      0.34   17.8   4.0   1.0   1   0   0   1   1   1   0 # 1 # 441 # 1 # ID=974301_1;partial=11;start_type=Edge;rbs_motif=None;rbs_spacer=None;gc_cont=0.580
k141_2101234_2       -          ArsB                 PF02040.21      0.31   17.9   1.3      0.34   17.8   1.3   1.0   1   0   0   1   1   1   0 # 216 # 431 # -1 # ID=2027987_2;partial=01;start_type=Edge;rbs_motif=None;rbs_spacer=None;gc_cont=0.440
k141_195104_2        -          ArsB                 PF02040.21      0.34   17.8   0.2       0.4   17.6   0.2   1.0   1   0   0   1   1   1   0 # 286 # 519 # -1 # ID=195058_2;partial=01;start_type=Edge;rbs_motif=None;rbs_spacer=None;gc_cont=0.551
k141_2763486_2       -          ArsB                 PF02040.21      0.35   17.8   0.2      0.38   17.7   0.2   1.0   1   0   0   1   1   1   0 # 288 # 476 # -1 # ID=2690110_2;partial=00;start_type=ATG;rbs_motif=None;rbs_spacer=None;gc_cont=0.646
k141_1286657_1       -          ArsB                 PF02040.21      0.39   17.6   2.1      0.47   17.3   2.1   1.0   1   0   0   1   1   1   0 # 1 # 342 # 1 # ID=1268822_1;partial=11;start_type=Edge;rbs_motif=None;rbs_spacer=None;gc_cont=0.477
k141_2425241_1       -          ArsB                 PF02040.21      0.42   17.5   1.0       0.5   17.3   1.0   1.1   1   0   0   1   1   1   0 # 1 # 633 # 1 # ID=2351924_1;partial=10;start_type=Edge;rbs_motif=None;rbs_spacer=None;gc_cont=0.695
k141_1671320_2       -          ArsB                 PF02040.21      0.45   17.4   7.4       0.5   17.3   7.4   1.1   1   0   0   1   1   1   0 # 159 # 641 # 1 # ID=1598170_2;partial=01;start_type=GTG;rbs_motif=None;rbs_spacer=None;gc_cont=0.741
k141_159012_1        -          ArsB                 PF02040.21      0.45   17.4   4.6      0.48   17.3   4.6   1.2   1   0   0   1   1   1   0 # 1 # 711 # -1 # ID=158975_1;partial=10;start_type=ATG;rbs_motif=None;rbs_spacer=None;gc_cont=0.665
k141_1497285_1       -          ArsB                 PF02040.21      0.48   17.3  12.1      0.48   17.3  12.1   2.2   2   0   0   2   2   2   0 # 3 # 1568 # -1 # ID=1424168_1;partial=10;start_type=TTG;rbs_motif=None;rbs_spacer=None;gc_cont=0.699
k141_2362455_1       -          ArsB                 PF02040.21      0.48   17.3   0.9      0.55   17.1   0.9   1.2   1   0   0   1   1   1   0 # 3 # 518 # -1 # ID=2289155_1;partial=11;start_type=Edge;rbs_motif=None;rbs_spacer=None;gc_cont=0.634
k141_739676_2        -          ArsB                 PF02040.21       0.5   17.3   7.6      0.61   17.0   7.6   1.2   1   0   0   1   1   1   0 # 824 # 1543 # 1 # ID=739482_2;partial=01;start_type=ATG;rbs_motif=None;rbs_spacer=None;gc_cont=0.475
k141_900776_3        -          ArsB                 PF02040.21      0.52   17.2  10.7      0.71   16.8  10.7   1.1   1   0   0   1   1   1   0 # 899 # 1378 # 1 # ID=900543_3;partial=01;start_type=ATG;rbs_motif=None;rbs_spacer=None;gc_cont=0.644
k141_1041825_1       -          ArsB                 PF02040.21      0.57   17.1   0.3      0.65   16.9   0.3   1.0   1   0   0   1   1   1   0 # 1 # 345 # -1 # ID=1041557_1;partial=11;start_type=Edge;rbs_motif=None;rbs_spacer=None;gc_cont=0.539
k141_2200647_1       -          ArsB                 PF02040.21      0.58   17.0   0.9      0.71   16.8   0.9   1.1   1   0   0   1   1   1   0 # 2 # 604 # 1 # ID=2127381_1;partial=11;start_type=Edge;rbs_motif=None;rbs_spacer=None;gc_cont=0.580
k141_1798046_1       -          ArsB                 PF02040.21      0.63   16.9   1.3      0.69   16.8   1.3   1.0   1   0   0   1   1   1   0 # 3 # 488 # -1 # ID=1724871_1;partial=11;start_type=Edge;rbs_motif=None;rbs_spacer=None;gc_cont=0.525
k141_1177776_1       -          ArsB                 PF02040.21      0.67   16.8   4.5      0.78   16.6   4.5   1.0   1   0   0   1   1   1   0 # 2 # 346 # -1 # ID=1171368_1;partial=11;start_type=Edge;rbs_motif=None;rbs_spacer=None;gc_cont=0.545
k141_1811737_1       -          ArsB                 PF02040.21      0.69   16.8   0.4      0.79   16.6   0.4   1.0   1   0   0   1   1   1   0 # 103 # 309 # -1 # ID=1738558_1;partial=01;start_type=Edge;rbs_motif=None;rbs_spacer=None;gc_cont=0.396
k141_1229373_2       -          ArsB                 PF02040.21      0.71   16.8   0.4      0.78   16.6   0.4   1.0   1   0   0   1   1   1   0 # 285 # 533 # -1 # ID=1218514_2;partial=01;start_type=Edge;rbs_motif=None;rbs_spacer=None;gc_cont=0.639
k141_2412835_1       -          ArsB                 PF02040.21      0.71   16.8   4.0      0.82   16.6   4.0   1.1   1   0   0   1   1   1   0 # 1 # 531 # 1 # ID=2339519_1;partial=11;start_type=Edge;rbs_motif=None;rbs_spacer=None;gc_cont=0.661
k141_432443_4        -          ArsB                 PF02040.21      0.72   16.7   6.6       0.8   16.6   6.6   1.0   1   0   0   1   1   1   0 # 2069 # 2518 # -1 # ID=432331_4;partial=01;start_type=Edge;rbs_motif=None;rbs_spacer=None;gc_cont=0.680
k141_2851751_1       -          ArsB                 PF02040.21      0.76   16.7   2.0      0.96   16.3   2.0   1.1   1   0   0   1   1   1   0 # 3 # 539 # -1 # ID=2778360_1;partial=10;start_type=ATG;rbs_motif=None;rbs_spacer=None;gc_cont=0.629
k141_1906874_1       -          ArsB                 PF02040.21       0.8   16.6   1.0      0.91   16.4   1.0   1.1   1   0   0   1   1   1   0 # 3 # 374 # -1 # ID=1833663_1;partial=11;start_type=Edge;rbs_motif=None;rbs_spacer=None;gc_cont=0.731
k141_647275_1        -          ArsB                 PF02040.21       0.9   16.4   0.7         1   16.3   0.7   1.1   1   0   0   1   1   1   0 # 3 # 401 # 1 # ID=647109_1;partial=10;start_type=Edge;rbs_motif=None;rbs_spacer=None;gc_cont=0.526
k141_51205_1         -          ArsB                 PF02040.21      0.91   16.4   0.6      0.92   16.4   0.6   1.0   1   0   0   1   1   1   0 # 2 # 139 # -1 # ID=51194_1;partial=10;start_type=ATG;rbs_motif=None;rbs_spacer=None;gc_cont=0.609
k141_1459150_1       -          ArsB                 PF02040.21      0.91   16.4   0.6       1.1   16.2   0.6   1.1   1   0   0   1   1   1   0 # 26 # 337 # -1 # ID=1401178_1;partial=01;start_type=Edge;rbs_motif=None;rbs_spacer=None;gc_cont=0.696
k141_617250_1        -          ArsB                 PF02040.21      0.95   16.3   3.3       1.1   16.2   3.3   1.0   1   0   0   1   1   1   0 # 3 # 314 # -1 # ID=617090_1;partial=11;start_type=Edge;rbs_motif=None;rbs_spacer=None;gc_cont=0.631
k141_2849870_1       -          ArsB                 PF02040.21      0.96   16.3   0.1       1.1   16.1   0.1   1.0   1   0   0   1   1   1   0 # 2 # 382 # 1 # ID=2776480_1;partial=11;start_type=Edge;rbs_motif=None;rbs_spacer=None;gc_cont=0.640
k141_2414366_1       -          ArsB                 PF02040.21       1.1   16.2   2.4       1.3   15.9   2.4   1.0   1   0   0   1   1   1   0 # 1 # 384 # 1 # ID=2341050_1;partial=11;start_type=Edge;rbs_motif=None;rbs_spacer=None;gc_cont=0.628
k141_851100_1        -          ArsB                 PF02040.21       1.1   16.1   1.6       1.1   16.1   1.6   1.1   1   0   0   1   1   1   0 # 3 # 398 # -1 # ID=850878_1;partial=11;start_type=Edge;rbs_motif=None;rbs_spacer=None;gc_cont=0.553
k141_93998_1         -          ArsB                 PF02040.21       1.2   16.1   0.2       1.3   15.9   0.2   1.0   1   0   0   1   1   1   0 # 2 # 418 # 1 # ID=93977_1;partial=11;start_type=Edge;rbs_motif=None;rbs_spacer=None;gc_cont=0.583
k141_407896_2        -          ArsB                 PF02040.21       1.2   16.0  11.7       1.6   15.6  11.7   1.2   1   0   0   1   1   1   0 # 1107 # 1766 # 1 # ID=407791_2;partial=01;start_type=ATG;rbs_motif=None;rbs_spacer=None;gc_cont=0.702
k141_2457955_2       -          ArsB                 PF02040.21       1.2   16.0   9.7       1.5   15.7   9.7   1.1   1   0   0   1   1   1   0 # 144 # 539 # 1 # ID=2384636_2;partial=01;start_type=ATG;rbs_motif=None;rbs_spacer=None;gc_cont=0.697
k141_614073_2        -          ArsB                 PF02040.21       1.2   16.0   0.2       1.5   15.7   0.2   1.1   1   0   0   1   1   1   0 # 435 # 1040 # 1 # ID=613914_2;partial=00;start_type=TTG;rbs_motif=None;rbs_spacer=None;gc_cont=0.635
k141_904789_1        -          ArsB                 PF02040.21       1.3   15.9   6.0       1.5   15.7   6.0   1.0   1   0   0   1   1   1   0 # 2 # 484 # 1 # ID=904556_1;partial=11;start_type=Edge;rbs_motif=None;rbs_spacer=None;gc_cont=0.638
k141_111583_1        -          ArsB                 PF02040.21       1.3   15.9   1.6       1.5   15.7   1.6   1.1   1   0   0   1   1   1   0 # 2 # 637 # -1 # ID=111558_1;partial=11;start_type=Edge;rbs_motif=None;rbs_spacer=None;gc_cont=0.656
k141_1629691_2       -          ArsB                 PF02040.21       1.3   15.9   1.1       1.5   15.7   1.1   1.0   1   0   0   1   1   1   0 # 303 # 608 # -1 # ID=1556547_2;partial=01;start_type=Edge;rbs_motif=None;rbs_spacer=None;gc_cont=0.716
k141_1858169_1       -          ArsB                 PF02040.21       1.3   15.9   0.9       1.4   15.8   0.9   1.1   1   0   0   1   1   1   0 # 3 # 410 # 1 # ID=1784970_1;partial=11;start_type=Edge;rbs_motif=None;rbs_spacer=None;gc_cont=0.694
k141_244957_1        -          ArsB                 PF02040.21       1.3   15.9   0.2       1.5   15.7   0.2   1.0   1   0   0   1   1   1   0 # 3 # 323 # -1 # ID=244898_1;partial=11;start_type=Edge;rbs_motif=None;rbs_spacer=None;gc_cont=0.368
k141_426205_1        -          ArsB                 PF02040.21       1.3   15.8   4.4       1.4   15.8   4.4   1.0   1   0   0   1   1   1   0 # 3 # 452 # 1 # ID=426094_1;partial=11;start_type=Edge;rbs_motif=None;rbs_spacer=None;gc_cont=0.542
k141_1281199_1       -          ArsB                 PF02040.21       1.4   15.8   2.1       1.7   15.5   2.1   1.2   1   0   0   1   1   1   0 # 1 # 702 # 1 # ID=1264076_1;partial=11;start_type=Edge;rbs_motif=None;rbs_spacer=None;gc_cont=0.684
k141_1297823_1       -          ArsB                 PF02040.21       1.4   15.8   0.2       1.5   15.7   0.2   1.1   1   0   0   1   1   1   0 # 1 # 363 # 1 # ID=1278451_1;partial=11;start_type=Edge;rbs_motif=None;rbs_spacer=None;gc_cont=0.628
k141_2525462_1       -          ArsB                 PF02040.21       1.4   15.8   2.7       1.5   15.7   2.7   1.1   1   0   0   1   1   1   0 # 1 # 312 # 1 # ID=2452128_1;partial=11;start_type=Edge;rbs_motif=None;rbs_spacer=None;gc_cont=0.635
k141_89754_1         -          ArsB                 PF02040.21       1.4   15.8   1.4       1.4   15.8   1.4   1.1   1   0   0   1   1   1   0 # 1 # 267 # 1 # ID=89734_1;partial=10;start_type=Edge;rbs_motif=None;rbs_spacer=None;gc_cont=0.588
k141_2147418_1       -          ArsB                 PF02040.21       1.8   15.5   3.0       1.8   15.4   3.0   1.0   1   0   0   1   1   1   0 # 2 # 355 # 1 # ID=2074160_1;partial=10;start_type=Edge;rbs_motif=None;rbs_spacer=None;gc_cont=0.455
k141_33348_1         -          ArsB                 PF02040.21       1.9   15.3   5.0       3.4   14.5   4.9   1.4   1   1   0   1   1   1   0 # 3 # 590 # -1 # ID=33338_1;partial=10;start_type=ATG;rbs_motif=None;rbs_spacer=None;gc_cont=0.497
k141_893855_1        -          ArsB                 PF02040.21       1.9   15.3   3.5       2.2   15.2   3.5   1.2   1   0   0   1   1   1   0 # 1 # 378 # -1 # ID=893626_1;partial=11;start_type=Edge;rbs_motif=None;rbs_spacer=None;gc_cont=0.593
k141_387271_1        -          ArsB                 PF02040.21         2   15.3   4.8       2.2   15.2   4.8   1.0   1   0   0   1   1   1   0 # 1 # 441 # -1 # ID=387172_1;partial=11;start_type=Edge;rbs_motif=None;rbs_spacer=None;gc_cont=0.585
k141_2412700_1       -          ArsB                 PF02040.21       2.1   15.2   5.9       2.4   15.0   4.3   1.4   1   1   0   1   1   1   0 # 3 # 353 # -1 # ID=2339384_1;partial=10;start_type=ATG;rbs_motif=None;rbs_spacer=None;gc_cont=0.425
k141_647162_1        -          ArsB                 PF02040.21       2.3   15.1   3.2       2.5   15.0   3.2   1.2   1   0   0   1   1   1   0 # 2 # 532 # -1 # ID=646996_1;partial=11;start_type=Edge;rbs_motif=None;rbs_spacer=None;gc_cont=0.725
k141_2709582_2       -          ArsB                 PF02040.21       2.3   15.1   1.0       2.4   15.0   1.0   1.0   1   0   0   1   1   1   0 # 478 # 699 # -1 # ID=2636215_2;partial=01;start_type=Edge;rbs_motif=None;rbs_spacer=None;gc_cont=0.725
k141_2144808_3       -          ArsB                 PF02040.21       2.3   15.1  10.7       3.1   14.7  10.7   1.1   1   0   0   1   1   1   0 # 2090 # 2980 # -1 # ID=2071551_3;partial=01;start_type=Edge;rbs_motif=None;rbs_spacer=None;gc_cont=0.453
k141_2707630_1       -          ArsB                 PF02040.21       2.4   15.0  10.4       2.7   14.8  10.4   1.1   1   0   0   1   1   1   0 # 3 # 596 # -1 # ID=2634264_1;partial=11;start_type=Edge;rbs_motif=None;rbs_spacer=None;gc_cont=0.646
k141_515922_1        -          ArsB                 PF02040.21       2.5   14.9   2.3       2.8   14.8   2.3   1.0   1   0   0   1   1   1   0 # 2 # 244 # -1 # ID=515788_1;partial=10;start_type=ATG;rbs_motif=None;rbs_spacer=None;gc_cont=0.560
k141_2625008_1       -          ArsB                 PF02040.21       2.6   14.9   3.0       2.8   14.8   3.0   1.0   1   0   0   1   1   1   0 # 1 # 303 # 1 # ID=2551656_1;partial=11;start_type=Edge;rbs_motif=None;rbs_spacer=None;gc_cont=0.670
k141_1794200_1       -          ArsB                 PF02040.21       3.4   14.5   0.8       3.8   14.4   0.8   1.0   1   0   0   1   1   1   0 # 1 # 213 # 1 # ID=1721025_1;partial=10;start_type=Edge;rbs_motif=None;rbs_spacer=None;gc_cont=0.479
k141_1772115_2       -          ArsB                 PF02040.21       3.7   14.4   0.1         4   14.3   0.1   1.0   1   0   0   1   1   1   0 # 281 # 532 # -1 # ID=1698945_2;partial=01;start_type=Edge;rbs_motif=None;rbs_spacer=None;gc_cont=0.528
k141_953612_2        -          ArsB                 PF02040.21       3.8   14.4   0.5       3.8   14.4   0.5   1.0   1   0   0   1   1   1   0 # 1294 # 1419 # 1 # ID=953363_2;partial=01;start_type=ATG;rbs_motif=None;rbs_spacer=None;gc_cont=0.294
k141_1644659_2       -          ArsB                 PF02040.21       3.9   14.3   0.2         4   14.3   0.2   1.0   1   0   0   1   1   1   0 # 832 # 1011 # -1 # ID=1571514_2;partial=01;start_type=Edge;rbs_motif=None;rbs_spacer=None;gc_cont=0.656
k141_592075_1        -          ArsB                 PF02040.21       3.9   14.3   1.5       4.2   14.2   1.5   1.1   1   0   0   1   1   1   0 # 2 # 370 # -1 # ID=591922_1;partial=11;start_type=Edge;rbs_motif=None;rbs_spacer=None;gc_cont=0.569
k141_1291079_1       -          ArsB                 PF02040.21       4.3   14.2   3.9       5.6   13.8   3.9   1.3   1   1   0   1   1   1   0 # 1 # 423 # 1 # ID=1272640_1;partial=10;start_type=Edge;rbs_motif=None;rbs_spacer=None;gc_cont=0.570
k141_2555245_1       -          ArsB                 PF02040.21       4.3   14.2   6.7       6.2   13.7   6.7   1.3   1   0   0   1   1   1   0 # 76 # 1011 # 1 # ID=2481901_1;partial=01;start_type=ATG;rbs_motif=None;rbs_spacer=None;gc_cont=0.647
k141_2047480_1       -          ArsB                 PF02040.21       4.6   14.1   0.4         5   14.0   0.4   1.0   1   0   0   1   1   1   0 # 2 # 388 # -1 # ID=1974241_1;partial=11;start_type=Edge;rbs_motif=None;rbs_spacer=None;gc_cont=0.651
k141_2050523_2       -          ArsB                 PF02040.21       4.7   14.0  16.3       5.8   13.8  16.3   1.0   1   0   0   1   1   1   0 # 293 # 970 # 1 # ID=1977283_2;partial=01;start_type=ATG;rbs_motif=None;rbs_spacer=None;gc_cont=0.630
k141_1481195_2       -          ArsB                 PF02040.21       5.1   13.9   5.9       5.8   13.8   5.9   1.1   1   0   0   1   1   1   0 # 200 # 838 # -1 # ID=1414554_2;partial=01;start_type=Edge;rbs_motif=None;rbs_spacer=None;gc_cont=0.659
k141_1702360_2       -          ArsB                 PF02040.21       5.6   13.8   0.6       7.4   13.4   0.6   1.1   1   0   0   1   1   1   0 # 434 # 706 # -1 # ID=1629204_2;partial=00;start_type=ATG;rbs_motif=None;rbs_spacer=None;gc_cont=0.564
k141_2804293_1       -          ArsB                 PF02040.21       6.1   13.7   0.2       6.4   13.6   0.2   1.0   1   0   0   1   1   1   0 # 3 # 311 # -1 # ID=2730911_1;partial=11;start_type=Edge;rbs_motif=None;rbs_spacer=None;gc_cont=0.728
k141_192956_1        -          ArsB                 PF02040.21       6.1   13.7   9.2         8   13.3   9.2   1.1   1   0   0   1   1   1   0 # 1 # 1035 # -1 # ID=192911_1;partial=10;start_type=ATG;rbs_motif=None;rbs_spacer=None;gc_cont=0.660
k141_2569368_1       -          ArsB                 PF02040.21       6.6   13.6   1.2        11   12.8   1.2   1.3   1   1   0   1   1   1   0 # 57 # 359 # -1 # ID=2496022_1;partial=01;start_type=Edge;rbs_motif=None;rbs_spacer=None;gc_cont=0.693
k141_809152_1        -          ArsB                 PF02040.21       6.8   13.5   0.0       8.4   13.2   0.0   1.1   1   0   0   1   1   1   0 # 3 # 392 # 1 # ID=808940_1;partial=10;start_type=Edge;rbs_motif=None;rbs_spacer=None;gc_cont=0.585
k141_1355662_2       -          ArsB                 PF02040.21       6.8   13.5   0.3       7.1   13.5   0.3   1.0   1   0   0   1   1   1   0 # 231 # 404 # -1 # ID=1326198_2;partial=00;start_type=ATG;rbs_motif=None;rbs_spacer=None;gc_cont=0.649
k141_1431884_1       -          ArsB                 PF02040.21       7.7   13.4   4.8         9   13.1   4.8   1.0   1   0   0   1   1   1   0 # 290 # 520 # 1 # ID=1383340_1;partial=01;start_type=ATG;rbs_motif=None;rbs_spacer=None;gc_cont=0.528
k141_520145_1        -          ArsB                 PF02040.21       9.5   13.0   0.1       9.5   13.0   0.1   1.1   1   0   0   1   1   1   0 # 2 # 223 # -1 # ID=520011_1;partial=10;start_type=ATG;rbs_motif=None;rbs_spacer=None;gc_cont=0.568
#
# Program:         hmmsearch
# Version:         3.2.1 (June 2018)
# Pipeline mode:   SEARCH
# Query file:      hmmdb/arsGenes/ArsB-PF02040.hmm
# Target file:     JNS12_tmp/JNS12_proteins.faa
# Option settings: hmmsearch -o JNS12_tmp/JNS12_arsB.txt --tblout JNS12_outputs/JNS12_arsB_hmmer.out hmmdb/arsGenes/ArsB-PF02040.hmm JNS12_tmp/JNS12_proteins.faa 
# Current dir:     /home/dell/ncbi/AsSb-cso
# Date:            Sat Mar 15 17:17:37 2025
# [ok]
