#                                                               --- full sequence ---- --- best 1 domain ---- --- domain number estimation ----
# target name        accession  query name           accession    E-value  score  bias   E-value  score  bias   exp reg clu  ov env dom rep inc description of target
#------------------- ---------- -------------------- ---------- --------- ------ ----- --------- ------ -----   --- --- --- --- --- --- --- --- ---------------------
k141_2664157_2       -          ArsC                 PF03960.21   4.6e-21   82.3   0.1   5.2e-21   82.2   0.1   1.0   1   0   0   1   1   1   1 # 337 # 693 # 1 # ID=2590800_2;partial=01;start_type=ATG;rbs_motif=None;rbs_spacer=None;gc_cont=0.429
k141_1907782_2       -          ArsC                 PF03960.21   3.5e-20   79.5   0.0   3.9e-20   79.4   0.0   1.0   1   0   0   1   1   1   1 # 174 # 524 # 1 # ID=1834571_2;partial=00;start_type=ATG;rbs_motif=None;rbs_spacer=None;gc_cont=0.661
k141_476259_2        -          ArsC                 PF03960.21   5.7e-20   78.8   0.0   6.4e-20   78.7   0.0   1.0   1   0   0   1   1   1   1 # 262 # 609 # 1 # ID=476137_2;partial=00;start_type=ATG;rbs_motif=None;rbs_spacer=None;gc_cont=0.655
k141_1164939_2       -          ArsC                 PF03960.21   5.7e-20   78.8   0.0   6.5e-20   78.7   0.0   1.0   1   0   0   1   1   1   1 # 542 # 889 # 1 # ID=1159584_2;partial=00;start_type=ATG;rbs_motif=None;rbs_spacer=None;gc_cont=0.621
k141_2541711_2       -          ArsC                 PF03960.21     6e-20   78.8   0.0   6.8e-20   78.6   0.0   1.0   1   0   0   1   1   1   1 # 374 # 721 # 1 # ID=2468372_2;partial=00;start_type=ATG;rbs_motif=None;rbs_spacer=None;gc_cont=0.684
k141_2429646_1       -          ArsC                 PF03960.21   6.2e-20   78.7   0.1   8.4e-20   78.3   0.1   1.2   1   0   0   1   1   1   1 # 3 # 350 # -1 # ID=2356328_1;partial=10;start_type=ATG;rbs_motif=None;rbs_spacer=None;gc_cont=0.480
k141_73105_5         -          ArsC                 PF03960.21   6.9e-20   78.6   0.0   7.8e-20   78.4   0.0   1.0   1   0   0   1   1   1   1 # 3001 # 3348 # -1 # ID=73090_5;partial=00;start_type=GTG;rbs_motif=None;rbs_spacer=None;gc_cont=0.649
k141_2255568_2       -          ArsC                 PF03960.21   7.7e-20   78.4   0.0     9e-20   78.2   0.0   1.0   1   0   0   1   1   1   1 # 206 # 556 # -1 # ID=2182287_2;partial=00;start_type=ATG;rbs_motif=None;rbs_spacer=None;gc_cont=0.547
k141_581709_2        -          ArsC                 PF03960.21   1.2e-19   77.8   0.0   1.4e-19   77.6   0.0   1.0   1   0   0   1   1   1   1 # 583 # 936 # 1 # ID=581562_2;partial=00;start_type=ATG;rbs_motif=None;rbs_spacer=None;gc_cont=0.647
k141_1912460_2       -          ArsC                 PF03960.21   1.6e-19   77.4   0.0   1.9e-19   77.2   0.0   1.0   1   0   0   1   1   1   1 # 258 # 605 # -1 # ID=1839249_2;partial=00;start_type=ATG;rbs_motif=None;rbs_spacer=None;gc_cont=0.629
k141_1715773_1       -          ArsC                 PF03960.21     2e-19   77.1   0.0   2.5e-19   76.8   0.0   1.1   1   0   0   1   1   1   1 # 198 # 590 # 1 # ID=1642614_1;partial=01;start_type=ATG;rbs_motif=None;rbs_spacer=None;gc_cont=0.585
k141_2552105_1       -          ArsC                 PF03960.21   2.3e-19   76.9   0.0   2.6e-19   76.7   0.0   1.0   1   0   0   1   1   1   1 # 1 # 327 # -1 # ID=2478761_1;partial=10;start_type=ATG;rbs_motif=None;rbs_spacer=None;gc_cont=0.630
k141_76555_5         -          ArsC                 PF03960.21   2.7e-19   76.6   0.0   3.2e-19   76.4   0.0   1.1   1   0   0   1   1   1   1 # 3452 # 3796 # 1 # ID=76539_5;partial=00;start_type=ATG;rbs_motif=None;rbs_spacer=None;gc_cont=0.557
k141_2914947_2       -          ArsC                 PF03960.21   4.2e-19   76.1   0.0   4.8e-19   75.9   0.0   1.0   1   0   0   1   1   1   1 # 171 # 527 # -1 # ID=2841535_2;partial=01;start_type=Edge;rbs_motif=None;rbs_spacer=None;gc_cont=0.580
k141_2503599_2       -          ArsC                 PF03960.21   4.9e-19   75.8   0.0   5.6e-19   75.7   0.0   1.0   1   0   0   1   1   1   1 # 586 # 933 # -1 # ID=2430269_2;partial=00;start_type=ATG;rbs_motif=None;rbs_spacer=None;gc_cont=0.649
k141_393936_6        -          ArsC                 PF03960.21     5e-19   75.8   0.0   5.7e-19   75.6   0.0   1.0   1   0   0   1   1   1   1 # 3990 # 4337 # -1 # ID=393836_6;partial=00;start_type=ATG;rbs_motif=None;rbs_spacer=None;gc_cont=0.595
k141_943690_2        -          ArsC                 PF03960.21   6.2e-19   75.5   0.0   7.3e-19   75.3   0.0   1.1   1   0   0   1   1   1   1 # 396 # 761 # 1 # ID=943446_2;partial=00;start_type=ATG;rbs_motif=None;rbs_spacer=None;gc_cont=0.620
k141_2154853_2       -          ArsC                 PF03960.21   8.1e-19   75.1   0.0   9.3e-19   74.9   0.0   1.0   1   0   0   1   1   1   1 # 480 # 818 # 1 # ID=2081595_2;partial=01;start_type=ATG;rbs_motif=None;rbs_spacer=None;gc_cont=0.614
k141_858649_2        -          ArsC                 PF03960.21   8.3e-19   75.1   0.0   9.4e-19   74.9   0.0   1.0   1   0   0   1   1   1   1 # 747 # 1097 # 1 # ID=858427_2;partial=00;start_type=ATG;rbs_motif=None;rbs_spacer=None;gc_cont=0.704
k141_1507342_1       -          ArsC                 PF03960.21   9.5e-19   74.9   0.0   1.2e-18   74.6   0.0   1.1   1   0   0   1   1   1   1 # 3 # 371 # -1 # ID=1434221_1;partial=10;start_type=ATG;rbs_motif=None;rbs_spacer=None;gc_cont=0.645
k141_2490861_2       -          ArsC                 PF03960.21   1.5e-18   74.2   0.0   1.8e-18   74.1   0.0   1.0   1   0   0   1   1   1   1 # 921 # 1271 # -1 # ID=2417532_2;partial=00;start_type=ATG;rbs_motif=None;rbs_spacer=None;gc_cont=0.670
k141_2892334_1       -          ArsC                 PF03960.21   2.8e-18   73.4   0.0   3.1e-18   73.2   0.0   1.0   1   0   0   1   1   1   1 # 37 # 384 # -1 # ID=2818932_1;partial=00;start_type=ATG;rbs_motif=None;rbs_spacer=None;gc_cont=0.629
k141_494063_2        -          ArsC                 PF03960.21   3.5e-18   73.1   0.0   3.9e-18   72.9   0.0   1.0   1   0   0   1   1   1   1 # 156 # 503 # 1 # ID=493934_2;partial=00;start_type=ATG;rbs_motif=None;rbs_spacer=None;gc_cont=0.603
k141_2910437_2       -          ArsC                 PF03960.21   3.6e-18   73.0   0.0   4.1e-18   72.9   0.0   1.0   1   0   0   1   1   1   1 # 94 # 438 # 1 # ID=2837028_2;partial=00;start_type=ATG;rbs_motif=None;rbs_spacer=None;gc_cont=0.658
k141_938005_2        -          ArsC                 PF03960.21   4.8e-18   72.7   0.0   5.4e-18   72.5   0.0   1.0   1   0   0   1   1   1   1 # 1168 # 1518 # 1 # ID=937764_2;partial=00;start_type=ATG;rbs_motif=None;rbs_spacer=None;gc_cont=0.692
k141_562195_1        -          ArsC                 PF03960.21   9.2e-18   71.8   0.0   1.1e-17   71.5   0.0   1.1   1   0   0   1   1   1   1 # 1 # 426 # 1 # ID=562055_1;partial=10;start_type=Edge;rbs_motif=None;rbs_spacer=None;gc_cont=0.577
k141_198429_3        -          ArsC                 PF03960.21   1.1e-17   71.5   0.0   1.4e-17   71.2   0.0   1.0   1   0   0   1   1   1   1 # 2131 # 2481 # 1 # ID=198383_3;partial=00;start_type=ATG;rbs_motif=None;rbs_spacer=None;gc_cont=0.698
k141_2273921_3       -          ArsC                 PF03960.21   1.5e-17   71.0   0.0   1.8e-17   70.9   0.0   1.1   1   0   0   1   1   1   1 # 1707 # 2060 # 1 # ID=2200636_3;partial=00;start_type=ATG;rbs_motif=None;rbs_spacer=None;gc_cont=0.718
k141_127392_2        -          ArsC                 PF03960.21   1.6e-17   71.0   0.0   1.9e-17   70.8   0.0   1.0   1   0   0   1   1   1   1 # 449 # 796 # -1 # ID=127360_2;partial=00;start_type=ATG;rbs_motif=None;rbs_spacer=None;gc_cont=0.417
k141_1998595_2       -          ArsC                 PF03960.21   2.4e-17   70.4   0.1     3e-17   70.1   0.1   1.1   1   0   0   1   1   1   1 # 153 # 503 # -1 # ID=1925364_2;partial=00;start_type=ATG;rbs_motif=None;rbs_spacer=None;gc_cont=0.573
k141_904061_1        -          ArsC                 PF03960.21   2.6e-17   70.3   0.1   3.5e-17   69.9   0.1   1.2   1   0   0   1   1   1   1 # 78 # 428 # -1 # ID=903828_1;partial=00;start_type=ATG;rbs_motif=None;rbs_spacer=None;gc_cont=0.538
k141_1650052_1       -          ArsC                 PF03960.21   3.5e-17   69.9   0.0   3.9e-17   69.7   0.0   1.0   1   0   0   1   1   1   1 # 21 # 365 # -1 # ID=1576906_1;partial=01;start_type=Edge;rbs_motif=None;rbs_spacer=None;gc_cont=0.667
k141_1607252_1       -          ArsC                 PF03960.21   4.1e-17   69.7   0.0   4.7e-17   69.5   0.0   1.0   1   0   0   1   1   1   1 # 1 # 348 # 1 # ID=1534114_1;partial=10;start_type=Edge;rbs_motif=None;rbs_spacer=None;gc_cont=0.629
k141_787231_2        -          ArsC                 PF03960.21   4.4e-17   69.6   0.0     5e-17   69.4   0.0   1.0   1   0   0   1   1   1   1 # 867 # 1220 # 1 # ID=787023_2;partial=00;start_type=ATG;rbs_motif=None;rbs_spacer=None;gc_cont=0.508
k141_470083_5        -          ArsC                 PF03960.21   4.7e-17   69.5   0.1   5.3e-17   69.3   0.1   1.0   1   0   0   1   1   1   1 # 2525 # 2845 # -1 # ID=469963_5;partial=01;start_type=Edge;rbs_motif=None;rbs_spacer=None;gc_cont=0.592
k141_687226_1        -          ArsC                 PF03960.21   5.6e-17   69.2   0.1   6.4e-17   69.0   0.1   1.0   1   0   0   1   1   1   1 # 77 # 424 # 1 # ID=687046_1;partial=00;start_type=ATG;rbs_motif=None;rbs_spacer=None;gc_cont=0.376
k141_1826842_3       -          ArsC                 PF03960.21   7.4e-17   68.9   0.1     9e-17   68.6   0.1   1.1   1   0   0   1   1   1   1 # 941 # 1291 # 1 # ID=1753653_3;partial=00;start_type=ATG;rbs_motif=None;rbs_spacer=None;gc_cont=0.587
k141_1738064_1       -          ArsC                 PF03960.21   7.6e-17   68.8   0.0     9e-17   68.6   0.0   1.1   1   0   0   1   1   1   1 # 3 # 329 # -1 # ID=1664896_1;partial=10;start_type=GTG;rbs_motif=None;rbs_spacer=None;gc_cont=0.722
k141_2057815_1       -          ArsC                 PF03960.21   8.4e-17   68.7   0.2   9.4e-17   68.5   0.2   1.0   1   0   0   1   1   1   1 # 2 # 310 # -1 # ID=1984575_1;partial=10;start_type=ATG;rbs_motif=None;rbs_spacer=None;gc_cont=0.430
k141_2578423_1       -          ArsC                 PF03960.21   1.1e-16   68.3   0.0   1.2e-16   68.1   0.0   1.0   1   0   0   1   1   1   1 # 2 # 319 # -1 # ID=2505076_1;partial=10;start_type=ATG;rbs_motif=None;rbs_spacer=None;gc_cont=0.604
k141_2328751_1       -          ArsC                 PF03960.21   1.1e-16   68.3   0.0   1.2e-16   68.1   0.0   1.0   1   0   0   1   1   1   1 # 3 # 320 # 1 # ID=2255455_1;partial=10;start_type=Edge;rbs_motif=None;rbs_spacer=None;gc_cont=0.572
k141_1428203_1       -          ArsC                 PF03960.21   1.1e-16   68.3   0.0   1.3e-16   68.1   0.0   1.0   1   0   0   1   1   1   1 # 3 # 296 # -1 # ID=1380840_1;partial=10;start_type=ATG;rbs_motif=None;rbs_spacer=None;gc_cont=0.497
k141_549447_2        -          ArsC                 PF03960.21   1.6e-16   67.8   0.0   1.8e-16   67.6   0.0   1.0   1   0   0   1   1   1   1 # 170 # 520 # -1 # ID=549308_2;partial=01;start_type=Edge;rbs_motif=None;rbs_spacer=None;gc_cont=0.681
k141_2233652_1       -          ArsC                 PF03960.21   1.8e-16   67.6   0.0   2.3e-16   67.3   0.0   1.1   1   0   0   1   1   1   1 # 3 # 449 # 1 # ID=2160381_1;partial=10;start_type=Edge;rbs_motif=None;rbs_spacer=None;gc_cont=0.716
k141_1861057_2       -          ArsC                 PF03960.21   2.1e-16   67.4   0.0   2.4e-16   67.2   0.0   1.1   1   0   0   1   1   1   1 # 565 # 930 # -1 # ID=1787857_2;partial=00;start_type=ATG;rbs_motif=None;rbs_spacer=None;gc_cont=0.342
k141_470568_2        -          ArsC                 PF03960.21   2.2e-16   67.3   0.0   2.6e-16   67.1   0.0   1.1   1   0   0   1   1   1   1 # 307 # 663 # 1 # ID=470448_2;partial=00;start_type=ATG;rbs_motif=None;rbs_spacer=None;gc_cont=0.697
k141_2088725_1       -          ArsC                 PF03960.21   2.5e-16   67.2   0.0   2.8e-16   67.0   0.0   1.0   1   0   0   1   1   1   1 # 14 # 367 # -1 # ID=2015480_1;partial=00;start_type=ATG;rbs_motif=None;rbs_spacer=None;gc_cont=0.562
k141_2542588_1       -          ArsC                 PF03960.21   3.2e-16   66.8   0.0   4.2e-16   66.4   0.0   1.2   1   0   0   1   1   1   1 # 73 # 501 # 1 # ID=2469248_1;partial=00;start_type=GTG;rbs_motif=None;rbs_spacer=None;gc_cont=0.536
k141_1105827_1       -          ArsC                 PF03960.21   3.4e-16   66.7   0.0   3.8e-16   66.6   0.0   1.0   1   0   0   1   1   1   1 # 25 # 372 # -1 # ID=1104291_1;partial=00;start_type=ATG;rbs_motif=None;rbs_spacer=None;gc_cont=0.664
k141_2442662_1       -          ArsC                 PF03960.21   8.8e-16   65.4   0.1     1e-15   65.2   0.1   1.1   1   0   0   1   1   1   1 # 45 # 443 # -1 # ID=2369343_1;partial=00;start_type=ATG;rbs_motif=None;rbs_spacer=None;gc_cont=0.421
k141_199270_2        -          ArsC                 PF03960.21   9.6e-16   65.3   0.0   1.1e-15   65.1   0.0   1.0   1   0   0   1   1   1   1 # 466 # 816 # 1 # ID=199224_2;partial=01;start_type=ATG;rbs_motif=None;rbs_spacer=None;gc_cont=0.670
k141_2146122_2       -          ArsC                 PF03960.21   1.3e-15   64.8   0.0   1.5e-15   64.6   0.0   1.0   1   0   0   1   1   1   1 # 75 # 443 # 1 # ID=2072864_2;partial=00;start_type=ATG;rbs_motif=None;rbs_spacer=None;gc_cont=0.729
k141_2607024_2       -          ArsC                 PF03960.21   1.6e-15   64.6   0.0   1.8e-15   64.4   0.0   1.0   1   0   0   1   1   1   1 # 495 # 842 # 1 # ID=2533675_2;partial=00;start_type=ATG;rbs_motif=None;rbs_spacer=None;gc_cont=0.612
k141_1148963_2       -          ArsC                 PF03960.21   1.8e-15   64.4   0.0   2.1e-15   64.2   0.0   1.1   1   0   0   1   1   1   1 # 323 # 682 # -1 # ID=1144781_2;partial=00;start_type=GTG;rbs_motif=None;rbs_spacer=None;gc_cont=0.650
k141_2301154_1       -          ArsC                 PF03960.21   2.1e-15   64.2   0.1   2.2e-15   64.1   0.1   1.0   1   0   0   1   1   1   1 # 2 # 196 # 1 # ID=2227865_1;partial=10;start_type=Edge;rbs_motif=None;rbs_spacer=None;gc_cont=0.538
k141_939045_2        -          ArsC                 PF03960.21   2.3e-15   64.1   0.3   3.9e-15   63.3   0.3   1.4   1   1   0   1   1   1   1 # 482 # 826 # 1 # ID=938803_2;partial=00;start_type=ATG;rbs_motif=None;rbs_spacer=None;gc_cont=0.429
k141_1275938_1       -          ArsC                 PF03960.21   3.6e-15   63.4   0.0   4.2e-15   63.2   0.0   1.0   1   0   0   1   1   1   1 # 80 # 445 # -1 # ID=1259511_1;partial=01;start_type=Edge;rbs_motif=None;rbs_spacer=None;gc_cont=0.648
k141_699268_1        -          ArsC                 PF03960.21   3.9e-15   63.3   0.0   4.5e-15   63.1   0.0   1.1   1   0   0   1   1   1   1 # 36 # 407 # -1 # ID=699086_1;partial=01;start_type=Edge;rbs_motif=None;rbs_spacer=None;gc_cont=0.637
k141_245071_4        -          ArsC                 PF03960.21   3.9e-15   63.3   0.4   4.5e-15   63.1   0.4   1.0   1   0   0   1   1   1   1 # 2964 # 3317 # -1 # ID=245012_4;partial=00;start_type=ATG;rbs_motif=None;rbs_spacer=None;gc_cont=0.316
k141_1633326_2       -          ArsC                 PF03960.21   6.7e-15   62.6   0.0   7.3e-15   62.5   0.0   1.1   1   0   0   1   1   1   1 # 243 # 515 # -1 # ID=1560182_2;partial=01;start_type=Edge;rbs_motif=None;rbs_spacer=None;gc_cont=0.604
k141_1942623_2       -          ArsC                 PF03960.21   8.7e-15   62.2   0.0   9.8e-15   62.1   0.0   1.0   1   0   0   1   1   1   1 # 700 # 1050 # -1 # ID=1869404_2;partial=00;start_type=ATG;rbs_motif=None;rbs_spacer=None;gc_cont=0.675
k141_157078_2        -          ArsC                 PF03960.21   9.5e-15   62.1   0.0   1.1e-14   61.9   0.0   1.0   1   0   0   1   1   1   1 # 171 # 521 # 1 # ID=157041_2;partial=00;start_type=GTG;rbs_motif=None;rbs_spacer=None;gc_cont=0.661
k141_477577_1        -          ArsC                 PF03960.21   1.1e-14   61.8   0.0   1.6e-14   61.4   0.0   1.2   1   0   0   1   1   1   1 # 2 # 295 # 1 # ID=477455_1;partial=10;start_type=Edge;rbs_motif=None;rbs_spacer=None;gc_cont=0.571
k141_2885140_2       -          ArsC                 PF03960.21   1.2e-14   61.8   0.0   1.4e-14   61.5   0.0   1.0   1   0   0   1   1   1   1 # 428 # 784 # 1 # ID=2811741_2;partial=00;start_type=ATG;rbs_motif=None;rbs_spacer=None;gc_cont=0.664
k141_1057777_2       -          ArsC                 PF03960.21   1.3e-14   61.6   0.0   1.5e-14   61.5   0.0   1.0   1   0   0   1   1   1   1 # 280 # 627 # 1 # ID=1057508_2;partial=00;start_type=ATG;rbs_motif=None;rbs_spacer=None;gc_cont=0.609
k141_2142473_1       -          ArsC                 PF03960.21   1.4e-14   61.6   0.0   1.6e-14   61.3   0.0   1.1   1   0   0   1   1   1   1 # 1 # 333 # -1 # ID=2069216_1;partial=11;start_type=Edge;rbs_motif=None;rbs_spacer=None;gc_cont=0.562
k141_2353251_1       -          ArsC                 PF03960.21     2e-14   61.1   0.0   2.2e-14   60.9   0.0   1.0   1   0   0   1   1   1   1 # 2 # 343 # 1 # ID=2279951_1;partial=10;start_type=Edge;rbs_motif=None;rbs_spacer=None;gc_cont=0.570
k141_1193613_1       -          ArsC                 PF03960.21   2.4e-14   60.8   0.0   2.7e-14   60.6   0.0   1.1   1   0   0   1   1   1   1 # 133 # 429 # -1 # ID=1186090_1;partial=01;start_type=Edge;rbs_motif=None;rbs_spacer=None;gc_cont=0.663
k141_2291703_4       -          ArsC                 PF03960.21   2.8e-14   60.6   0.0   3.5e-14   60.3   0.0   1.1   1   0   0   1   1   1   1 # 3709 # 4056 # 1 # ID=2218415_4;partial=00;start_type=ATG;rbs_motif=None;rbs_spacer=None;gc_cont=0.580
k141_2321983_2       -          ArsC                 PF03960.21   3.5e-14   60.3   0.0   4.3e-14   60.0   0.0   1.1   1   0   0   1   1   1   1 # 702 # 1136 # 1 # ID=2248689_2;partial=00;start_type=GTG;rbs_motif=None;rbs_spacer=None;gc_cont=0.703
k141_21924_6         -          ArsC                 PF03960.21     5e-14   59.8   0.0   6.2e-14   59.5   0.0   1.1   1   0   0   1   1   1   1 # 2913 # 3260 # 1 # ID=21917_6;partial=00;start_type=ATG;rbs_motif=None;rbs_spacer=None;gc_cont=0.592
k141_272555_1        -          ArsC                 PF03960.21   7.7e-14   59.2   0.0     1e-13   58.8   0.0   1.4   1   1   0   1   1   1   1 # 2 # 322 # 1 # ID=272483_1;partial=10;start_type=Edge;rbs_motif=None;rbs_spacer=None;gc_cont=0.483
k141_2450753_2       -          ArsC                 PF03960.21   8.4e-14   59.1   0.0   1.1e-13   58.8   0.0   1.1   1   0   0   1   1   1   1 # 206 # 463 # -1 # ID=2377434_2;partial=01;start_type=Edge;rbs_motif=None;rbs_spacer=None;gc_cont=0.457
k141_1689011_1       -          ArsC                 PF03960.21   1.2e-13   58.5   0.0   1.5e-13   58.2   0.0   1.1   1   0   0   1   1   1   1 # 3 # 359 # -1 # ID=1615857_1;partial=11;start_type=Edge;rbs_motif=None;rbs_spacer=None;gc_cont=0.661
k141_385840_1        -          ArsC                 PF03960.21   1.4e-13   58.3   0.0   1.6e-13   58.1   0.0   1.1   1   0   0   1   1   1   1 # 263 # 664 # 1 # ID=385741_1;partial=00;start_type=ATG;rbs_motif=None;rbs_spacer=None;gc_cont=0.530
k141_2776673_4       -          ArsC                 PF03960.21   1.5e-13   58.2   0.1   2.2e-13   57.7   0.1   1.3   1   0   0   1   1   1   1 # 2608 # 2958 # 1 # ID=2703293_4;partial=00;start_type=ATG;rbs_motif=None;rbs_spacer=None;gc_cont=0.370
k141_1177735_1       -          ArsC                 PF03960.21   1.8e-13   58.0   0.0     2e-13   57.8   0.0   1.0   1   0   0   1   1   1   1 # 1 # 237 # 1 # ID=1171328_1;partial=10;start_type=Edge;rbs_motif=None;rbs_spacer=None;gc_cont=0.654
k141_2021913_2       -          ArsC                 PF03960.21   2.3e-13   57.6   0.0   2.6e-13   57.5   0.0   1.0   1   0   0   1   1   1   1 # 321 # 674 # -1 # ID=1948678_2;partial=00;start_type=ATG;rbs_motif=None;rbs_spacer=None;gc_cont=0.588
k141_523508_2        -          ArsC                 PF03960.21   2.6e-13   57.5   0.1     3e-13   57.3   0.1   1.1   1   0   0   1   1   1   1 # 882 # 1139 # 1 # ID=523374_2;partial=00;start_type=GTG;rbs_motif=None;rbs_spacer=None;gc_cont=0.597
k141_1166414_2       -          ArsC                 PF03960.21   3.1e-13   57.3   0.0   3.3e-13   57.2   0.0   1.0   1   0   0   1   1   1   1 # 137 # 340 # -1 # ID=1160944_2;partial=01;start_type=Edge;rbs_motif=None;rbs_spacer=None;gc_cont=0.583
k141_1661513_2       -          ArsC                 PF03960.21   3.2e-13   57.2   0.0   3.3e-13   57.2   0.0   1.0   1   0   0   1   1   1   1 # 291 # 485 # -1 # ID=1588365_2;partial=01;start_type=Edge;rbs_motif=None;rbs_spacer=None;gc_cont=0.656
k141_2326546_1       -          ArsC                 PF03960.21   3.6e-13   57.0   0.0   3.9e-13   56.9   0.0   1.0   1   0   0   1   1   1   1 # 3 # 188 # 1 # ID=2253250_1;partial=10;start_type=Edge;rbs_motif=None;rbs_spacer=None;gc_cont=0.645
k141_2590377_1       -          ArsC                 PF03960.21   4.4e-13   56.8   0.0     5e-13   56.6   0.0   1.0   1   0   0   1   1   1   1 # 2 # 313 # -1 # ID=2517028_1;partial=10;start_type=ATG;rbs_motif=None;rbs_spacer=None;gc_cont=0.702
k141_100032_3        -          ArsC                 PF03960.21   5.9e-13   56.4   0.0   7.1e-13   56.1   0.0   1.1   1   0   0   1   1   1   1 # 663 # 1094 # 1 # ID=100010_3;partial=00;start_type=ATG;rbs_motif=None;rbs_spacer=None;gc_cont=0.708
k141_2429546_1       -          ArsC                 PF03960.21   7.1e-13   56.1   0.0   8.3e-13   55.9   0.0   1.1   1   0   0   1   1   1   1 # 3 # 365 # -1 # ID=2356228_1;partial=11;start_type=Edge;rbs_motif=None;rbs_spacer=None;gc_cont=0.675
k141_1987728_2       -          ArsC                 PF03960.21   8.1e-13   55.9   0.0   1.2e-12   55.4   0.0   1.3   1   0   0   1   1   1   1 # 373 # 714 # -1 # ID=1914500_2;partial=00;start_type=ATG;rbs_motif=None;rbs_spacer=None;gc_cont=0.523
k141_227040_2        -          ArsC                 PF03960.21   8.5e-13   55.8   0.0   1.1e-12   55.5   0.0   1.1   1   0   0   1   1   1   1 # 405 # 806 # -1 # ID=226985_2;partial=00;start_type=GTG;rbs_motif=None;rbs_spacer=None;gc_cont=0.706
k141_685375_1        -          ArsC                 PF03960.21   9.2e-13   55.7   0.0   9.2e-13   55.7   0.0   1.1   1   0   0   1   1   1   1 # 1 # 309 # 1 # ID=685195_1;partial=10;start_type=Edge;rbs_motif=None;rbs_spacer=None;gc_cont=0.693
k141_131333_1        -          ArsC                 PF03960.21   1.3e-12   55.3   0.0   1.3e-12   55.2   0.0   1.0   1   0   0   1   1   1   1 # 2 # 166 # 1 # ID=131301_1;partial=10;start_type=Edge;rbs_motif=None;rbs_spacer=None;gc_cont=0.564
k141_928973_1        -          ArsC                 PF03960.21   1.5e-12   55.1   0.0   1.9e-12   54.7   0.0   1.2   1   0   0   1   1   1   1 # 47 # 481 # -1 # ID=928733_1;partial=01;start_type=Edge;rbs_motif=None;rbs_spacer=None;gc_cont=0.586
k141_2814523_1       -          ArsC                 PF03960.21   1.6e-12   55.0   0.0   1.7e-12   54.8   0.0   1.0   1   0   0   1   1   1   1 # 1 # 306 # -1 # ID=2741138_1;partial=10;start_type=ATG;rbs_motif=None;rbs_spacer=None;gc_cont=0.614
k141_2280352_1       -          ArsC                 PF03960.21   5.2e-12   53.3   0.0   8.1e-12   52.7   0.0   1.3   1   1   0   1   1   1   1 # 19 # 363 # 1 # ID=2207066_1;partial=00;start_type=ATG;rbs_motif=None;rbs_spacer=None;gc_cont=0.304
k141_2794474_1       -          ArsC                 PF03960.21   6.3e-12   53.1   0.0   7.4e-12   52.8   0.0   1.1   1   0   0   1   1   1   1 # 38 # 397 # -1 # ID=2721094_1;partial=00;start_type=ATG;rbs_motif=None;rbs_spacer=None;gc_cont=0.692
k141_2398921_1       -          ArsC                 PF03960.21   6.3e-12   53.0   0.0     7e-12   52.9   0.0   1.1   1   0   0   1   1   1   1 # 2 # 283 # 1 # ID=2325608_1;partial=10;start_type=Edge;rbs_motif=None;rbs_spacer=None;gc_cont=0.706
k141_1367269_4       -          ArsC                 PF03960.21   9.8e-12   52.4   0.1   1.2e-11   52.2   0.1   1.1   1   0   0   1   1   1   1 # 2440 # 2796 # -1 # ID=1335414_4;partial=00;start_type=ATG;rbs_motif=None;rbs_spacer=None;gc_cont=0.367
k141_1046435_1       -          ArsC                 PF03960.21     1e-11   52.4   0.0   1.2e-11   52.2   0.0   1.0   1   0   0   1   1   1   1 # 42 # 389 # -1 # ID=1046166_1;partial=00;start_type=ATG;rbs_motif=None;rbs_spacer=None;gc_cont=0.724
k141_2313080_2       -          ArsC                 PF03960.21   1.9e-11   51.5   0.0   2.1e-11   51.4   0.0   1.0   1   0   0   1   1   1   1 # 612 # 962 # 1 # ID=2239788_2;partial=00;start_type=GTG;rbs_motif=None;rbs_spacer=None;gc_cont=0.661
k141_2796725_1       -          ArsC                 PF03960.21   1.9e-11   51.5   0.0   2.2e-11   51.3   0.0   1.0   1   0   0   1   1   1   1 # 3 # 311 # -1 # ID=2723344_1;partial=10;start_type=ATG;rbs_motif=None;rbs_spacer=None;gc_cont=0.625
k141_347223_2        -          ArsC                 PF03960.21   2.3e-11   51.3   0.0   2.7e-11   51.0   0.0   1.1   1   0   0   1   1   1   1 # 853 # 1206 # -1 # ID=347133_2;partial=00;start_type=ATG;rbs_motif=None;rbs_spacer=None;gc_cont=0.418
k141_713932_2        -          ArsC                 PF03960.21   2.7e-11   51.0   0.0     3e-11   50.9   0.0   1.1   1   0   0   1   1   1   1 # 129 # 422 # -1 # ID=713746_2;partial=01;start_type=Edge;rbs_motif=None;rbs_spacer=None;gc_cont=0.469
k141_2707160_2       -          ArsC                 PF03960.21   3.5e-11   50.7   0.0   4.3e-11   50.4   0.0   1.0   1   0   0   1   1   1   1 # 165 # 521 # 1 # ID=2633794_2;partial=00;start_type=ATG;rbs_motif=None;rbs_spacer=None;gc_cont=0.664
k141_246568_1        -          ArsC                 PF03960.21   3.8e-11   50.5   0.0   4.3e-11   50.4   0.0   1.0   1   0   0   1   1   1   1 # 1 # 264 # 1 # ID=246509_1;partial=10;start_type=Edge;rbs_motif=None;rbs_spacer=None;gc_cont=0.674
k141_1978576_1       -          ArsC                 PF03960.21     7e-11   49.7   0.1   8.2e-11   49.5   0.1   1.1   1   0   0   1   1   1   1 # 53 # 406 # 1 # ID=1905352_1;partial=00;start_type=ATG;rbs_motif=None;rbs_spacer=None;gc_cont=0.435
k141_1894161_2       -          ArsC                 PF03960.21   7.3e-11   49.7   0.0   8.3e-11   49.5   0.0   1.0   1   0   0   1   1   1   1 # 557 # 847 # 1 # ID=1820954_2;partial=01;start_type=GTG;rbs_motif=None;rbs_spacer=None;gc_cont=0.729
k141_616022_2        -          ArsC                 PF03960.21   8.6e-11   49.4   0.0   1.3e-10   48.8   0.0   1.3   1   1   0   1   1   1   1 # 336 # 680 # 1 # ID=615862_2;partial=00;start_type=ATG;rbs_motif=None;rbs_spacer=None;gc_cont=0.684
k141_2343055_1       -          ArsC                 PF03960.21   1.2e-10   49.0   0.2   1.5e-10   48.7   0.2   1.1   1   0   0   1   1   1   1 # 97 # 441 # -1 # ID=2269757_1;partial=00;start_type=ATG;rbs_motif=None;rbs_spacer=None;gc_cont=0.449
k141_1722464_2       -          ArsC                 PF03960.21   1.2e-10   48.9   0.0   1.4e-10   48.8   0.0   1.1   1   0   0   1   1   1   1 # 507 # 779 # 1 # ID=1649303_2;partial=00;start_type=GTG;rbs_motif=None;rbs_spacer=None;gc_cont=0.465
k141_2689309_1       -          ArsC                 PF03960.21   1.7e-10   48.5   0.0   1.8e-10   48.4   0.0   1.0   1   0   0   1   1   1   1 # 2 # 226 # 1 # ID=2615945_1;partial=10;start_type=Edge;rbs_motif=None;rbs_spacer=None;gc_cont=0.724
k141_799955_1        -          ArsC                 PF03960.21   1.7e-10   48.4   0.0   2.2e-10   48.1   0.0   1.1   1   0   0   1   1   1   1 # 2 # 565 # 1 # ID=799745_1;partial=10;start_type=Edge;rbs_motif=None;rbs_spacer=None;gc_cont=0.691
k141_1989157_1       -          ArsC                 PF03960.21   1.9e-10   48.3   0.1   2.2e-10   48.1   0.1   1.1   1   0   0   1   1   1   1 # 44 # 358 # -1 # ID=1915929_1;partial=01;start_type=Edge;rbs_motif=None;rbs_spacer=None;gc_cont=0.425
k141_808995_2        -          ArsC                 PF03960.21   2.5e-10   47.9   0.0     3e-10   47.7   0.0   1.2   1   0   0   1   1   1   1 # 175 # 468 # -1 # ID=808783_2;partial=01;start_type=Edge;rbs_motif=None;rbs_spacer=None;gc_cont=0.463
k141_1354965_2       -          ArsC                 PF03960.21   4.3e-10   47.2   0.0   5.1e-10   46.9   0.0   1.1   1   0   0   1   1   1   1 # 543 # 788 # -1 # ID=1325636_2;partial=01;start_type=Edge;rbs_motif=None;rbs_spacer=None;gc_cont=0.659
k141_2074526_1       -          ArsC                 PF03960.21   6.8e-10   46.5   0.2   6.7e-09   43.4   0.2   2.0   1   1   1   2   2   2   1 # 48 # 338 # -1 # ID=2001282_1;partial=01;start_type=Edge;rbs_motif=None;rbs_spacer=None;gc_cont=0.485
k141_1218601_2       -          ArsC                 PF03960.21   7.6e-10   46.4   0.0   9.3e-10   46.1   0.0   1.1   1   0   0   1   1   1   1 # 721 # 1101 # 1 # ID=1208860_2;partial=00;start_type=ATG;rbs_motif=None;rbs_spacer=None;gc_cont=0.585
k141_1772609_3       -          ArsC                 PF03960.21   8.3e-10   46.3   0.2     1e-09   45.9   0.2   1.1   1   0   0   1   1   1   1 # 1533 # 1886 # 1 # ID=1699439_3;partial=00;start_type=ATG;rbs_motif=None;rbs_spacer=None;gc_cont=0.376
k141_234943_2        -          ArsC                 PF03960.21   1.3e-09   45.6   0.1   1.4e-09   45.5   0.1   1.0   1   0   0   1   1   1   1 # 389 # 544 # -1 # ID=234885_2;partial=01;start_type=Edge;rbs_motif=None;rbs_spacer=None;gc_cont=0.404
k141_2283032_1       -          ArsC                 PF03960.21   1.4e-09   45.5   0.0   1.4e-09   45.5   0.0   1.0   1   0   0   1   1   1   1 # 1 # 147 # 1 # ID=2209745_1;partial=10;start_type=Edge;rbs_motif=None;rbs_spacer=None;gc_cont=0.626
k141_1541126_2       -          ArsC                 PF03960.21   2.1e-09   44.9   0.0   2.5e-09   44.7   0.0   1.1   1   0   0   1   1   1   1 # 239 # 475 # -1 # ID=1468000_2;partial=01;start_type=Edge;rbs_motif=None;rbs_spacer=None;gc_cont=0.511
k141_2870392_1       -          ArsC                 PF03960.21   2.2e-09   44.9   0.1   2.6e-09   44.7   0.1   1.1   1   0   0   1   1   1   1 # 1 # 264 # 1 # ID=2796993_1;partial=10;start_type=Edge;rbs_motif=None;rbs_spacer=None;gc_cont=0.424
k141_2082250_1       -          ArsC                 PF03960.21     3e-09   44.5   0.0   3.7e-09   44.2   0.0   1.1   1   0   0   1   1   1   1 # 2 # 262 # 1 # ID=2009006_1;partial=10;start_type=Edge;rbs_motif=None;rbs_spacer=None;gc_cont=0.720
k141_1361016_5       -          ArsC                 PF03960.21   3.4e-09   44.3   0.1   4.1e-09   44.1   0.1   1.1   1   0   0   1   1   1   1 # 2629 # 2982 # 1 # ID=1330497_5;partial=00;start_type=ATG;rbs_motif=None;rbs_spacer=None;gc_cont=0.381
k141_307790_3        -          ArsC                 PF03960.21   3.5e-09   44.3   0.0   3.9e-09   44.1   0.0   1.0   1   0   0   1   1   1   1 # 1071 # 1421 # -1 # ID=307705_3;partial=00;start_type=GTG;rbs_motif=None;rbs_spacer=None;gc_cont=0.758
k141_378036_2        -          ArsC                 PF03960.21   3.7e-09   44.2   0.0   4.3e-09   44.0   0.0   1.0   1   0   0   1   1   1   1 # 137 # 358 # -1 # ID=377940_2;partial=01;start_type=Edge;rbs_motif=None;rbs_spacer=None;gc_cont=0.617
k141_2899789_1       -          ArsC                 PF03960.21     4e-09   44.1   0.0   4.2e-09   44.0   0.0   1.0   1   0   0   1   1   1   1 # 3 # 164 # 1 # ID=2826387_1;partial=10;start_type=Edge;rbs_motif=None;rbs_spacer=None;gc_cont=0.630
k141_336736_1        -          ArsC                 PF03960.21   4.2e-09   44.0   0.0     5e-09   43.8   0.0   1.1   1   0   0   1   1   1   1 # 2 # 409 # 1 # ID=336647_1;partial=10;start_type=Edge;rbs_motif=None;rbs_spacer=None;gc_cont=0.551
k141_2088166_1       -          ArsC                 PF03960.21   4.9e-09   43.8   0.1   5.7e-09   43.6   0.1   1.1   1   0   0   1   1   1   1 # 70 # 432 # -1 # ID=2014921_1;partial=00;start_type=ATG;rbs_motif=None;rbs_spacer=None;gc_cont=0.397
k141_2442798_1       -          ArsC                 PF03960.21   5.1e-09   43.7   0.0   5.6e-09   43.6   0.0   1.0   1   0   0   1   1   1   1 # 2 # 241 # 1 # ID=2369479_1;partial=10;start_type=Edge;rbs_motif=None;rbs_spacer=None;gc_cont=0.592
k141_2292774_2       -          ArsC                 PF03960.21   5.2e-09   43.7   0.0     6e-09   43.5   0.0   1.1   1   0   0   1   1   1   1 # 1140 # 1505 # 1 # ID=2219486_2;partial=00;start_type=ATG;rbs_motif=None;rbs_spacer=None;gc_cont=0.626
k141_2118126_2       -          ArsC                 PF03960.21   5.6e-09   43.6   0.0     6e-09   43.5   0.0   1.1   1   0   0   1   1   1   1 # 518 # 727 # -1 # ID=2044874_2;partial=00;start_type=TTG;rbs_motif=None;rbs_spacer=None;gc_cont=0.529
k141_437277_2        -          ArsC                 PF03960.21   5.7e-09   43.6   0.0   7.8e-09   43.1   0.0   1.3   1   1   0   1   1   1   1 # 115 # 306 # -1 # ID=437165_2;partial=00;start_type=GTG;rbs_motif=None;rbs_spacer=None;gc_cont=0.635
k141_730696_2        -          ArsC                 PF03960.21   6.4e-09   43.4   0.0   7.3e-09   43.2   0.0   1.0   1   0   0   1   1   1   1 # 389 # 736 # -1 # ID=730504_2;partial=00;start_type=ATG;rbs_motif=None;rbs_spacer=None;gc_cont=0.615
k141_2797262_1       -          ArsC                 PF03960.21   8.5e-09   43.0   0.0   9.8e-09   42.8   0.0   1.2   1   0   0   1   1   1   1 # 95 # 334 # 1 # ID=2723881_1;partial=00;start_type=TTG;rbs_motif=None;rbs_spacer=None;gc_cont=0.621
k141_2247444_1       -          ArsC                 PF03960.21   9.8e-09   42.8   0.0   1.2e-08   42.6   0.0   1.1   1   0   0   1   1   1   1 # 1 # 342 # 1 # ID=2174169_1;partial=10;start_type=Edge;rbs_motif=None;rbs_spacer=None;gc_cont=0.459
k141_772043_2        -          ArsC                 PF03960.21   1.1e-08   42.7   0.0   1.2e-08   42.6   0.0   1.1   1   0   0   1   1   1   1 # 211 # 534 # 1 # ID=771840_2;partial=00;start_type=GTG;rbs_motif=None;rbs_spacer=None;gc_cont=0.657
k141_961475_3        -          ArsC                 PF03960.21   1.4e-08   42.4   0.0   1.6e-08   42.1   0.0   1.1   1   0   0   1   1   1   1 # 2895 # 3152 # 1 # ID=961224_3;partial=00;start_type=GTG;rbs_motif=None;rbs_spacer=None;gc_cont=0.539
k141_387426_1        -          ArsC                 PF03960.21   1.5e-08   42.3   0.0   1.5e-08   42.3   0.0   1.1   1   0   0   1   1   1   1 # 2 # 343 # -1 # ID=387327_1;partial=11;start_type=Edge;rbs_motif=None;rbs_spacer=None;gc_cont=0.722
k141_844851_2        -          ArsC                 PF03960.21   1.9e-08   41.9   0.0   2.3e-08   41.6   0.0   1.1   1   0   0   1   1   1   1 # 248 # 616 # 1 # ID=844632_2;partial=00;start_type=ATG;rbs_motif=None;rbs_spacer=None;gc_cont=0.415
k141_1449769_1       -          ArsC                 PF03960.21   2.5e-08   41.5   0.1   2.6e-08   41.5   0.1   1.0   1   0   0   1   1   1   1 # 2 # 118 # 1 # ID=1395169_1;partial=10;start_type=Edge;rbs_motif=None;rbs_spacer=None;gc_cont=0.658
k141_2590043_1       -          ArsC                 PF03960.21   2.5e-08   41.5   0.0   2.8e-08   41.4   0.0   1.0   1   0   0   1   1   1   1 # 3 # 248 # 1 # ID=2516694_1;partial=10;start_type=Edge;rbs_motif=None;rbs_spacer=None;gc_cont=0.577
k141_1738951_3       -          ArsC                 PF03960.21   3.4e-08   41.1   0.0   3.9e-08   40.9   0.0   1.1   1   0   0   1   1   1   1 # 1762 # 2139 # -1 # ID=1665783_3;partial=01;start_type=Edge;rbs_motif=None;rbs_spacer=None;gc_cont=0.717
k141_1097772_1       -          ArsC                 PF03960.21   3.7e-08   41.0   0.1   4.1e-08   40.8   0.1   1.1   1   0   0   1   1   1   1 # 320 # 580 # -1 # ID=1096590_1;partial=01;start_type=Edge;rbs_motif=None;rbs_spacer=None;gc_cont=0.322
k141_231624_2        -          ArsC                 PF03960.21   3.9e-08   40.9   0.1   4.5e-08   40.7   0.1   1.1   1   0   0   1   1   1   1 # 236 # 595 # 1 # ID=231567_2;partial=00;start_type=ATG;rbs_motif=None;rbs_spacer=None;gc_cont=0.469
k141_248780_10       -          ArsC                 PF03960.21   5.4e-08   40.5   0.0   6.4e-08   40.2   0.0   1.1   1   0   0   1   1   1   1 # 7675 # 8031 # 1 # ID=248721_10;partial=00;start_type=ATG;rbs_motif=None;rbs_spacer=None;gc_cont=0.434
k141_276431_2        -          ArsC                 PF03960.21   6.2e-08   40.3   0.1   7.6e-08   40.0   0.1   1.1   1   0   0   1   1   1   1 # 244 # 597 # -1 # ID=276358_2;partial=00;start_type=ATG;rbs_motif=None;rbs_spacer=None;gc_cont=0.370
k141_2001544_2       -          ArsC                 PF03960.21   6.6e-08   40.2   0.0     9e-08   39.7   0.0   1.1   1   0   0   1   1   1   1 # 459 # 809 # -1 # ID=1928311_2;partial=01;start_type=Edge;rbs_motif=None;rbs_spacer=None;gc_cont=0.692
k141_58531_2         -          ArsC                 PF03960.21   1.3e-07   39.3   0.0   1.5e-07   39.0   0.0   1.1   1   0   0   1   1   1   1 # 179 # 526 # -1 # ID=58519_2;partial=00;start_type=ATG;rbs_motif=None;rbs_spacer=None;gc_cont=0.489
k141_1127240_2       -          ArsC                 PF03960.21   1.3e-07   39.3   0.0     2e-07   38.6   0.0   1.3   1   1   0   1   1   1   1 # 176 # 508 # -1 # ID=1124496_2;partial=00;start_type=ATG;rbs_motif=None;rbs_spacer=None;gc_cont=0.637
k141_2680334_1       -          ArsC                 PF03960.21   1.4e-07   39.2   0.0   1.5e-07   39.0   0.0   1.0   1   0   0   1   1   1   1 # 3 # 362 # 1 # ID=2606974_1;partial=10;start_type=Edge;rbs_motif=None;rbs_spacer=None;gc_cont=0.639
k141_248911_3        -          ArsC                 PF03960.21   1.4e-07   39.1   0.0   1.5e-07   39.0   0.0   1.0   1   0   0   1   1   1   1 # 1346 # 1492 # 1 # ID=248852_3;partial=00;start_type=GTG;rbs_motif=None;rbs_spacer=None;gc_cont=0.687
k141_583491_1        -          ArsC                 PF03960.21   1.5e-07   39.1   0.0   1.8e-07   38.8   0.0   1.1   1   0   0   1   1   1   1 # 18 # 344 # -1 # ID=583343_1;partial=00;start_type=GTG;rbs_motif=None;rbs_spacer=None;gc_cont=0.657
k141_2332542_1       -          ArsC                 PF03960.21     2e-07   38.7   0.0   2.4e-07   38.4   0.0   1.1   1   0   0   1   1   1   1 # 1 # 348 # -1 # ID=2259245_1;partial=10;start_type=ATG;rbs_motif=None;rbs_spacer=None;gc_cont=0.546
k141_2059596_2       -          ArsC                 PF03960.21   4.7e-07   37.4   0.0   6.6e-07   37.0   0.0   1.2   1   1   0   1   1   1   1 # 493 # 783 # -1 # ID=1986356_2;partial=00;start_type=GTG;rbs_motif=None;rbs_spacer=None;gc_cont=0.708
k141_814279_2        -          ArsC                 PF03960.21   7.1e-07   36.9   0.0   1.1e-06   36.2   0.0   1.3   1   1   0   1   1   1   1 # 677 # 1003 # 1 # ID=814066_2;partial=00;start_type=ATG;rbs_motif=None;rbs_spacer=None;gc_cont=0.636
k141_2235539_1       -          ArsC                 PF03960.21   7.4e-07   36.8   0.0   7.4e-07   36.8   0.0   1.1   1   0   0   1   1   1   1 # 2 # 301 # -1 # ID=2162266_1;partial=11;start_type=Edge;rbs_motif=None;rbs_spacer=None;gc_cont=0.637
k141_2382633_1       -          ArsC                 PF03960.21   8.2e-07   36.7   0.2   9.3e-07   36.5   0.2   1.1   1   0   0   1   1   1   1 # 3 # 248 # -1 # ID=2309328_1;partial=10;start_type=ATG;rbs_motif=None;rbs_spacer=None;gc_cont=0.378
k141_408791_2        -          ArsC                 PF03960.21   8.5e-07   36.6   0.1     1e-06   36.4   0.1   1.1   1   0   0   1   1   1   1 # 149 # 454 # -1 # ID=408686_2;partial=01;start_type=Edge;rbs_motif=None;rbs_spacer=None;gc_cont=0.428
k141_1167583_1       -          ArsC                 PF03960.21   8.8e-07   36.6   0.0   9.2e-07   36.5   0.0   1.0   1   0   0   1   1   1   1 # 2 # 166 # 1 # ID=1162023_1;partial=10;start_type=Edge;rbs_motif=None;rbs_spacer=None;gc_cont=0.624
k141_370762_1        -          ArsC                 PF03960.21     1e-06   36.3   0.0   1.1e-06   36.3   0.0   1.0   1   0   0   1   1   1   1 # 3 # 188 # 1 # ID=370668_1;partial=10;start_type=Edge;rbs_motif=None;rbs_spacer=None;gc_cont=0.511
k141_859577_1        -          ArsC                 PF03960.21   1.2e-06   36.1   0.0   1.4e-06   36.0   0.0   1.1   1   0   0   1   1   1   1 # 1 # 417 # 1 # ID=859355_1;partial=10;start_type=Edge;rbs_motif=None;rbs_spacer=None;gc_cont=0.659
k141_1896251_2       -          ArsC                 PF03960.21   1.3e-06   36.0   0.1   1.5e-06   35.8   0.1   1.1   1   0   0   1   1   1   1 # 840 # 1199 # 1 # ID=1823044_2;partial=00;start_type=ATG;rbs_motif=None;rbs_spacer=None;gc_cont=0.439
k141_2006233_2       -          ArsC                 PF03960.21   1.4e-06   36.0   0.0   1.5e-06   35.8   0.0   1.0   1   0   0   1   1   1   1 # 315 # 464 # -1 # ID=1932999_2;partial=01;start_type=Edge;rbs_motif=None;rbs_spacer=None;gc_cont=0.673
k141_2455357_1       -          ArsC                 PF03960.21   1.4e-06   35.9   0.0   1.5e-06   35.8   0.0   1.0   1   0   0   1   1   1   1 # 116 # 310 # 1 # ID=2382038_1;partial=00;start_type=ATG;rbs_motif=None;rbs_spacer=None;gc_cont=0.621
k141_2548291_4       -          ArsC                 PF03960.21   1.5e-06   35.8   0.0   1.7e-06   35.6   0.0   1.1   1   0   0   1   1   1   1 # 1393 # 1581 # 1 # ID=2474947_4;partial=01;start_type=TTG;rbs_motif=None;rbs_spacer=None;gc_cont=0.540
k141_1383516_1       -          ArsC                 PF03960.21   1.8e-06   35.6   0.0   1.9e-06   35.5   0.0   1.0   1   0   0   1   1   1   1 # 357 # 512 # -1 # ID=1348032_1;partial=01;start_type=Edge;rbs_motif=None;rbs_spacer=None;gc_cont=0.712
k141_2513978_1       -          ArsC                 PF03960.21   1.8e-06   35.6   0.0   1.8e-06   35.6   0.0   1.0   1   0   0   1   1   1   1 # 1 # 123 # 1 # ID=2440647_1;partial=10;start_type=Edge;rbs_motif=None;rbs_spacer=None;gc_cont=0.691
k141_1535701_1       -          ArsC                 PF03960.21   2.2e-06   35.3   0.0   2.2e-06   35.3   0.0   1.0   1   0   0   1   1   1   1 # 3 # 143 # 1 # ID=1462576_1;partial=10;start_type=Edge;rbs_motif=None;rbs_spacer=None;gc_cont=0.667
k141_2139301_2       -          ArsC                 PF03960.21   2.9e-06   34.9   0.0   3.6e-06   34.6   0.0   1.1   1   0   0   1   1   1   1 # 332 # 592 # 1 # ID=2066045_2;partial=01;start_type=ATG;rbs_motif=None;rbs_spacer=None;gc_cont=0.556
k141_2201152_1       -          ArsC                 PF03960.21   3.5e-06   34.7   0.1   1.9e-05   32.3   0.1   1.9   2   0   0   2   2   1   1 # 1 # 390 # -1 # ID=2127886_1;partial=11;start_type=Edge;rbs_motif=None;rbs_spacer=None;gc_cont=0.405
k141_430863_1        -          ArsC                 PF03960.21   3.9e-06   34.5   0.0   6.9e-06   33.7   0.0   1.4   1   0   0   1   1   1   1 # 2 # 535 # 1 # ID=430751_1;partial=11;start_type=Edge;rbs_motif=None;rbs_spacer=None;gc_cont=0.496
k141_1788979_1       -          ArsC                 PF03960.21     4e-06   34.5   0.0   4.2e-06   34.4   0.0   1.0   1   0   0   1   1   1   1 # 2 # 121 # 1 # ID=1715805_1;partial=10;start_type=Edge;rbs_motif=None;rbs_spacer=None;gc_cont=0.567
k141_2542034_2       -          ArsC                 PF03960.21   4.1e-06   34.4   0.0     5e-06   34.2   0.0   1.1   1   0   0   1   1   1   1 # 349 # 651 # 1 # ID=2468694_2;partial=00;start_type=ATG;rbs_motif=None;rbs_spacer=None;gc_cont=0.587
k141_101360_1        -          ArsC                 PF03960.21   4.4e-06   34.3   0.1   4.8e-06   34.2   0.1   1.1   1   0   0   1   1   1   1 # 3 # 275 # 1 # ID=101338_1;partial=10;start_type=Edge;rbs_motif=None;rbs_spacer=None;gc_cont=0.535
k141_5463_1          -          ArsC                 PF03960.21   4.4e-06   34.3   0.0   4.5e-06   34.3   0.0   1.0   1   0   0   1   1   1   1 # 1 # 117 # 1 # ID=5461_1;partial=10;start_type=Edge;rbs_motif=None;rbs_spacer=None;gc_cont=0.684
k141_2835965_1       -          ArsC                 PF03960.21   4.6e-06   34.3   0.0     5e-06   34.2   0.0   1.0   1   0   0   1   1   1   1 # 1 # 180 # 1 # ID=2762579_1;partial=10;start_type=Edge;rbs_motif=None;rbs_spacer=None;gc_cont=0.611
k141_2081819_1       -          ArsC                 PF03960.21   4.9e-06   34.2   0.0   5.5e-06   34.0   0.0   1.2   1   0   0   1   1   1   1 # 104 # 406 # 1 # ID=2008575_1;partial=00;start_type=GTG;rbs_motif=None;rbs_spacer=None;gc_cont=0.472
k141_691352_1        -          ArsC                 PF03960.21     5e-06   34.1   0.2   6.1e-06   33.9   0.2   1.1   1   0   0   1   1   1   1 # 3 # 299 # -1 # ID=691170_1;partial=11;start_type=Edge;rbs_motif=None;rbs_spacer=None;gc_cont=0.401
k141_1680116_1       -          ArsC                 PF03960.21   5.2e-06   34.1   0.0   6.4e-06   33.8   0.0   1.1   1   0   0   1   1   1   1 # 1 # 270 # 1 # ID=1606966_1;partial=10;start_type=Edge;rbs_motif=None;rbs_spacer=None;gc_cont=0.678
k141_1767818_2       -          ArsC                 PF03960.21   5.7e-06   34.0   0.0   6.1e-06   33.9   0.0   1.0   1   0   0   1   1   1   1 # 353 # 517 # -1 # ID=1694648_2;partial=01;start_type=Edge;rbs_motif=None;rbs_spacer=None;gc_cont=0.539
k141_2704859_1       -          ArsC                 PF03960.21   6.4e-06   33.8   0.0   7.2e-06   33.6   0.0   1.2   1   0   0   1   1   1   1 # 189 # 449 # 1 # ID=2631493_1;partial=00;start_type=GTG;rbs_motif=None;rbs_spacer=None;gc_cont=0.655
k141_850474_1        -          ArsC                 PF03960.21   7.2e-06   33.6   0.0   8.7e-06   33.4   0.0   1.1   1   0   0   1   1   1   1 # 1 # 333 # -1 # ID=850252_1;partial=10;start_type=ATG;rbs_motif=None;rbs_spacer=None;gc_cont=0.598
k141_2056656_1       -          ArsC                 PF03960.21   7.6e-06   33.6   0.0     1e-05   33.2   0.0   1.2   1   0   0   1   1   1   1 # 21 # 353 # -1 # ID=1983416_1;partial=00;start_type=ATG;rbs_motif=None;rbs_spacer=None;gc_cont=0.330
k141_2593001_1       -          ArsC                 PF03960.21     9e-06   33.3   0.0   9.7e-06   33.2   0.0   1.0   1   0   0   1   1   1   1 # 1 # 135 # 1 # ID=2519652_1;partial=10;start_type=Edge;rbs_motif=None;rbs_spacer=None;gc_cont=0.467
k141_1636796_1       -          ArsC                 PF03960.21   9.1e-06   33.3   0.0   1.2e-05   32.9   0.0   1.2   1   0   0   1   1   1   1 # 1 # 465 # 1 # ID=1563652_1;partial=11;start_type=Edge;rbs_motif=None;rbs_spacer=None;gc_cont=0.626
k141_2842328_1       -          ArsC                 PF03960.21     1e-05   33.1   0.0   1.2e-05   33.0   0.0   1.0   1   0   0   1   1   1   1 # 200 # 418 # 1 # ID=2768940_1;partial=01;start_type=ATG;rbs_motif=None;rbs_spacer=None;gc_cont=0.667
k141_303371_1        -          ArsC                 PF03960.21   1.1e-05   33.1   0.0   1.2e-05   33.0   0.0   1.2   1   0   0   1   1   1   1 # 2 # 223 # 1 # ID=303287_1;partial=10;start_type=Edge;rbs_motif=None;rbs_spacer=None;gc_cont=0.658
k141_2188605_1       -          ArsC                 PF03960.21   1.2e-05   32.9   0.0   1.3e-05   32.8   0.0   1.0   1   0   0   1   1   1   1 # 1 # 168 # 1 # ID=2115341_1;partial=10;start_type=Edge;rbs_motif=None;rbs_spacer=None;gc_cont=0.690
k141_2498568_1       -          ArsC                 PF03960.21   1.3e-05   32.8   0.0   1.3e-05   32.8   0.0   1.0   1   0   0   1   1   1   1 # 2 # 169 # 1 # ID=2425238_1;partial=10;start_type=Edge;rbs_motif=None;rbs_spacer=None;gc_cont=0.565
k141_128098_1        -          ArsC                 PF03960.21   1.3e-05   32.8   0.1   1.5e-05   32.6   0.1   1.1   1   0   0   1   1   1   1 # 1 # 297 # 1 # ID=128066_1;partial=10;start_type=Edge;rbs_motif=None;rbs_spacer=None;gc_cont=0.424
k141_1774707_3       -          ArsC                 PF03960.21   1.5e-05   32.6   0.0   1.5e-05   32.6   0.0   1.0   1   0   0   1   1   1   1 # 463 # 603 # -1 # ID=1701537_3;partial=01;start_type=Edge;rbs_motif=None;rbs_spacer=None;gc_cont=0.539
k141_2039669_1       -          ArsC                 PF03960.21   1.5e-05   32.6   0.0   3.1e-05   31.6   0.0   1.6   1   1   0   1   1   1   1 # 3 # 290 # -1 # ID=1966431_1;partial=10;start_type=ATG;rbs_motif=None;rbs_spacer=None;gc_cont=0.538
k141_2929909_1       -          ArsC                 PF03960.21   2.5e-05   31.9   0.0     3e-05   31.7   0.0   1.2   1   0   0   1   1   1   1 # 2 # 226 # 1 # ID=2856494_1;partial=10;start_type=Edge;rbs_motif=None;rbs_spacer=None;gc_cont=0.662
k141_2816633_2       -          ArsC                 PF03960.21   3.5e-05   31.4   0.0   4.3e-05   31.2   0.0   1.1   1   0   0   1   1   1   1 # 426 # 662 # 1 # ID=2743247_2;partial=01;start_type=ATG;rbs_motif=None;rbs_spacer=None;gc_cont=0.586
k141_447161_1        -          ArsC                 PF03960.21   3.8e-05   31.3   0.0     5e-05   30.9   0.0   1.2   1   0   0   1   1   1   1 # 57 # 392 # -1 # ID=447048_1;partial=00;start_type=ATG;rbs_motif=None;rbs_spacer=None;gc_cont=0.351
k141_2573872_3       -          ArsC                 PF03960.21   7.1e-05   30.5   0.1   9.7e-05   30.0   0.1   1.2   1   0   0   1   1   1   1 # 1640 # 1999 # -1 # ID=2500525_3;partial=00;start_type=ATG;rbs_motif=None;rbs_spacer=None;gc_cont=0.403
k141_53569_1         -          ArsC                 PF03960.21   8.6e-05   30.2   0.0   0.00013   29.6   0.0   1.3   1   1   0   1   1   1   1 # 2 # 367 # 1 # ID=53558_1;partial=11;start_type=Edge;rbs_motif=None;rbs_spacer=None;gc_cont=0.508
k141_1207448_1       -          ArsC                 PF03960.21   9.8e-05   30.0   0.0   0.00014   29.6   0.0   1.2   1   0   0   1   1   1   1 # 92 # 493 # -1 # ID=1198716_1;partial=01;start_type=Edge;rbs_motif=None;rbs_spacer=None;gc_cont=0.465
k141_1800087_2       -          ArsC                 PF03960.21    0.0001   29.9   0.0   0.00011   29.8   0.0   1.1   1   0   0   1   1   1   1 # 163 # 408 # 1 # ID=1726911_2;partial=01;start_type=ATG;rbs_motif=None;rbs_spacer=None;gc_cont=0.638
k141_2435343_1       -          ArsC                 PF03960.21   0.00021   29.0   0.1   0.00025   28.7   0.1   1.0   1   0   0   1   1   1   1 # 1 # 216 # -1 # ID=2362024_1;partial=10;start_type=ATG;rbs_motif=None;rbs_spacer=None;gc_cont=0.407
k141_1387325_2       -          ArsC                 PF03960.21   0.00027   28.6   0.1   0.00031   28.4   0.1   1.1   1   0   0   1   1   1   1 # 864 # 1112 # 1 # ID=1350944_2;partial=00;start_type=GTG;rbs_motif=None;rbs_spacer=None;gc_cont=0.683
k141_2707994_5       -          ArsC                 PF03960.21   0.00029   28.5   0.0   0.00031   28.4   0.0   1.1   1   0   0   1   1   1   1 # 3469 # 3738 # -1 # ID=2634627_5;partial=01;start_type=Edge;rbs_motif=None;rbs_spacer=None;gc_cont=0.526
k141_2873828_1       -          ArsC                 PF03960.21   0.00035   28.2   0.0   0.00036   28.2   0.0   1.0   1   0   0   1   1   1   1 # 3 # 92 # 1 # ID=2800429_1;partial=10;start_type=Edge;rbs_motif=None;rbs_spacer=None;gc_cont=0.578
k141_1907846_2       -          ArsC                 PF03960.21   0.00036   28.2   0.0   0.00038   28.1   0.0   1.0   1   0   0   1   1   1   1 # 161 # 265 # -1 # ID=1834635_2;partial=00;start_type=ATG;rbs_motif=None;rbs_spacer=None;gc_cont=0.610
k141_2477729_1       -          ArsC                 PF03960.21   0.00038   28.1   0.0   0.00054   27.6   0.0   1.2   1   0   0   1   1   1   1 # 2 # 568 # 1 # ID=2404404_1;partial=10;start_type=Edge;rbs_motif=None;rbs_spacer=None;gc_cont=0.624
k141_1095433_2       -          ArsC                 PF03960.21   0.00039   28.1   0.0   0.00041   28.0   0.0   1.0   1   0   0   1   1   1   1 # 462 # 689 # 1 # ID=1094373_2;partial=01;start_type=ATG;rbs_motif=None;rbs_spacer=None;gc_cont=0.715
k141_2627452_1       -          ArsC                 PF03960.21   0.00073   27.2   0.0    0.0013   26.4   0.0   1.3   1   1   0   1   1   1   1 # 2 # 208 # 1 # ID=2554098_1;partial=10;start_type=Edge;rbs_motif=None;rbs_spacer=None;gc_cont=0.744
k141_176645_1        -          ArsC                 PF03960.21    0.0011   26.6   0.0    0.0013   26.4   0.0   1.1   1   0   0   1   1   1   1 # 270 # 497 # 1 # ID=176601_1;partial=01;start_type=ATG;rbs_motif=None;rbs_spacer=None;gc_cont=0.544
k141_2344430_2       -          ArsC                 PF03960.21    0.0013   26.4   0.0    0.0021   25.7   0.0   1.4   1   1   1   2   2   1   1 # 214 # 588 # -1 # ID=2271132_2;partial=00;start_type=ATG;rbs_motif=None;rbs_spacer=None;gc_cont=0.424
k141_1717173_2       -          ArsC                 PF03960.21    0.0017   26.0   0.0     0.002   25.8   0.0   1.1   1   0   0   1   1   1   1 # 112 # 504 # 1 # ID=1644013_2;partial=00;start_type=ATG;rbs_motif=None;rbs_spacer=None;gc_cont=0.705
k141_2296555_1       -          ArsC                 PF03960.21     0.002   25.8   0.0    0.0022   25.7   0.0   1.0   1   0   0   1   1   1   1 # 198 # 299 # -1 # ID=2223267_1;partial=01;start_type=Edge;rbs_motif=None;rbs_spacer=None;gc_cont=0.706
k141_1602011_2       -          ArsC                 PF03960.21    0.0025   25.5   0.0    0.0028   25.3   0.0   1.0   1   0   0   1   1   1   1 # 270 # 518 # 1 # ID=1528873_2;partial=01;start_type=ATG;rbs_motif=None;rbs_spacer=None;gc_cont=0.639
k141_1847603_2       -          ArsC                 PF03960.21    0.0026   25.5   0.0    0.0031   25.2   0.0   1.1   1   0   0   1   1   1   1 # 359 # 577 # 1 # ID=1774409_2;partial=01;start_type=ATG;rbs_motif=None;rbs_spacer=None;gc_cont=0.721
k141_1825912_2       -          ArsC                 PF03960.21    0.0029   25.3   0.0    0.0036   25.0   0.0   1.1   1   0   0   1   1   1   1 # 626 # 853 # -1 # ID=1752724_2;partial=01;start_type=Edge;rbs_motif=None;rbs_spacer=None;gc_cont=0.346
k141_2908230_2       -          ArsC                 PF03960.21    0.0031   25.2   0.0    0.0044   24.7   0.0   1.2   1   0   0   1   1   1   1 # 252 # 590 # 1 # ID=2834823_2;partial=00;start_type=ATG;rbs_motif=None;rbs_spacer=None;gc_cont=0.513
k141_1941274_2       -          ArsC                 PF03960.21    0.0042   24.8   0.0    0.0042   24.8   0.0   1.1   1   0   0   1   1   1   1 # 106 # 336 # 1 # ID=1868056_2;partial=01;start_type=GTG;rbs_motif=None;rbs_spacer=None;gc_cont=0.680
k141_2513358_2       -          ArsC                 PF03960.21    0.0044   24.7   0.0    0.0046   24.6   0.0   1.0   1   0   0   1   1   1   1 # 188 # 319 # -1 # ID=2440027_2;partial=01;start_type=Edge;rbs_motif=None;rbs_spacer=None;gc_cont=0.652
k141_218683_2        -          ArsC                 PF03960.21    0.0047   24.6   0.0    0.0047   24.6   0.0   1.1   1   0   0   1   1   1   1 # 585 # 749 # -1 # ID=218631_2;partial=01;start_type=Edge;rbs_motif=None;rbs_spacer=None;gc_cont=0.521
k141_880278_2        -          ArsC                 PF03960.21    0.0048   24.6   0.0    0.0051   24.5   0.0   1.0   1   0   0   1   1   1   1 # 931 # 1038 # -1 # ID=880052_2;partial=01;start_type=Edge;rbs_motif=None;rbs_spacer=None;gc_cont=0.685
k141_332514_2        -          ArsC                 PF03960.21    0.0054   24.4   0.0     0.006   24.3   0.0   1.1   1   0   0   1   1   1   1 # 491 # 721 # 1 # ID=332426_2;partial=01;start_type=ATG;rbs_motif=None;rbs_spacer=None;gc_cont=0.615
k141_2855513_2       -          ArsC                 PF03960.21    0.0091   23.7   0.0      0.01   23.6   0.0   1.1   1   0   0   1   1   1   1 # 155 # 439 # -1 # ID=2782118_2;partial=01;start_type=Edge;rbs_motif=None;rbs_spacer=None;gc_cont=0.593
k141_1378659_1       -          ArsC                 PF03960.21    0.0095   23.6   0.0     0.017   22.8   0.0   1.3   1   0   0   1   1   1   1 # 3 # 659 # 1 # ID=1344299_1;partial=10;start_type=Edge;rbs_motif=None;rbs_spacer=None;gc_cont=0.534
k141_224531_2        -          ArsC                 PF03960.21     0.011   23.4   0.1     0.013   23.2   0.1   1.1   1   0   0   1   1   1   0 # 442 # 690 # 1 # ID=224476_2;partial=00;start_type=GTG;rbs_motif=None;rbs_spacer=None;gc_cont=0.695
k141_707488_1        -          ArsC                 PF03960.21     0.014   23.1   0.0     0.014   23.1   0.0   1.0   1   0   0   1   1   1   0 # 1 # 96 # 1 # ID=707304_1;partial=10;start_type=Edge;rbs_motif=None;rbs_spacer=None;gc_cont=0.552
k141_1614876_1       -          ArsC                 PF03960.21     0.016   22.9   0.0     0.017   22.9   0.0   1.0   1   0   0   1   1   1   0 # 1 # 99 # 1 # ID=1541737_1;partial=10;start_type=Edge;rbs_motif=None;rbs_spacer=None;gc_cont=0.606
k141_1131325_2       -          ArsC                 PF03960.21     0.018   22.8   0.0     0.021   22.6   0.0   1.0   1   0   0   1   1   1   0 # 359 # 610 # 1 # ID=1128333_2;partial=01;start_type=ATG;rbs_motif=None;rbs_spacer=None;gc_cont=0.575
k141_786834_3        -          ArsC                 PF03960.21     0.023   22.4   0.0     0.041   21.6   0.0   1.4   1   1   0   1   1   1   0 # 460 # 699 # -1 # ID=786626_3;partial=01;start_type=Edge;rbs_motif=None;rbs_spacer=None;gc_cont=0.633
k141_900772_1        -          ArsC                 PF03960.21     0.031   22.0   0.0     0.032   22.0   0.0   1.0   1   0   0   1   1   1   0 # 1 # 90 # 1 # ID=900539_1;partial=10;start_type=Edge;rbs_motif=None;rbs_spacer=None;gc_cont=0.611
k141_165920_1        -          ArsC                 PF03960.21      0.04   21.7   0.0     0.044   21.5   0.0   1.0   1   0   0   1   1   1   0 # 1 # 186 # -1 # ID=165880_1;partial=10;start_type=ATG;rbs_motif=None;rbs_spacer=None;gc_cont=0.613
k141_2082176_1       -          ArsC                 PF03960.21     0.056   21.2   0.0     0.057   21.2   0.0   1.0   1   0   0   1   1   1   0 # 3 # 113 # 1 # ID=2008932_1;partial=10;start_type=Edge;rbs_motif=None;rbs_spacer=None;gc_cont=0.613
k141_1173215_1       -          ArsC                 PF03960.21      0.12   20.1   0.0      0.14   20.0   0.0   1.1   1   0   0   1   1   1   0 # 164 # 430 # 1 # ID=1167178_1;partial=00;start_type=GTG;rbs_motif=None;rbs_spacer=None;gc_cont=0.655
k141_1244705_1       -          ArsC                 PF03960.21      0.14   19.9   0.0      0.16   19.7   0.0   1.0   1   0   0   1   1   1   0 # 1 # 219 # 1 # ID=1232210_1;partial=10;start_type=Edge;rbs_motif=None;rbs_spacer=None;gc_cont=0.388
k141_2281063_4       -          ArsC                 PF03960.21      0.17   19.6   0.0      0.19   19.5   0.0   1.0   1   0   0   1   1   1   0 # 2398 # 2607 # 1 # ID=2207777_4;partial=01;start_type=ATG;rbs_motif=None;rbs_spacer=None;gc_cont=0.700
k141_1892821_1       -          ArsC                 PF03960.21      0.18   19.5   0.0      0.28   19.0   0.0   1.3   1   1   0   1   1   1   0 # 1 # 288 # 1 # ID=1819615_1;partial=10;start_type=Edge;rbs_motif=None;rbs_spacer=None;gc_cont=0.403
k141_2300515_1       -          ArsC                 PF03960.21      0.21   19.3   0.0      0.24   19.1   0.0   1.3   1   0   0   1   1   1   0 # 2 # 397 # 1 # ID=2227226_1;partial=10;start_type=Edge;rbs_motif=None;rbs_spacer=None;gc_cont=0.424
k141_1219782_1       -          ArsC                 PF03960.21      0.31   18.8   0.0      0.33   18.7   0.0   1.1   1   0   0   1   1   1   0 # 127 # 258 # 1 # ID=1209931_1;partial=00;start_type=ATG;rbs_motif=None;rbs_spacer=None;gc_cont=0.439
k141_131333_2        -          ArsC                 PF03960.21      0.45   18.3   0.1       1.2   16.9   0.1   1.7   1   1   0   1   1   1   0 # 202 # 657 # -1 # ID=131301_2;partial=01;start_type=Edge;rbs_motif=None;rbs_spacer=None;gc_cont=0.550
k141_2555897_1       -          ArsC                 PF03960.21      0.47   18.2   0.0      0.63   17.8   0.0   1.3   1   0   0   1   1   1   0 # 3 # 389 # 1 # ID=2482553_1;partial=11;start_type=Edge;rbs_motif=None;rbs_spacer=None;gc_cont=0.574
k141_1068249_1       -          ArsC                 PF03960.21      0.49   18.2   0.0        71   11.2   0.0   2.1   1   1   1   2   2   2   0 # 168 # 479 # 1 # ID=1067978_1;partial=00;start_type=GTG;rbs_motif=None;rbs_spacer=None;gc_cont=0.638
k141_537811_2        -          ArsC                 PF03960.21      0.62   17.8   0.0      0.72   17.6   0.0   1.0   1   0   0   1   1   1   0 # 180 # 386 # 1 # ID=537674_2;partial=00;start_type=ATG;rbs_motif=None;rbs_spacer=None;gc_cont=0.522
k141_1049152_1       -          ArsC                 PF03960.21      0.62   17.8   0.0      0.83   17.4   0.0   1.3   1   0   0   1   1   1   0 # 3 # 446 # -1 # ID=1048883_1;partial=11;start_type=Edge;rbs_motif=None;rbs_spacer=None;gc_cont=0.554
k141_1507376_1       -          ArsC                 PF03960.21      0.93   17.3   0.1       1.7   16.4   0.1   1.4   1   1   0   1   1   1   0 # 165 # 449 # 1 # ID=1434255_1;partial=00;start_type=TTG;rbs_motif=None;rbs_spacer=None;gc_cont=0.537
k141_2274215_1       -          ArsC                 PF03960.21         1   17.1   0.0       1.1   17.0   0.0   1.1   1   0   0   1   1   1   0 # 2 # 193 # -1 # ID=2200930_1;partial=10;start_type=ATG;rbs_motif=None;rbs_spacer=None;gc_cont=0.661
k141_1039536_1       -          ArsC                 PF03960.21       1.4   16.7   0.0       1.8   16.3   0.0   1.2   1   0   0   1   1   1   0 # 3 # 284 # -1 # ID=1039268_1;partial=10;start_type=ATG;rbs_motif=None;rbs_spacer=None;gc_cont=0.649
k141_1323971_2       -          ArsC                 PF03960.21       1.5   16.6   0.0         2   16.2   0.0   1.2   1   1   0   1   1   1   0 # 209 # 439 # 1 # ID=1300349_2;partial=01;start_type=ATG;rbs_motif=None;rbs_spacer=None;gc_cont=0.632
k141_2230299_3       -          ArsC                 PF03960.21       1.5   16.6   0.0       1.8   16.4   0.0   1.0   1   0   0   1   1   1   0 # 1535 # 1699 # -1 # ID=2157028_3;partial=01;start_type=Edge;rbs_motif=None;rbs_spacer=None;gc_cont=0.697
k141_1514269_2       -          ArsC                 PF03960.21       1.7   16.4   0.1       1.8   16.4   0.1   1.1   1   0   0   1   1   1   0 # 285 # 422 # 1 # ID=1441147_2;partial=01;start_type=ATG;rbs_motif=None;rbs_spacer=None;gc_cont=0.370
k141_691723_1        -          ArsC                 PF03960.21       1.9   16.3   0.0       2.4   15.9   0.0   1.1   1   0   0   1   1   1   0 # 1 # 255 # -1 # ID=691541_1;partial=10;start_type=ATG;rbs_motif=None;rbs_spacer=None;gc_cont=0.408
k141_2431905_1       -          ArsC                 PF03960.21       2.3   16.0   0.1        16   13.3   0.0   1.9   1   1   1   2   2   2   0 # 163 # 387 # -1 # ID=2358587_1;partial=01;start_type=Edge;rbs_motif=None;rbs_spacer=None;gc_cont=0.467
k141_1401921_1       -          ArsC                 PF03960.21       2.5   15.9   0.0       2.6   15.8   0.0   1.1   1   0   0   1   1   1   0 # 3 # 308 # -1 # ID=1361822_1;partial=10;start_type=ATG;rbs_motif=None;rbs_spacer=None;gc_cont=0.722
k141_1261822_1       -          ArsC                 PF03960.21       2.6   15.8   0.0       2.7   15.8   0.0   1.0   1   0   0   1   1   1   0 # 1 # 72 # 1 # ID=1247329_1;partial=10;start_type=Edge;rbs_motif=None;rbs_spacer=None;gc_cont=0.667
k141_1374906_2       -          ArsC                 PF03960.21       3.1   15.6   0.1       8.8   14.1   0.1   1.7   1   1   0   1   1   1   0 # 70 # 348 # -1 # ID=1341408_2;partial=00;start_type=GTG;rbs_motif=None;rbs_spacer=None;gc_cont=0.670
k141_970377_1        -          ArsC                 PF03960.21       3.4   15.5   0.0       3.6   15.4   0.0   1.1   1   0   0   1   1   1   0 # 2 # 97 # 1 # ID=970124_1;partial=10;start_type=Edge;rbs_motif=None;rbs_spacer=None;gc_cont=0.500
k141_1566473_2       -          ArsC                 PF03960.21       3.4   15.5   0.0   1.3e+02   10.4   0.0   2.1   1   1   1   2   2   2   0 # 876 # 1181 # -1 # ID=1493341_2;partial=00;start_type=ATG;rbs_motif=None;rbs_spacer=None;gc_cont=0.647
k141_439586_1        -          ArsC                 PF03960.21       3.6   15.4   0.0       4.8   15.0   0.0   1.3   1   0   0   1   1   1   0 # 3 # 299 # 1 # ID=439474_1;partial=11;start_type=Edge;rbs_motif=None;rbs_spacer=None;gc_cont=0.374
k141_2620972_1       -          ArsC                 PF03960.21       3.7   15.4   0.2       5.3   14.8   0.2   1.5   1   1   0   1   1   1   0 # 3 # 497 # 1 # ID=2547620_1;partial=10;start_type=Edge;rbs_motif=None;rbs_spacer=None;gc_cont=0.463
k141_2488199_1       -          ArsC                 PF03960.21       3.8   15.3   0.0       7.3   14.4   0.0   1.5   1   0   0   1   1   1   0 # 3 # 527 # -1 # ID=2414870_1;partial=11;start_type=Edge;rbs_motif=None;rbs_spacer=None;gc_cont=0.354
k141_2739336_1       -          ArsC                 PF03960.21       4.2   15.2   0.0        38   12.1   0.0   2.0   2   0   0   2   2   2   0 # 3 # 335 # -1 # ID=2665967_1;partial=10;start_type=ATG;rbs_motif=None;rbs_spacer=None;gc_cont=0.483
k141_1967364_1       -          ArsC                 PF03960.21       4.7   15.0   0.0       7.1   14.4   0.0   1.3   1   0   0   1   1   1   0 # 3 # 317 # 1 # ID=1894141_1;partial=10;start_type=Edge;rbs_motif=None;rbs_spacer=None;gc_cont=0.337
k141_2168048_1       -          ArsC                 PF03960.21         5   14.9   0.0         5   14.9   0.0   1.1   1   0   0   1   1   1   0 # 3 # 155 # -1 # ID=2094787_1;partial=10;start_type=ATG;rbs_motif=None;rbs_spacer=None;gc_cont=0.627
k141_1292591_1       -          ArsC                 PF03960.21       5.2   14.9   0.6   7.7e+03    4.7   0.0   3.0   1   1   2   3   3   3   0 # 1 # 207 # 1 # ID=1273930_1;partial=11;start_type=Edge;rbs_motif=None;rbs_spacer=None;gc_cont=0.527
k141_2823507_3       -          ArsC                 PF03960.21       5.4   14.8   0.9   1.2e+03    7.3   0.1   2.2   1   1   1   2   2   2   0 # 623 # 952 # -1 # ID=2750121_3;partial=01;start_type=Edge;rbs_motif=None;rbs_spacer=None;gc_cont=0.552
k141_214587_1        -          ArsC                 PF03960.21       5.9   14.7   0.2        31   12.4   0.1   2.0   1   1   1   2   2   1   0 # 1 # 546 # 1 # ID=214536_1;partial=11;start_type=Edge;rbs_motif=None;rbs_spacer=None;gc_cont=0.357
k141_711333_1        -          ArsC                 PF03960.21         6   14.7   0.0       6.9   14.5   0.0   1.2   1   0   0   1   1   1   0 # 2 # 295 # -1 # ID=711149_1;partial=10;start_type=ATG;rbs_motif=None;rbs_spacer=None;gc_cont=0.633
k141_10043_1         -          ArsC                 PF03960.21       8.1   14.3   0.0        10   13.9   0.0   1.3   1   1   0   1   1   1   0 # 3 # 278 # -1 # ID=10038_1;partial=10;start_type=ATG;rbs_motif=None;rbs_spacer=None;gc_cont=0.435
k141_2052931_2       -          ArsC                 PF03960.21       8.4   14.2   0.0       8.4   14.2   0.0   1.0   1   0   0   1   1   1   0 # 327 # 404 # -1 # ID=1979691_2;partial=01;start_type=Edge;rbs_motif=None;rbs_spacer=None;gc_cont=0.667
k141_391384_1        -          ArsC                 PF03960.21       8.6   14.2   0.5        80   11.1   0.5   2.1   1   1   0   1   1   1   0 # 2 # 307 # 1 # ID=391285_1;partial=10;start_type=Edge;rbs_motif=None;rbs_spacer=None;gc_cont=0.507
k141_2688572_2       -          ArsC                 PF03960.21       8.7   14.2   0.4        12   13.7   0.4   1.2   1   0   0   1   1   1   0 # 238 # 534 # 1 # ID=2615208_2;partial=01;start_type=ATG;rbs_motif=None;rbs_spacer=None;gc_cont=0.505
k141_676490_1        -          ArsC                 PF03960.21       8.8   14.1   0.0        14   13.5   0.0   1.3   1   0   0   1   1   1   0 # 191 # 616 # 1 # ID=676313_1;partial=01;start_type=ATG;rbs_motif=None;rbs_spacer=None;gc_cont=0.401
#
# Program:         hmmsearch
# Version:         3.2.1 (June 2018)
# Pipeline mode:   SEARCH
# Query file:      hmmdb/arsGenes/ArsC-PF03960.hmm
# Target file:     JNS12_tmp/JNS12_proteins.faa
# Option settings: hmmsearch -o JNS12_tmp/JNS12_arsC.txt --tblout JNS12_outputs/JNS12_arsC_hmmer.out hmmdb/arsGenes/ArsC-PF03960.hmm JNS12_tmp/JNS12_proteins.faa 
# Current dir:     /home/dell/ncbi/AsSb-cso
# Date:            Sat Mar 15 17:17:43 2025
# [ok]
