#                                                               --- full sequence ---- --- best 1 domain ---- --- domain number estimation ----
# target name        accession  query name           accession    E-value  score  bias   E-value  score  bias   exp reg clu  ov env dom rep inc description of target
#------------------- ---------- -------------------- ---------- --------- ------ ----- --------- ------ -----   --- --- --- --- --- --- --- --- ---------------------
k141_1606107_2       -          ArsP_2               PF11449.14  1.3e-100  344.6  23.8  2.2e-100  343.9  23.8   1.4   1   1   0   1   1   1   1 # 546 # 1688 # 1 # ID=1532969_2;partial=00;start_type=ATG;rbs_motif=None;rbs_spacer=None;gc_cont=0.714
k141_746741_2        -          ArsP_2               PF11449.14   1.2e-32  121.1   9.4   5.4e-18   72.9   0.9   2.0   1   1   1   2   2   2   2 # 237 # 962 # -1 # ID=746544_2;partial=01;start_type=Edge;rbs_motif=None;rbs_spacer=None;gc_cont=0.357
k141_2789356_1       -          ArsP_2               PF11449.14   1.1e-24   94.8   7.7   8.3e-15   62.4   0.1   2.0   1   1   1   2   2   2   2 # 3 # 869 # 1 # ID=2715976_1;partial=10;start_type=Edge;rbs_motif=None;rbs_spacer=None;gc_cont=0.388
k141_2518171_1       -          ArsP_2               PF11449.14   2.5e-24   93.7   3.8   2.2e-16   67.6   0.1   2.0   1   1   1   2   2   2   2 # 3 # 725 # -1 # ID=2444839_1;partial=11;start_type=Edge;rbs_motif=None;rbs_spacer=None;gc_cont=0.391
k141_2894542_1       -          ArsP_2               PF11449.14   9.4e-24   91.8  11.1   1.8e-15   64.6   1.4   2.0   1   1   1   2   2   2   2 # 184 # 1062 # 1 # ID=2821140_1;partial=00;start_type=ATG;rbs_motif=None;rbs_spacer=None;gc_cont=0.344
k141_2284596_2       -          ArsP_2               PF11449.14   1.7e-19   77.8   8.3     1e-15   65.4   1.8   2.0   1   1   1   2   2   2   2 # 679 # 1497 # 1 # ID=2211309_2;partial=01;start_type=ATG;rbs_motif=None;rbs_spacer=None;gc_cont=0.348
k141_785948_1        -          ArsP_2               PF11449.14   4.4e-16   66.6   8.9   2.3e-15   64.2   8.2   1.8   1   1   0   1   1   1   1 # 1 # 306 # -1 # ID=785741_1;partial=10;start_type=ATG;rbs_motif=None;rbs_spacer=None;gc_cont=0.497
k141_1073426_1       -          ArsP_2               PF11449.14   1.3e-15   65.1  12.0   4.7e-14   59.9  12.0   2.0   1   1   0   1   1   1   1 # 3 # 725 # 1 # ID=1073153_1;partial=10;start_type=Edge;rbs_motif=None;rbs_spacer=None;gc_cont=0.320
k141_818288_1        -          ArsP_2               PF11449.14   6.8e-15   62.7   0.4   6.8e-15   62.7   0.4   1.0   1   0   0   1   1   1   1 # 3 # 365 # -1 # ID=818075_1;partial=11;start_type=Edge;rbs_motif=None;rbs_spacer=None;gc_cont=0.628
k141_2739067_1       -          ArsP_2               PF11449.14   1.7e-14   61.4   6.4   2.2e-14   61.0   6.4   1.1   1   0   0   1   1   1   1 # 1 # 399 # 1 # ID=2665698_1;partial=11;start_type=Edge;rbs_motif=None;rbs_spacer=None;gc_cont=0.561
k141_1740443_1       -          ArsP_2               PF11449.14   1.8e-13   58.0   2.2   2.5e-13   57.5   2.2   1.2   1   0   0   1   1   1   1 # 1 # 423 # 1 # ID=1667275_1;partial=11;start_type=Edge;rbs_motif=None;rbs_spacer=None;gc_cont=0.676
k141_1189412_1       -          ArsP_2               PF11449.14   6.2e-13   56.2   8.9     1e-12   55.5   8.9   1.5   1   1   0   1   1   1   1 # 3 # 572 # -1 # ID=1182245_1;partial=11;start_type=Edge;rbs_motif=None;rbs_spacer=None;gc_cont=0.704
k141_6076_1          -          ArsP_2               PF11449.14   8.8e-13   55.7   4.7   1.1e-12   55.4   4.7   1.2   1   0   0   1   1   1   1 # 3 # 533 # -1 # ID=6074_1;partial=10;start_type=GTG;rbs_motif=None;rbs_spacer=None;gc_cont=0.693
k141_1085324_1       -          ArsP_2               PF11449.14     5e-12   53.2   0.1   6.4e-12   52.9   0.1   1.2   1   0   0   1   1   1   1 # 61 # 519 # -1 # ID=1084736_1;partial=01;start_type=Edge;rbs_motif=None;rbs_spacer=None;gc_cont=0.702
k141_1097471_1       -          ArsP_2               PF11449.14   7.5e-11   49.4   0.4   1.2e-10   48.7   0.4   1.6   1   1   0   1   1   1   1 # 1 # 699 # 1 # ID=1096312_1;partial=11;start_type=Edge;rbs_motif=None;rbs_spacer=None;gc_cont=0.707
k141_19633_1         -          ArsP_2               PF11449.14   1.4e-10   48.5   0.5   1.9e-10   48.0   0.2   1.3   1   1   0   1   1   1   1 # 1 # 498 # 1 # ID=19627_1;partial=10;start_type=Edge;rbs_motif=None;rbs_spacer=None;gc_cont=0.695
k141_707540_1        -          ArsP_2               PF11449.14   8.1e-10   46.0   0.4   9.3e-10   45.8   0.4   1.0   1   0   0   1   1   1   1 # 1 # 417 # -1 # ID=707356_1;partial=10;start_type=GTG;rbs_motif=None;rbs_spacer=None;gc_cont=0.722
k141_1415824_1       -          ArsP_2               PF11449.14   4.3e-09   43.6   5.1   5.3e-09   43.3   5.1   1.2   1   0   0   1   1   1   1 # 2 # 226 # 1 # ID=1372087_1;partial=10;start_type=Edge;rbs_motif=None;rbs_spacer=None;gc_cont=0.453
k141_1072385_1       -          ArsP_2               PF11449.14   9.3e-09   42.5   1.2   3.2e-08   40.7   1.0   1.7   1   1   0   1   1   1   1 # 2 # 295 # 1 # ID=1072112_1;partial=10;start_type=Edge;rbs_motif=None;rbs_spacer=None;gc_cont=0.687
k141_263167_1        -          ArsP_2               PF11449.14   2.7e-08   40.9   4.8   1.4e-05   32.0   4.1   2.0   1   1   1   2   2   2   2 # 2 # 538 # 1 # ID=263100_1;partial=11;start_type=Edge;rbs_motif=None;rbs_spacer=None;gc_cont=0.322
k141_2267181_2       -          ArsP_2               PF11449.14   3.3e-08   40.7   2.8   3.5e-08   40.6   2.8   1.0   1   0   0   1   1   1   1 # 365 # 502 # -1 # ID=2193898_2;partial=01;start_type=Edge;rbs_motif=None;rbs_spacer=None;gc_cont=0.507
k141_1633232_1       -          ArsP_2               PF11449.14   0.00011   29.1   0.5   0.00011   29.1   0.5   1.0   1   0   0   1   1   1   1 # 1 # 252 # -1 # ID=1560088_1;partial=10;start_type=ATG;rbs_motif=None;rbs_spacer=None;gc_cont=0.357
k141_472301_1        -          ArsP_2               PF11449.14   0.00039   27.3   0.4   0.00039   27.3   0.4   1.1   1   0   0   1   1   1   1 # 2 # 235 # -1 # ID=472181_1;partial=10;start_type=ATG;rbs_motif=None;rbs_spacer=None;gc_cont=0.628
k141_775926_1        -          ArsP_2               PF11449.14    0.0022   24.8  10.9    0.0039   24.0  10.9   1.3   1   1   0   1   1   1   1 # 2 # 541 # 1 # ID=775723_1;partial=10;start_type=Edge;rbs_motif=None;rbs_spacer=None;gc_cont=0.715
k141_294753_1        -          ArsP_2               PF11449.14    0.0025   24.6   0.0    0.0026   24.5   0.0   1.0   1   0   0   1   1   1   1 # 1 # 303 # 1 # ID=294673_1;partial=11;start_type=Edge;rbs_motif=None;rbs_spacer=None;gc_cont=0.383
k141_2347817_1       -          ArsP_2               PF11449.14     0.011   22.6   0.1     0.014   22.1   0.1   1.1   1   0   0   1   1   1   0 # 3 # 365 # 1 # ID=2274519_1;partial=10;start_type=Edge;rbs_motif=None;rbs_spacer=None;gc_cont=0.683
k141_2914166_2       -          ArsP_2               PF11449.14     0.013   22.3  10.6     0.014   22.2  10.6   1.0   1   0   0   1   1   1   0 # 193 # 447 # -1 # ID=2840754_2;partial=01;start_type=Edge;rbs_motif=None;rbs_spacer=None;gc_cont=0.725
k141_167341_1        -          ArsP_2               PF11449.14      0.49   17.1   0.0      0.66   16.7   0.0   1.1   1   0   0   1   1   1   0 # 1 # 510 # 1 # ID=167301_1;partial=11;start_type=Edge;rbs_motif=None;rbs_spacer=None;gc_cont=0.622
k141_1658483_1       -          ArsP_2               PF11449.14      0.54   16.9   1.1      0.69   16.6   1.1   1.1   1   0   0   1   1   1   0 # 185 # 649 # 1 # ID=1585337_1;partial=01;start_type=ATG;rbs_motif=None;rbs_spacer=None;gc_cont=0.426
k141_598211_1        -          ArsP_2               PF11449.14      0.63   16.7   0.3      0.73   16.5   0.3   1.1   1   0   0   1   1   1   0 # 2 # 355 # 1 # ID=598056_1;partial=10;start_type=Edge;rbs_motif=None;rbs_spacer=None;gc_cont=0.489
k141_2050926_2       -          ArsP_2               PF11449.14      0.64   16.7   0.8      0.73   16.5   0.8   1.1   1   0   0   1   1   1   0 # 404 # 754 # -1 # ID=1977686_2;partial=01;start_type=Edge;rbs_motif=None;rbs_spacer=None;gc_cont=0.402
k141_1756571_2       -          ArsP_2               PF11449.14      0.73   16.5   0.6      0.99   16.1   0.6   1.2   1   0   0   1   1   1   0 # 783 # 1154 # 1 # ID=1683402_2;partial=00;start_type=ATG;rbs_motif=None;rbs_spacer=None;gc_cont=0.629
k141_614449_1        -          ArsP_2               PF11449.14      0.79   16.4   1.1      0.96   16.1   1.1   1.2   1   0   0   1   1   1   0 # 1 # 657 # 1 # ID=614290_1;partial=11;start_type=Edge;rbs_motif=None;rbs_spacer=None;gc_cont=0.659
k141_2384296_1       -          ArsP_2               PF11449.14      0.88   16.2   0.3      0.94   16.2   0.3   1.1   1   0   0   1   1   1   0 # 2 # 382 # -1 # ID=2310990_1;partial=11;start_type=Edge;rbs_motif=None;rbs_spacer=None;gc_cont=0.709
k141_143033_2        -          ArsP_2               PF11449.14       1.1   16.0   0.1       1.4   15.6   0.1   1.1   1   0   0   1   1   1   0 # 702 # 1256 # 1 # ID=142998_2;partial=00;start_type=ATG;rbs_motif=None;rbs_spacer=None;gc_cont=0.532
k141_961321_1        -          ArsP_2               PF11449.14       1.5   15.5   0.0       1.5   15.5   0.0   1.1   1   0   0   1   1   1   0 # 1 # 351 # -1 # ID=961070_1;partial=11;start_type=Edge;rbs_motif=None;rbs_spacer=None;gc_cont=0.484
k141_99674_1         -          ArsP_2               PF11449.14       1.8   15.2   0.1       2.6   14.7   0.1   1.2   1   0   0   1   1   1   0 # 190 # 1194 # -1 # ID=99652_1;partial=01;start_type=Edge;rbs_motif=None;rbs_spacer=None;gc_cont=0.364
k141_120557_1        -          ArsP_2               PF11449.14       2.1   15.0   0.6       2.6   14.7   0.6   1.1   1   0   0   1   1   1   0 # 3 # 383 # -1 # ID=120529_1;partial=11;start_type=Edge;rbs_motif=None;rbs_spacer=None;gc_cont=0.549
k141_659548_1        -          ArsP_2               PF11449.14       2.9   14.6   1.2       3.6   14.3   1.2   1.1   1   0   0   1   1   1   0 # 3 # 584 # 1 # ID=659378_1;partial=11;start_type=Edge;rbs_motif=None;rbs_spacer=None;gc_cont=0.414
k141_94649_2         -          ArsP_2               PF11449.14       3.8   14.2   0.1       5.8   13.5   0.1   1.3   1   0   0   1   1   1   0 # 815 # 1972 # -1 # ID=94628_2;partial=01;start_type=Edge;rbs_motif=None;rbs_spacer=None;gc_cont=0.361
k141_2304157_1       -          ArsP_2               PF11449.14       4.4   13.9   0.0         5   13.8   0.0   1.3   1   0   0   1   1   1   0 # 3 # 545 # -1 # ID=2230868_1;partial=11;start_type=Edge;rbs_motif=None;rbs_spacer=None;gc_cont=0.637
k141_1593095_1       -          ArsP_2               PF11449.14       4.5   13.9   0.8       4.5   13.9   0.8   1.0   1   0   0   1   1   1   0 # 3 # 143 # -1 # ID=1519960_1;partial=10;start_type=ATG;rbs_motif=None;rbs_spacer=None;gc_cont=0.730
k141_1060450_1       -          ArsP_2               PF11449.14       4.8   13.8   0.5       4.8   13.8   0.5   1.0   1   0   0   1   1   1   0 # 1 # 78 # -1 # ID=1060179_1;partial=10;start_type=ATG;rbs_motif=None;rbs_spacer=None;gc_cont=0.333
k141_384814_3        -          ArsP_2               PF11449.14       5.1   13.7   0.3       6.8   13.3   0.3   1.1   1   0   0   1   1   1   0 # 3036 # 3560 # 1 # ID=384716_3;partial=00;start_type=ATG;rbs_motif=None;rbs_spacer=None;gc_cont=0.611
k141_39468_1         -          ArsP_2               PF11449.14       5.7   13.6   1.0       5.9   13.5   1.0   1.1   1   0   0   1   1   1   0 # 1 # 336 # 1 # ID=39457_1;partial=11;start_type=Edge;rbs_motif=None;rbs_spacer=None;gc_cont=0.637
k141_1787500_2       -          ArsP_2               PF11449.14         6   13.5   1.4       6.6   13.4   1.4   1.0   1   0   0   1   1   1   0 # 270 # 401 # 1 # ID=1714327_2;partial=01;start_type=ATG;rbs_motif=None;rbs_spacer=None;gc_cont=0.614
k141_1985142_1       -          ArsP_2               PF11449.14       6.3   13.4   2.6       8.2   13.1   2.6   1.2   1   0   0   1   1   1   0 # 1 # 324 # 1 # ID=1911915_1;partial=11;start_type=Edge;rbs_motif=None;rbs_spacer=None;gc_cont=0.698
k141_182277_1        -          ArsP_2               PF11449.14       6.9   13.3   0.3       6.9   13.3   0.3   1.1   1   0   0   1   1   1   0 # 2 # 190 # -1 # ID=182232_1;partial=10;start_type=ATG;rbs_motif=None;rbs_spacer=None;gc_cont=0.709
k141_2139399_1       -          ArsP_2               PF11449.14       8.1   13.1   3.8   1.4e+02    9.0   0.0   2.0   1   1   1   2   2   2   0 # 1 # 369 # 1 # ID=2066143_1;partial=10;start_type=Edge;rbs_motif=None;rbs_spacer=None;gc_cont=0.542
k141_1815901_1       -          ArsP_2               PF11449.14       8.5   13.0   0.5       9.1   12.9   0.5   1.0   1   0   0   1   1   1   0 # 2 # 232 # -1 # ID=1742719_1;partial=10;start_type=ATG;rbs_motif=None;rbs_spacer=None;gc_cont=0.537
k141_2129254_1       -          ArsP_2               PF11449.14       9.6   12.8   0.4        13   12.4   0.4   1.1   1   0   0   1   1   1   0 # 2 # 550 # 1 # ID=2055999_1;partial=11;start_type=Edge;rbs_motif=None;rbs_spacer=None;gc_cont=0.638
k141_1756771_1       -          ArsP_2               PF11449.14       9.7   12.8   0.0        11   12.6   0.0   1.0   1   0   0   1   1   1   0 # 1 # 303 # 1 # ID=1683602_1;partial=11;start_type=Edge;rbs_motif=None;rbs_spacer=None;gc_cont=0.455
k141_2476922_1       -          ArsP_2               PF11449.14        10   12.8   0.3        11   12.6   0.3   1.0   1   0   0   1   1   1   0 # 217 # 564 # 1 # ID=2403597_1;partial=01;start_type=ATG;rbs_motif=None;rbs_spacer=None;gc_cont=0.629
#
# Program:         hmmsearch
# Version:         3.2.1 (June 2018)
# Pipeline mode:   SEARCH
# Query file:      hmmdb/arsGenes/ArsP-PF11449.hmm
# Target file:     JNS12_tmp/JNS12_proteins.faa
# Option settings: hmmsearch -o JNS12_tmp/JNS12_arsP.txt --tblout JNS12_outputs/JNS12_arsP_hmmer.out hmmdb/arsGenes/ArsP-PF11449.hmm JNS12_tmp/JNS12_proteins.faa 
# Current dir:     /home/dell/ncbi/AsSb-cso
# Date:            Sat Mar 15 17:18:07 2025
# [ok]
